{"/mnt/d/project/trunk/jjj/rmi/src/test/js/GenerateJSON.js":{"path":"/mnt/d/project/trunk/jjj/rmi/src/test/js/GenerateJSON.js","statementMap":{"0":{"start":{"line":3,"column":11},"end":{"line":3,"column":24}},"1":{"start":{"line":4,"column":17},"end":{"line":4,"column":32}},"2":{"start":{"line":5,"column":15},"end":{"line":5,"column":30}},"3":{"start":{"line":6,"column":19},"end":{"line":6,"column":65}},"4":{"start":{"line":7,"column":20},"end":{"line":7,"column":56}},"5":{"start":{"line":10,"column":18},"end":{"line":10,"column":27}},"6":{"start":{"line":11,"column":4},"end":{"line":15,"column":5}},"7":{"start":{"line":12,"column":19},"end":{"line":12,"column":39}},"8":{"start":{"line":13,"column":8},"end":{"line":13,"column":44}},"9":{"start":{"line":13,"column":28},"end":{"line":13,"column":42}},"10":{"start":{"line":14,"column":8},"end":{"line":14,"column":42}},"11":{"start":{"line":16,"column":4},"end":{"line":16,"column":19}},"12":{"start":{"line":21,"column":8},"end":{"line":21,"column":23}},"13":{"start":{"line":24,"column":22},"end":{"line":24,"column":45}},"14":{"start":{"line":25,"column":8},"end":{"line":29,"column":9}},"15":{"start":{"line":26,"column":12},"end":{"line":26,"column":58}},"16":{"start":{"line":26,"column":49},"end":{"line":26,"column":58}},"17":{"start":{"line":27,"column":20},"end":{"line":27,"column":34}},"18":{"start":{"line":28,"column":12},"end":{"line":28,"column":54}},"19":{"start":{"line":28,"column":19},"end":{"line":28,"column":54}},"20":{"start":{"line":32,"column":16},"end":{"line":32,"column":30}},"21":{"start":{"line":33,"column":8},"end":{"line":33,"column":50}},"22":{"start":{"line":33,"column":15},"end":{"line":33,"column":50}},"23":{"start":{"line":37,"column":25},"end":{"line":37,"column":41}},"24":{"start":{"line":38,"column":8},"end":{"line":38,"column":64}},"25":{"start":{"line":42,"column":25},"end":{"line":42,"column":41}},"26":{"start":{"line":43,"column":18},"end":{"line":43,"column":43}},"27":{"start":{"line":45,"column":8},"end":{"line":45,"column":63}},"28":{"start":{"line":46,"column":8},"end":{"line":46,"column":62}},"29":{"start":{"line":47,"column":8},"end":{"line":47,"column":85}},"30":{"start":{"line":49,"column":8},"end":{"line":49,"column":20}},"31":{"start":{"line":53,"column":25},"end":{"line":53,"column":41}},"32":{"start":{"line":54,"column":20},"end":{"line":54,"column":29}},"33":{"start":{"line":55,"column":8},"end":{"line":55,"column":61}},"34":{"start":{"line":59,"column":25},"end":{"line":59,"column":41}},"35":{"start":{"line":60,"column":20},"end":{"line":60,"column":22}},"36":{"start":{"line":61,"column":8},"end":{"line":61,"column":61}},"37":{"start":{"line":65,"column":25},"end":{"line":65,"column":41}},"38":{"start":{"line":66,"column":8},"end":{"line":66,"column":60}},"39":{"start":{"line":70,"column":25},"end":{"line":70,"column":41}},"40":{"start":{"line":71,"column":8},"end":{"line":71,"column":73}},"41":{"start":{"line":75,"column":25},"end":{"line":75,"column":41}},"42":{"start":{"line":76,"column":8},"end":{"line":76,"column":59}},"43":{"start":{"line":80,"column":25},"end":{"line":80,"column":41}},"44":{"start":{"line":81,"column":8},"end":{"line":81,"column":57}},"45":{"start":{"line":85,"column":25},"end":{"line":85,"column":41}},"46":{"start":{"line":86,"column":8},"end":{"line":86,"column":64}},"47":{"start":{"line":90,"column":25},"end":{"line":90,"column":41}},"48":{"start":{"line":91,"column":8},"end":{"line":91,"column":64}},"49":{"start":{"line":95,"column":19},"end":{"line":95,"column":37}},"50":{"start":{"line":97,"column":0},"end":{"line":98,"column":24}},"51":{"start":{"line":97,"column":12},"end":{"line":97,"column":39}},"52":{"start":{"line":98,"column":5},"end":{"line":98,"column":24}},"53":{"start":{"line":100,"column":0},"end":{"line":100,"column":71}}},"fnMap":{"0":{"name":"getAllMethodNames","decl":{"start":{"line":9,"column":9},"end":{"line":9,"column":26}},"loc":{"start":{"line":9,"column":32},"end":{"line":17,"column":1}},"line":9},"1":{"name":"(anonymous_1)","decl":{"start":{"line":13,"column":21},"end":{"line":13,"column":22}},"loc":{"start":{"line":13,"column":28},"end":{"line":13,"column":42}},"line":13},"2":{"name":"(anonymous_2)","decl":{"start":{"line":20,"column":4},"end":{"line":20,"column":5}},"loc":{"start":{"line":20,"column":18},"end":{"line":22,"column":5}},"line":20},"3":{"name":"(anonymous_3)","decl":{"start":{"line":23,"column":4},"end":{"line":23,"column":5}},"loc":{"start":{"line":23,"column":10},"end":{"line":30,"column":5}},"line":23},"4":{"name":"(anonymous_4)","decl":{"start":{"line":31,"column":4},"end":{"line":31,"column":5}},"loc":{"start":{"line":31,"column":17},"end":{"line":34,"column":5}},"line":31},"5":{"name":"(anonymous_5)","decl":{"start":{"line":36,"column":4},"end":{"line":36,"column":5}},"loc":{"start":{"line":36,"column":23},"end":{"line":39,"column":5}},"line":36},"6":{"name":"(anonymous_6)","decl":{"start":{"line":41,"column":4},"end":{"line":41,"column":5}},"loc":{"start":{"line":41,"column":30},"end":{"line":50,"column":5}},"line":41},"7":{"name":"(anonymous_7)","decl":{"start":{"line":52,"column":4},"end":{"line":52,"column":5}},"loc":{"start":{"line":52,"column":28},"end":{"line":56,"column":5}},"line":52},"8":{"name":"(anonymous_8)","decl":{"start":{"line":58,"column":4},"end":{"line":58,"column":5}},"loc":{"start":{"line":58,"column":25},"end":{"line":62,"column":5}},"line":58},"9":{"name":"(anonymous_9)","decl":{"start":{"line":64,"column":4},"end":{"line":64,"column":5}},"loc":{"start":{"line":64,"column":22},"end":{"line":67,"column":5}},"line":64},"10":{"name":"(anonymous_10)","decl":{"start":{"line":69,"column":4},"end":{"line":69,"column":5}},"loc":{"start":{"line":69,"column":33},"end":{"line":72,"column":5}},"line":69},"11":{"name":"(anonymous_11)","decl":{"start":{"line":74,"column":4},"end":{"line":74,"column":5}},"loc":{"start":{"line":74,"column":21},"end":{"line":77,"column":5}},"line":74},"12":{"name":"(anonymous_12)","decl":{"start":{"line":79,"column":4},"end":{"line":79,"column":5}},"loc":{"start":{"line":79,"column":19},"end":{"line":82,"column":5}},"line":79},"13":{"name":"(anonymous_13)","decl":{"start":{"line":84,"column":4},"end":{"line":84,"column":5}},"loc":{"start":{"line":84,"column":25},"end":{"line":87,"column":5}},"line":84},"14":{"name":"(anonymous_14)","decl":{"start":{"line":89,"column":4},"end":{"line":89,"column":5}},"loc":{"start":{"line":89,"column":27},"end":{"line":92,"column":5}},"line":89}},"branchMap":{"0":{"loc":{"start":{"line":26,"column":12},"end":{"line":26,"column":58}},"type":"if","locations":[{"start":{"line":26,"column":12},"end":{"line":26,"column":58}},{"start":{"line":26,"column":12},"end":{"line":26,"column":58}}],"line":26},"1":{"loc":{"start":{"line":28,"column":12},"end":{"line":28,"column":54}},"type":"if","locations":[{"start":{"line":28,"column":12},"end":{"line":28,"column":54}},{"start":{"line":28,"column":12},"end":{"line":28,"column":54}}],"line":28},"2":{"loc":{"start":{"line":33,"column":8},"end":{"line":33,"column":50}},"type":"if","locations":[{"start":{"line":33,"column":8},"end":{"line":33,"column":50}},{"start":{"line":33,"column":8},"end":{"line":33,"column":50}}],"line":33},"3":{"loc":{"start":{"line":97,"column":0},"end":{"line":98,"column":24}},"type":"if","locations":[{"start":{"line":97,"column":0},"end":{"line":98,"column":24}},{"start":{"line":97,"column":0},"end":{"line":98,"column":24}}],"line":97}},"s":{"0":1,"1":1,"2":1,"3":1,"4":1,"5":1,"6":1,"7":3,"8":3,"9":26,"10":3,"11":1,"12":1,"13":1,"14":1,"15":25,"16":15,"17":10,"18":10,"19":9,"20":0,"21":0,"22":0,"23":1,"24":1,"25":1,"26":1,"27":1,"28":1,"29":1,"30":1,"31":1,"32":1,"33":1,"34":1,"35":1,"36":1,"37":1,"38":1,"39":1,"40":1,"41":1,"42":1,"43":1,"44":1,"45":1,"46":1,"47":1,"48":1,"49":1,"50":1,"51":0,"52":1,"53":1},"f":{"0":1,"1":26,"2":1,"3":1,"4":0,"5":1,"6":1,"7":1,"8":1,"9":1,"10":1,"11":1,"12":1,"13":1,"14":1},"b":{"0":[15,10],"1":[9,1],"2":[0,0],"3":[0,1]},"_coverageSchema":"1a1c01bbd47fc00a2c39e90264f33305004495a9","hash":"40285a4746b3f62d08235bc4e2f5fd9f33dfa9f2"},"/mnt/d/project/trunk/jjj/rmi/src/main/js/translator/Translator.js":{"path":"/mnt/d/project/trunk/jjj/rmi/src/main/js/translator/Translator.js","statementMap":{"0":{"start":{"line":2,"column":25},"end":{"line":2,"column":54}},"1":{"start":{"line":3,"column":22},"end":{"line":3,"column":48}},"2":{"start":{"line":4,"column":14},"end":{"line":4,"column":32}},"3":{"start":{"line":8,"column":8},"end":{"line":8,"column":34}},"4":{"start":{"line":9,"column":8},"end":{"line":9,"column":34}},"5":{"start":{"line":10,"column":8},"end":{"line":10,"column":34}},"6":{"start":{"line":11,"column":8},"end":{"line":11,"column":37}},"7":{"start":{"line":12,"column":8},"end":{"line":12,"column":33}},"8":{"start":{"line":13,"column":8},"end":{"line":13,"column":25}},"9":{"start":{"line":14,"column":8},"end":{"line":14,"column":49}},"10":{"start":{"line":17,"column":8},"end":{"line":17,"column":38}},"11":{"start":{"line":20,"column":8},"end":{"line":20,"column":38}},"12":{"start":{"line":23,"column":8},"end":{"line":23,"column":46}},"13":{"start":{"line":26,"column":8},"end":{"line":26,"column":46}},"14":{"start":{"line":27,"column":8},"end":{"line":27,"column":44}},"15":{"start":{"line":30,"column":18},"end":{"line":30,"column":62}},"16":{"start":{"line":31,"column":8},"end":{"line":31,"column":39}},"17":{"start":{"line":32,"column":8},"end":{"line":32,"column":19}},"18":{"start":{"line":35,"column":8},"end":{"line":35,"column":37}},"19":{"start":{"line":36,"column":8},"end":{"line":36,"column":33}},"20":{"start":{"line":39,"column":8},"end":{"line":41,"column":9}},"21":{"start":{"line":40,"column":12},"end":{"line":40,"column":44}},"22":{"start":{"line":42,"column":8},"end":{"line":42,"column":33}},"23":{"start":{"line":45,"column":8},"end":{"line":45,"column":67}},"24":{"start":{"line":48,"column":8},"end":{"line":48,"column":67}},"25":{"start":{"line":51,"column":33},"end":{"line":51,"column":35}},"26":{"start":{"line":52,"column":8},"end":{"line":52,"column":74}},"27":{"start":{"line":52,"column":47},"end":{"line":52,"column":74}},"28":{"start":{"line":53,"column":8},"end":{"line":53,"column":34}},"29":{"start":{"line":56,"column":8},"end":{"line":56,"column":45}},"30":{"start":{"line":59,"column":8},"end":{"line":59,"column":123}},"31":{"start":{"line":59,"column":52},"end":{"line":59,"column":123}},"32":{"start":{"line":60,"column":8},"end":{"line":60,"column":45}},"33":{"start":{"line":63,"column":8},"end":{"line":63,"column":53}},"34":{"start":{"line":66,"column":8},"end":{"line":66,"column":52}},"35":{"start":{"line":69,"column":8},"end":{"line":71,"column":9}},"36":{"start":{"line":70,"column":12},"end":{"line":70,"column":42}},"37":{"start":{"line":74,"column":8},"end":{"line":76,"column":9}},"38":{"start":{"line":75,"column":12},"end":{"line":75,"column":42}},"39":{"start":{"line":79,"column":8},"end":{"line":79,"column":61}},"40":{"start":{"line":79,"column":48},"end":{"line":79,"column":61}},"41":{"start":{"line":81,"column":8},"end":{"line":81,"column":58}},"42":{"start":{"line":82,"column":8},"end":{"line":82,"column":20}},"43":{"start":{"line":85,"column":8},"end":{"line":85,"column":37}},"44":{"start":{"line":89,"column":0},"end":{"line":89,"column":34}},"45":{"start":{"line":90,"column":0},"end":{"line":90,"column":63}},"46":{"start":{"line":90,"column":35},"end":{"line":90,"column":63}}},"fnMap":{"0":{"name":"(anonymous_0)","decl":{"start":{"line":7,"column":4},"end":{"line":7,"column":5}},"loc":{"start":{"line":7,"column":18},"end":{"line":15,"column":5}},"line":7},"1":{"name":"(anonymous_1)","decl":{"start":{"line":16,"column":4},"end":{"line":16,"column":5}},"loc":{"start":{"line":16,"column":27},"end":{"line":18,"column":5}},"line":16},"2":{"name":"(anonymous_2)","decl":{"start":{"line":19,"column":4},"end":{"line":19,"column":5}},"loc":{"start":{"line":19,"column":27},"end":{"line":21,"column":5}},"line":19},"3":{"name":"(anonymous_3)","decl":{"start":{"line":22,"column":4},"end":{"line":22,"column":5}},"loc":{"start":{"line":22,"column":36},"end":{"line":24,"column":5}},"line":22},"4":{"name":"(anonymous_4)","decl":{"start":{"line":25,"column":4},"end":{"line":25,"column":5}},"loc":{"start":{"line":25,"column":40},"end":{"line":28,"column":5}},"line":25},"5":{"name":"(anonymous_5)","decl":{"start":{"line":29,"column":4},"end":{"line":29,"column":5}},"loc":{"start":{"line":29,"column":27},"end":{"line":33,"column":5}},"line":29},"6":{"name":"(anonymous_6)","decl":{"start":{"line":34,"column":4},"end":{"line":34,"column":5}},"loc":{"start":{"line":34,"column":12},"end":{"line":37,"column":5}},"line":34},"7":{"name":"(anonymous_7)","decl":{"start":{"line":38,"column":4},"end":{"line":38,"column":5}},"loc":{"start":{"line":38,"column":26},"end":{"line":43,"column":5}},"line":38},"8":{"name":"(anonymous_8)","decl":{"start":{"line":44,"column":4},"end":{"line":44,"column":5}},"loc":{"start":{"line":44,"column":19},"end":{"line":46,"column":5}},"line":44},"9":{"name":"(anonymous_9)","decl":{"start":{"line":47,"column":4},"end":{"line":47,"column":5}},"loc":{"start":{"line":47,"column":19},"end":{"line":49,"column":5}},"line":47},"10":{"name":"(anonymous_10)","decl":{"start":{"line":50,"column":4},"end":{"line":50,"column":5}},"loc":{"start":{"line":50,"column":28},"end":{"line":54,"column":5}},"line":50},"11":{"name":"(anonymous_11)","decl":{"start":{"line":55,"column":4},"end":{"line":55,"column":5}},"loc":{"start":{"line":55,"column":25},"end":{"line":57,"column":5}},"line":55},"12":{"name":"(anonymous_12)","decl":{"start":{"line":58,"column":4},"end":{"line":58,"column":5}},"loc":{"start":{"line":58,"column":33},"end":{"line":61,"column":5}},"line":58},"13":{"name":"(anonymous_13)","decl":{"start":{"line":62,"column":4},"end":{"line":62,"column":5}},"loc":{"start":{"line":62,"column":28},"end":{"line":64,"column":5}},"line":62},"14":{"name":"(anonymous_14)","decl":{"start":{"line":65,"column":4},"end":{"line":65,"column":5}},"loc":{"start":{"line":65,"column":30},"end":{"line":67,"column":5}},"line":65},"15":{"name":"(anonymous_15)","decl":{"start":{"line":68,"column":4},"end":{"line":68,"column":5}},"loc":{"start":{"line":68,"column":25},"end":{"line":72,"column":5}},"line":68},"16":{"name":"(anonymous_16)","decl":{"start":{"line":73,"column":4},"end":{"line":73,"column":5}},"loc":{"start":{"line":73,"column":25},"end":{"line":77,"column":5}},"line":73},"17":{"name":"(anonymous_17)","decl":{"start":{"line":78,"column":4},"end":{"line":78,"column":5}},"loc":{"start":{"line":78,"column":23},"end":{"line":83,"column":5}},"line":78},"18":{"name":"(anonymous_18)","decl":{"start":{"line":84,"column":4},"end":{"line":84,"column":5}},"loc":{"start":{"line":84,"column":11},"end":{"line":86,"column":5}},"line":84}},"branchMap":{"0":{"loc":{"start":{"line":59,"column":8},"end":{"line":59,"column":123}},"type":"if","locations":[{"start":{"line":59,"column":8},"end":{"line":59,"column":123}},{"start":{"line":59,"column":8},"end":{"line":59,"column":123}}],"line":59},"1":{"loc":{"start":{"line":79,"column":8},"end":{"line":79,"column":61}},"type":"if","locations":[{"start":{"line":79,"column":8},"end":{"line":79,"column":61}},{"start":{"line":79,"column":8},"end":{"line":79,"column":61}}],"line":79},"2":{"loc":{"start":{"line":90,"column":0},"end":{"line":90,"column":63}},"type":"if","locations":[{"start":{"line":90,"column":0},"end":{"line":90,"column":63}},{"start":{"line":90,"column":0},"end":{"line":90,"column":63}}],"line":90}},"s":{"0":1,"1":1,"2":1,"3":10,"4":10,"5":10,"6":10,"7":10,"8":10,"9":10,"10":0,"11":0,"12":14,"13":2,"14":2,"15":14,"16":14,"17":14,"18":0,"19":0,"20":12,"21":2,"22":12,"23":0,"24":12,"25":0,"26":0,"27":0,"28":0,"29":15,"30":0,"31":0,"32":0,"33":0,"34":18,"35":0,"36":0,"37":12,"38":0,"39":0,"40":0,"41":0,"42":0,"43":0,"44":1,"45":1,"46":1},"f":{"0":10,"1":0,"2":0,"3":14,"4":2,"5":14,"6":0,"7":12,"8":0,"9":12,"10":0,"11":15,"12":0,"13":0,"14":18,"15":0,"16":12,"17":0,"18":0},"b":{"0":[0,0],"1":[0,0],"2":[1,0]},"_coverageSchema":"1a1c01bbd47fc00a2c39e90264f33305004495a9","hash":"56d727a4029a24adfbdfbb6586a27eef5cbd8b91"},"/mnt/d/project/trunk/jjj/rmi/src/main/js/translator/TranslatorResult.js":{"path":"/mnt/d/project/trunk/jjj/rmi/src/main/js/translator/TranslatorResult.js","statementMap":{"0":{"start":{"line":2,"column":18},"end":{"line":2,"column":40}},"1":{"start":{"line":3,"column":23},"end":{"line":3,"column":50}},"2":{"start":{"line":4,"column":22},"end":{"line":4,"column":56}},"3":{"start":{"line":5,"column":22},"end":{"line":5,"column":48}},"4":{"start":{"line":9,"column":8},"end":{"line":9,"column":37}},"5":{"start":{"line":12,"column":8},"end":{"line":12,"column":39}},"6":{"start":{"line":13,"column":19},"end":{"line":13,"column":21}},"7":{"start":{"line":14,"column":25},"end":{"line":14,"column":56}},"8":{"start":{"line":16,"column":8},"end":{"line":20,"column":9}},"9":{"start":{"line":17,"column":12},"end":{"line":17,"column":60}},"10":{"start":{"line":17,"column":51},"end":{"line":17,"column":60}},"11":{"start":{"line":18,"column":29},"end":{"line":18,"column":44}},"12":{"start":{"line":19,"column":12},"end":{"line":19,"column":76}},"13":{"start":{"line":21,"column":8},"end":{"line":23,"column":9}},"14":{"start":{"line":22,"column":12},"end":{"line":22,"column":32}},"15":{"start":{"line":24,"column":8},"end":{"line":26,"column":9}},"16":{"start":{"line":25,"column":12},"end":{"line":25,"column":29}},"17":{"start":{"line":27,"column":8},"end":{"line":27,"column":20}},"18":{"start":{"line":30,"column":8},"end":{"line":30,"column":80}},"19":{"start":{"line":30,"column":21},"end":{"line":30,"column":80}},"20":{"start":{"line":32,"column":8},"end":{"line":32,"column":23}},"21":{"start":{"line":33,"column":8},"end":{"line":33,"column":45}},"22":{"start":{"line":34,"column":8},"end":{"line":42,"column":9}},"23":{"start":{"line":35,"column":12},"end":{"line":35,"column":63}},"24":{"start":{"line":37,"column":13},"end":{"line":42,"column":9}},"25":{"start":{"line":38,"column":12},"end":{"line":38,"column":39}},"26":{"start":{"line":41,"column":12},"end":{"line":41,"column":41}},"27":{"start":{"line":44,"column":8},"end":{"line":44,"column":46}},"28":{"start":{"line":45,"column":8},"end":{"line":45,"column":20}},"29":{"start":{"line":48,"column":8},"end":{"line":56,"column":9}},"30":{"start":{"line":49,"column":31},"end":{"line":49,"column":89}},"31":{"start":{"line":50,"column":26},"end":{"line":50,"column":95}},"32":{"start":{"line":51,"column":32},"end":{"line":51,"column":56}},"33":{"start":{"line":52,"column":12},"end":{"line":52,"column":36}},"34":{"start":{"line":53,"column":12},"end":{"line":53,"column":63}},"35":{"start":{"line":55,"column":12},"end":{"line":55,"column":74}},"36":{"start":{"line":60,"column":28},"end":{"line":60,"column":59}},"37":{"start":{"line":61,"column":8},"end":{"line":61,"column":32}},"38":{"start":{"line":62,"column":8},"end":{"line":62,"column":59}},"39":{"start":{"line":63,"column":8},"end":{"line":63,"column":31}},"40":{"start":{"line":66,"column":18},"end":{"line":66,"column":49}},"41":{"start":{"line":67,"column":8},"end":{"line":67,"column":54}},"42":{"start":{"line":70,"column":8},"end":{"line":70,"column":31}},"43":{"start":{"line":73,"column":8},"end":{"line":73,"column":63}},"44":{"start":{"line":76,"column":18},"end":{"line":76,"column":40}},"45":{"start":{"line":77,"column":21},"end":{"line":77,"column":43}},"46":{"start":{"line":78,"column":8},"end":{"line":78,"column":54}},"47":{"start":{"line":81,"column":8},"end":{"line":81,"column":50}},"48":{"start":{"line":84,"column":8},"end":{"line":84,"column":61}},"49":{"start":{"line":87,"column":8},"end":{"line":87,"column":25}},"50":{"start":{"line":91,"column":0},"end":{"line":91,"column":69}},"51":{"start":{"line":91,"column":35},"end":{"line":91,"column":69}}},"fnMap":{"0":{"name":"(anonymous_0)","decl":{"start":{"line":8,"column":4},"end":{"line":8,"column":5}},"loc":{"start":{"line":8,"column":28},"end":{"line":10,"column":5}},"line":8},"1":{"name":"(anonymous_1)","decl":{"start":{"line":11,"column":4},"end":{"line":11,"column":5}},"loc":{"start":{"line":11,"column":29},"end":{"line":28,"column":5}},"line":11},"2":{"name":"(anonymous_2)","decl":{"start":{"line":29,"column":4},"end":{"line":29,"column":5}},"loc":{"start":{"line":29,"column":29},"end":{"line":46,"column":5}},"line":29},"3":{"name":"(anonymous_3)","decl":{"start":{"line":47,"column":4},"end":{"line":47,"column":5}},"loc":{"start":{"line":47,"column":26},"end":{"line":58,"column":5}},"line":47},"4":{"name":"(anonymous_4)","decl":{"start":{"line":59,"column":4},"end":{"line":59,"column":5}},"loc":{"start":{"line":59,"column":28},"end":{"line":64,"column":5}},"line":59},"5":{"name":"(anonymous_5)","decl":{"start":{"line":65,"column":4},"end":{"line":65,"column":5}},"loc":{"start":{"line":65,"column":14},"end":{"line":68,"column":5}},"line":65},"6":{"name":"(anonymous_6)","decl":{"start":{"line":69,"column":4},"end":{"line":69,"column":5}},"loc":{"start":{"line":69,"column":20},"end":{"line":71,"column":5}},"line":69},"7":{"name":"(anonymous_7)","decl":{"start":{"line":72,"column":4},"end":{"line":72,"column":5}},"loc":{"start":{"line":72,"column":21},"end":{"line":74,"column":5}},"line":72},"8":{"name":"(anonymous_8)","decl":{"start":{"line":75,"column":4},"end":{"line":75,"column":5}},"loc":{"start":{"line":75,"column":23},"end":{"line":79,"column":5}},"line":75},"9":{"name":"(anonymous_9)","decl":{"start":{"line":80,"column":4},"end":{"line":80,"column":5}},"loc":{"start":{"line":80,"column":21},"end":{"line":82,"column":5}},"line":80},"10":{"name":"(anonymous_10)","decl":{"start":{"line":83,"column":4},"end":{"line":83,"column":5}},"loc":{"start":{"line":83,"column":31},"end":{"line":85,"column":5}},"line":83},"11":{"name":"(anonymous_11)","decl":{"start":{"line":86,"column":4},"end":{"line":86,"column":5}},"loc":{"start":{"line":86,"column":12},"end":{"line":88,"column":5}},"line":86}},"branchMap":{"0":{"loc":{"start":{"line":17,"column":12},"end":{"line":17,"column":60}},"type":"if","locations":[{"start":{"line":17,"column":12},"end":{"line":17,"column":60}},{"start":{"line":17,"column":12},"end":{"line":17,"column":60}}],"line":17},"1":{"loc":{"start":{"line":30,"column":8},"end":{"line":30,"column":80}},"type":"if","locations":[{"start":{"line":30,"column":8},"end":{"line":30,"column":80}},{"start":{"line":30,"column":8},"end":{"line":30,"column":80}}],"line":30},"2":{"loc":{"start":{"line":34,"column":8},"end":{"line":42,"column":9}},"type":"if","locations":[{"start":{"line":34,"column":8},"end":{"line":42,"column":9}},{"start":{"line":34,"column":8},"end":{"line":42,"column":9}}],"line":34},"3":{"loc":{"start":{"line":37,"column":13},"end":{"line":42,"column":9}},"type":"if","locations":[{"start":{"line":37,"column":13},"end":{"line":42,"column":9}},{"start":{"line":37,"column":13},"end":{"line":42,"column":9}}],"line":37},"4":{"loc":{"start":{"line":37,"column":17},"end":{"line":37,"column":122}},"type":"binary-expr","locations":[{"start":{"line":37,"column":17},"end":{"line":37,"column":46}},{"start":{"line":37,"column":50},"end":{"line":37,"column":122}}],"line":37},"5":{"loc":{"start":{"line":83,"column":13},"end":{"line":83,"column":29}},"type":"default-arg","locations":[{"start":{"line":83,"column":28},"end":{"line":83,"column":29}}],"line":83},"6":{"loc":{"start":{"line":91,"column":0},"end":{"line":91,"column":69}},"type":"if","locations":[{"start":{"line":91,"column":0},"end":{"line":91,"column":69}},{"start":{"line":91,"column":0},"end":{"line":91,"column":69}}],"line":91}},"s":{"0":1,"1":1,"2":1,"3":1,"4":12,"5":0,"6":0,"7":0,"8":0,"9":0,"10":0,"11":0,"12":0,"13":0,"14":0,"15":0,"16":0,"17":0,"18":12,"19":0,"20":12,"21":12,"22":12,"23":1,"24":11,"25":0,"26":11,"27":12,"28":12,"29":0,"30":0,"31":0,"32":0,"33":0,"34":0,"35":0,"36":11,"37":11,"38":11,"39":11,"40":0,"41":0,"42":37,"43":0,"44":12,"45":12,"46":12,"47":12,"48":0,"49":12,"50":1,"51":1},"f":{"0":12,"1":0,"2":12,"3":0,"4":11,"5":0,"6":37,"7":0,"8":12,"9":12,"10":0,"11":12},"b":{"0":[0,0],"1":[0,12],"2":[1,11],"3":[0,11],"4":[11,11],"5":[0],"6":[1,0]},"_coverageSchema":"1a1c01bbd47fc00a2c39e90264f33305004495a9","hash":"54b30c8e8aad4db4c8266f01a8ad458210b08415"},"/mnt/d/project/trunk/jjj/rmi/src/main/js/translator/Constants.js":{"path":"/mnt/d/project/trunk/jjj/rmi/src/main/js/translator/Constants.js","statementMap":{"0":{"start":{"line":3,"column":0},"end":{"line":3,"column":27}},"1":{"start":{"line":4,"column":0},"end":{"line":4,"column":30}},"2":{"start":{"line":5,"column":0},"end":{"line":5,"column":29}},"3":{"start":{"line":6,"column":0},"end":{"line":6,"column":39}},"4":{"start":{"line":7,"column":0},"end":{"line":7,"column":31}},"5":{"start":{"line":8,"column":0},"end":{"line":8,"column":33}},"6":{"start":{"line":9,"column":0},"end":{"line":9,"column":29}},"7":{"start":{"line":10,"column":0},"end":{"line":10,"column":37}},"8":{"start":{"line":11,"column":0},"end":{"line":11,"column":31}},"9":{"start":{"line":12,"column":0},"end":{"line":12,"column":31}},"10":{"start":{"line":13,"column":0},"end":{"line":13,"column":29}},"11":{"start":{"line":14,"column":0},"end":{"line":14,"column":33}},"12":{"start":{"line":15,"column":0},"end":{"line":15,"column":35}},"13":{"start":{"line":16,"column":0},"end":{"line":16,"column":29}},"14":{"start":{"line":17,"column":0},"end":{"line":17,"column":41}},"15":{"start":{"line":18,"column":0},"end":{"line":18,"column":41}},"16":{"start":{"line":19,"column":0},"end":{"line":19,"column":43}},"17":{"start":{"line":20,"column":0},"end":{"line":20,"column":33}},"18":{"start":{"line":21,"column":0},"end":{"line":21,"column":35}},"19":{"start":{"line":22,"column":0},"end":{"line":22,"column":37}},"20":{"start":{"line":23,"column":0},"end":{"line":23,"column":37}},"21":{"start":{"line":24,"column":0},"end":{"line":24,"column":48}},"22":{"start":{"line":25,"column":0},"end":{"line":25,"column":29}},"23":{"start":{"line":27,"column":0},"end":{"line":27,"column":62}},"24":{"start":{"line":27,"column":35},"end":{"line":27,"column":62}}},"fnMap":{},"branchMap":{"0":{"loc":{"start":{"line":27,"column":0},"end":{"line":27,"column":62}},"type":"if","locations":[{"start":{"line":27,"column":0},"end":{"line":27,"column":62}},{"start":{"line":27,"column":0},"end":{"line":27,"column":62}}],"line":27}},"s":{"0":1,"1":1,"2":1,"3":1,"4":1,"5":1,"6":1,"7":1,"8":1,"9":1,"10":1,"11":1,"12":1,"13":1,"14":1,"15":1,"16":1,"17":1,"18":1,"19":1,"20":1,"21":1,"22":1,"23":1,"24":1},"f":{},"b":{"0":[1,0]},"_coverageSchema":"1a1c01bbd47fc00a2c39e90264f33305004495a9","hash":"a290cef384e023cbdc44a16903bbf2ea02400e80"},"/mnt/d/project/trunk/jjj/rmi/src/main/js/translator/HandlerFactory.js":{"path":"/mnt/d/project/trunk/jjj/rmi/src/main/js/translator/HandlerFactory.js","statementMap":{"0":{"start":{"line":5,"column":8},"end":{"line":7,"column":9}},"1":{"start":{"line":6,"column":12},"end":{"line":6,"column":59}},"2":{"start":{"line":8,"column":8},"end":{"line":8,"column":39}},"3":{"start":{"line":12,"column":8},"end":{"line":12,"column":29}},"4":{"start":{"line":22,"column":8},"end":{"line":22,"column":49}},"5":{"start":{"line":25,"column":8},"end":{"line":25,"column":42}},"6":{"start":{"line":28,"column":8},"end":{"line":28,"column":42}},"7":{"start":{"line":32,"column":0},"end":{"line":32,"column":32}}},"fnMap":{"0":{"name":"(anonymous_0)","decl":{"start":{"line":4,"column":4},"end":{"line":4,"column":5}},"loc":{"start":{"line":4,"column":25},"end":{"line":9,"column":5}},"line":4},"1":{"name":"(anonymous_1)","decl":{"start":{"line":11,"column":4},"end":{"line":11,"column":5}},"loc":{"start":{"line":11,"column":17},"end":{"line":13,"column":5}},"line":11},"2":{"name":"(anonymous_2)","decl":{"start":{"line":21,"column":4},"end":{"line":21,"column":5}},"loc":{"start":{"line":21,"column":43},"end":{"line":23,"column":5}},"line":21},"3":{"name":"(anonymous_3)","decl":{"start":{"line":24,"column":4},"end":{"line":24,"column":5}},"loc":{"start":{"line":24,"column":29},"end":{"line":26,"column":5}},"line":24},"4":{"name":"(anonymous_4)","decl":{"start":{"line":27,"column":4},"end":{"line":27,"column":5}},"loc":{"start":{"line":27,"column":29},"end":{"line":29,"column":5}},"line":27}},"branchMap":{"0":{"loc":{"start":{"line":5,"column":8},"end":{"line":7,"column":9}},"type":"if","locations":[{"start":{"line":5,"column":8},"end":{"line":7,"column":9}},{"start":{"line":5,"column":8},"end":{"line":7,"column":9}}],"line":5}},"s":{"0":12,"1":1,"2":12,"3":1,"4":0,"5":12,"6":0,"7":1},"f":{"0":12,"1":1,"2":0,"3":12,"4":0},"b":{"0":[1,11]},"_coverageSchema":"1a1c01bbd47fc00a2c39e90264f33305004495a9","hash":"f56b6b0af36afa865a83417db9a53409b62070b3"},"/mnt/d/project/trunk/jjj/rmi/src/main/js/translator/Encoder.js":{"path":"/mnt/d/project/trunk/jjj/rmi/src/main/js/translator/Encoder.js","statementMap":{"0":{"start":{"line":2,"column":18},"end":{"line":2,"column":40}},"1":{"start":{"line":3,"column":25},"end":{"line":3,"column":54}},"2":{"start":{"line":4,"column":23},"end":{"line":4,"column":50}},"3":{"start":{"line":5,"column":25},"end":{"line":5,"column":54}},"4":{"start":{"line":6,"column":25},"end":{"line":6,"column":54}},"5":{"start":{"line":7,"column":20},"end":{"line":7,"column":44}},"6":{"start":{"line":8,"column":20},"end":{"line":8,"column":44}},"7":{"start":{"line":12,"column":8},"end":{"line":12,"column":43}},"8":{"start":{"line":13,"column":8},"end":{"line":13,"column":29}},"9":{"start":{"line":14,"column":8},"end":{"line":14,"column":23}},"10":{"start":{"line":15,"column":8},"end":{"line":15,"column":27}},"11":{"start":{"line":17,"column":8},"end":{"line":17,"column":93}},"12":{"start":{"line":18,"column":8},"end":{"line":18,"column":49}},"13":{"start":{"line":19,"column":8},"end":{"line":19,"column":55}},"14":{"start":{"line":20,"column":8},"end":{"line":20,"column":89}},"15":{"start":{"line":21,"column":8},"end":{"line":21,"column":59}},"16":{"start":{"line":22,"column":8},"end":{"line":22,"column":22}},"17":{"start":{"line":25,"column":8},"end":{"line":30,"column":9}},"18":{"start":{"line":25,"column":21},"end":{"line":25,"column":22}},"19":{"start":{"line":26,"column":26},"end":{"line":26,"column":40}},"20":{"start":{"line":27,"column":12},"end":{"line":29,"column":13}},"21":{"start":{"line":28,"column":16},"end":{"line":28,"column":85}},"22":{"start":{"line":34,"column":8},"end":{"line":34,"column":25}},"23":{"start":{"line":40,"column":8},"end":{"line":40,"column":29}},"24":{"start":{"line":41,"column":8},"end":{"line":41,"column":23}},"25":{"start":{"line":42,"column":8},"end":{"line":42,"column":43}},"26":{"start":{"line":44,"column":8},"end":{"line":44,"column":23}},"27":{"start":{"line":45,"column":8},"end":{"line":45,"column":93}},"28":{"start":{"line":46,"column":8},"end":{"line":46,"column":112}},"29":{"start":{"line":47,"column":8},"end":{"line":47,"column":46}},"30":{"start":{"line":50,"column":8},"end":{"line":54,"column":9}},"31":{"start":{"line":51,"column":12},"end":{"line":51,"column":59}},"32":{"start":{"line":51,"column":50},"end":{"line":51,"column":59}},"33":{"start":{"line":52,"column":26},"end":{"line":52,"column":86}},"34":{"start":{"line":53,"column":12},"end":{"line":53,"column":62}},"35":{"start":{"line":55,"column":8},"end":{"line":55,"column":69}},"36":{"start":{"line":59,"column":8},"end":{"line":59,"column":25}},"37":{"start":{"line":63,"column":21},"end":{"line":63,"column":85}},"38":{"start":{"line":64,"column":8},"end":{"line":64,"column":51}},"39":{"start":{"line":67,"column":8},"end":{"line":67,"column":54}},"40":{"start":{"line":71,"column":8},"end":{"line":71,"column":59}},"41":{"start":{"line":75,"column":8},"end":{"line":75,"column":46}},"42":{"start":{"line":79,"column":8},"end":{"line":79,"column":45}},"43":{"start":{"line":86,"column":8},"end":{"line":86,"column":29}},"44":{"start":{"line":87,"column":8},"end":{"line":87,"column":43}},"45":{"start":{"line":90,"column":8},"end":{"line":111,"column":9}},"46":{"start":{"line":91,"column":12},"end":{"line":91,"column":37}},"47":{"start":{"line":92,"column":15},"end":{"line":111,"column":9}},"48":{"start":{"line":93,"column":12},"end":{"line":93,"column":53}},"49":{"start":{"line":94,"column":15},"end":{"line":111,"column":9}},"50":{"start":{"line":95,"column":12},"end":{"line":95,"column":102}},"51":{"start":{"line":96,"column":15},"end":{"line":111,"column":9}},"52":{"start":{"line":97,"column":12},"end":{"line":97,"column":69}},"53":{"start":{"line":98,"column":15},"end":{"line":111,"column":9}},"54":{"start":{"line":99,"column":12},"end":{"line":99,"column":48}},"55":{"start":{"line":100,"column":15},"end":{"line":111,"column":9}},"56":{"start":{"line":101,"column":31},"end":{"line":101,"column":108}},"57":{"start":{"line":102,"column":26},"end":{"line":102,"column":109}},"58":{"start":{"line":103,"column":32},"end":{"line":103,"column":61}},"59":{"start":{"line":104,"column":12},"end":{"line":104,"column":50}},"60":{"start":{"line":105,"column":12},"end":{"line":105,"column":102}},"61":{"start":{"line":107,"column":32},"end":{"line":107,"column":82}},"62":{"start":{"line":108,"column":12},"end":{"line":108,"column":50}},"63":{"start":{"line":109,"column":12},"end":{"line":109,"column":35}},"64":{"start":{"line":110,"column":12},"end":{"line":110,"column":102}},"65":{"start":{"line":115,"column":0},"end":{"line":119,"column":2}}},"fnMap":{"0":{"name":"(anonymous_0)","decl":{"start":{"line":11,"column":4},"end":{"line":11,"column":5}},"loc":{"start":{"line":11,"column":39},"end":{"line":23,"column":5}},"line":11},"1":{"name":"(anonymous_1)","decl":{"start":{"line":24,"column":4},"end":{"line":24,"column":5}},"loc":{"start":{"line":24,"column":13},"end":{"line":31,"column":5}},"line":24},"2":{"name":"(anonymous_2)","decl":{"start":{"line":33,"column":4},"end":{"line":33,"column":5}},"loc":{"start":{"line":33,"column":13},"end":{"line":35,"column":5}},"line":33},"3":{"name":"(anonymous_3)","decl":{"start":{"line":39,"column":4},"end":{"line":39,"column":5}},"loc":{"start":{"line":39,"column":39},"end":{"line":48,"column":5}},"line":39},"4":{"name":"(anonymous_4)","decl":{"start":{"line":49,"column":4},"end":{"line":49,"column":5}},"loc":{"start":{"line":49,"column":13},"end":{"line":56,"column":5}},"line":49},"5":{"name":"(anonymous_5)","decl":{"start":{"line":58,"column":4},"end":{"line":58,"column":5}},"loc":{"start":{"line":58,"column":13},"end":{"line":60,"column":5}},"line":58},"6":{"name":"(anonymous_6)","decl":{"start":{"line":62,"column":4},"end":{"line":62,"column":5}},"loc":{"start":{"line":62,"column":20},"end":{"line":65,"column":5}},"line":62},"7":{"name":"(anonymous_7)","decl":{"start":{"line":66,"column":4},"end":{"line":66,"column":5}},"loc":{"start":{"line":66,"column":29},"end":{"line":68,"column":5}},"line":66},"8":{"name":"(anonymous_8)","decl":{"start":{"line":70,"column":4},"end":{"line":70,"column":5}},"loc":{"start":{"line":70,"column":24},"end":{"line":72,"column":5}},"line":70},"9":{"name":"(anonymous_9)","decl":{"start":{"line":74,"column":4},"end":{"line":74,"column":5}},"loc":{"start":{"line":74,"column":14},"end":{"line":76,"column":5}},"line":74},"10":{"name":"(anonymous_10)","decl":{"start":{"line":78,"column":4},"end":{"line":78,"column":5}},"loc":{"start":{"line":78,"column":13},"end":{"line":80,"column":5}},"line":78},"11":{"name":"(anonymous_11)","decl":{"start":{"line":85,"column":4},"end":{"line":85,"column":5}},"loc":{"start":{"line":85,"column":39},"end":{"line":88,"column":5}},"line":85},"12":{"name":"(anonymous_12)","decl":{"start":{"line":89,"column":4},"end":{"line":89,"column":5}},"loc":{"start":{"line":89,"column":13},"end":{"line":112,"column":5}},"line":89}},"branchMap":{"0":{"loc":{"start":{"line":27,"column":12},"end":{"line":29,"column":13}},"type":"if","locations":[{"start":{"line":27,"column":12},"end":{"line":29,"column":13}},{"start":{"line":27,"column":12},"end":{"line":29,"column":13}}],"line":27},"1":{"loc":{"start":{"line":46,"column":41},"end":{"line":46,"column":111}},"type":"cond-expr","locations":[{"start":{"line":46,"column":73},"end":{"line":46,"column":104}},{"start":{"line":46,"column":107},"end":{"line":46,"column":111}}],"line":46},"2":{"loc":{"start":{"line":51,"column":12},"end":{"line":51,"column":59}},"type":"if","locations":[{"start":{"line":51,"column":12},"end":{"line":51,"column":59}},{"start":{"line":51,"column":12},"end":{"line":51,"column":59}}],"line":51},"3":{"loc":{"start":{"line":90,"column":8},"end":{"line":111,"column":9}},"type":"if","locations":[{"start":{"line":90,"column":8},"end":{"line":111,"column":9}},{"start":{"line":90,"column":8},"end":{"line":111,"column":9}}],"line":90},"4":{"loc":{"start":{"line":92,"column":15},"end":{"line":111,"column":9}},"type":"if","locations":[{"start":{"line":92,"column":15},"end":{"line":111,"column":9}},{"start":{"line":92,"column":15},"end":{"line":111,"column":9}}],"line":92},"5":{"loc":{"start":{"line":92,"column":19},"end":{"line":92,"column":121}},"type":"binary-expr","locations":[{"start":{"line":92,"column":19},"end":{"line":92,"column":50}},{"start":{"line":92,"column":54},"end":{"line":92,"column":85}},{"start":{"line":92,"column":89},"end":{"line":92,"column":121}}],"line":92},"6":{"loc":{"start":{"line":94,"column":15},"end":{"line":111,"column":9}},"type":"if","locations":[{"start":{"line":94,"column":15},"end":{"line":111,"column":9}},{"start":{"line":94,"column":15},"end":{"line":111,"column":9}}],"line":94},"7":{"loc":{"start":{"line":96,"column":15},"end":{"line":111,"column":9}},"type":"if","locations":[{"start":{"line":96,"column":15},"end":{"line":111,"column":9}},{"start":{"line":96,"column":15},"end":{"line":111,"column":9}}],"line":96},"8":{"loc":{"start":{"line":98,"column":15},"end":{"line":111,"column":9}},"type":"if","locations":[{"start":{"line":98,"column":15},"end":{"line":111,"column":9}},{"start":{"line":98,"column":15},"end":{"line":111,"column":9}}],"line":98},"9":{"loc":{"start":{"line":100,"column":15},"end":{"line":111,"column":9}},"type":"if","locations":[{"start":{"line":100,"column":15},"end":{"line":111,"column":9}},{"start":{"line":100,"column":15},"end":{"line":111,"column":9}}],"line":100}},"s":{"0":1,"1":1,"2":1,"3":1,"4":1,"5":1,"6":1,"7":2,"8":2,"9":2,"10":2,"11":2,"12":2,"13":2,"14":2,"15":2,"16":2,"17":2,"18":2,"19":3,"20":3,"21":3,"22":2,"23":12,"24":12,"25":12,"26":12,"27":12,"28":12,"29":12,"30":12,"31":43,"32":3,"33":40,"34":40,"35":12,"36":12,"37":0,"38":0,"39":0,"40":0,"41":0,"42":12,"43":43,"44":43,"45":43,"46":2,"47":41,"48":35,"49":6,"50":2,"51":4,"52":2,"53":2,"54":1,"55":1,"56":0,"57":0,"58":0,"59":0,"60":0,"61":1,"62":1,"63":1,"64":1,"65":1},"f":{"0":2,"1":2,"2":2,"3":12,"4":12,"5":12,"6":0,"7":0,"8":0,"9":0,"10":12,"11":43,"12":43},"b":{"0":[3,0],"1":[12,0],"2":[3,40],"3":[2,41],"4":[35,6],"5":[41,18,12],"6":[2,4],"7":[2,2],"8":[1,1],"9":[0,1]},"_coverageSchema":"1a1c01bbd47fc00a2c39e90264f33305004495a9","hash":"3410726f390795048e137c54dead4595b63c858b"},"/mnt/d/project/trunk/jjj/rmi/src/main/js/translator/EncodedReference.js":{"path":"/mnt/d/project/trunk/jjj/rmi/src/main/js/translator/EncodedReference.js","statementMap":{"0":{"start":{"line":2,"column":18},"end":{"line":2,"column":40}},"1":{"start":{"line":5,"column":12},"end":{"line":5,"column":47}},"2":{"start":{"line":9,"column":0},"end":{"line":9,"column":69}},"3":{"start":{"line":9,"column":35},"end":{"line":9,"column":69}}},"fnMap":{"0":{"name":"(anonymous_0)","decl":{"start":{"line":4,"column":1},"end":{"line":4,"column":2}},"loc":{"start":{"line":4,"column":18},"end":{"line":6,"column":9}},"line":4}},"branchMap":{"0":{"loc":{"start":{"line":9,"column":0},"end":{"line":9,"column":69}},"type":"if","locations":[{"start":{"line":9,"column":0},"end":{"line":9,"column":69}},{"start":{"line":9,"column":0},"end":{"line":9,"column":69}}],"line":9}},"s":{"0":1,"1":3,"2":1,"3":1},"f":{"0":3},"b":{"0":[1,0]},"_coverageSchema":"1a1c01bbd47fc00a2c39e90264f33305004495a9","hash":"6257566960f1c9e5042676c74a41ac3376649f88"},"/mnt/d/project/trunk/jjj/rmi/src/main/js/translator/EncodedPrimitive.js":{"path":"/mnt/d/project/trunk/jjj/rmi/src/main/js/translator/EncodedPrimitive.js","statementMap":{"0":{"start":{"line":2,"column":18},"end":{"line":2,"column":40}},"1":{"start":{"line":5,"column":8},"end":{"line":5,"column":54}},"2":{"start":{"line":6,"column":8},"end":{"line":6,"column":43}},"3":{"start":{"line":10,"column":0},"end":{"line":10,"column":69}},"4":{"start":{"line":10,"column":35},"end":{"line":10,"column":69}}},"fnMap":{"0":{"name":"(anonymous_0)","decl":{"start":{"line":4,"column":4},"end":{"line":4,"column":5}},"loc":{"start":{"line":4,"column":23},"end":{"line":7,"column":5}},"line":4}},"branchMap":{"0":{"loc":{"start":{"line":10,"column":0},"end":{"line":10,"column":69}},"type":"if","locations":[{"start":{"line":10,"column":0},"end":{"line":10,"column":69}},{"start":{"line":10,"column":0},"end":{"line":10,"column":69}}],"line":10}},"s":{"0":1,"1":35,"2":35,"3":1,"4":1},"f":{"0":35},"b":{"0":[1,0]},"_coverageSchema":"1a1c01bbd47fc00a2c39e90264f33305004495a9","hash":"17a4bb65a44a2f50dd2eafe812a9c27a4b0691a5"},"/mnt/d/project/trunk/jjj/rmi/src/main/js/translator/EncodedEnum.js":{"path":"/mnt/d/project/trunk/jjj/rmi/src/main/js/translator/EncodedEnum.js","statementMap":{"0":{"start":{"line":2,"column":18},"end":{"line":2,"column":40}},"1":{"start":{"line":5,"column":8},"end":{"line":5,"column":67}},"2":{"start":{"line":6,"column":8},"end":{"line":6,"column":54}},"3":{"start":{"line":10,"column":0},"end":{"line":10,"column":64}},"4":{"start":{"line":10,"column":35},"end":{"line":10,"column":64}}},"fnMap":{"0":{"name":"(anonymous_0)","decl":{"start":{"line":4,"column":4},"end":{"line":4,"column":5}},"loc":{"start":{"line":4,"column":23},"end":{"line":7,"column":5}},"line":4}},"branchMap":{"0":{"loc":{"start":{"line":10,"column":0},"end":{"line":10,"column":64}},"type":"if","locations":[{"start":{"line":10,"column":0},"end":{"line":10,"column":64}},{"start":{"line":10,"column":0},"end":{"line":10,"column":64}}],"line":10}},"s":{"0":1,"1":1,"2":1,"3":1,"4":1},"f":{"0":1},"b":{"0":[1,0]},"_coverageSchema":"1a1c01bbd47fc00a2c39e90264f33305004495a9","hash":"1efc801fd4ef0d2161b056304373945b83baa1c6"},"/mnt/d/project/trunk/jjj/rmi/src/main/js/translator/EncodedNull.js":{"path":"/mnt/d/project/trunk/jjj/rmi/src/main/js/translator/EncodedNull.js","statementMap":{"0":{"start":{"line":2,"column":18},"end":{"line":2,"column":40}},"1":{"start":{"line":5,"column":8},"end":{"line":5,"column":56}},"2":{"start":{"line":9,"column":0},"end":{"line":9,"column":64}},"3":{"start":{"line":9,"column":35},"end":{"line":9,"column":64}}},"fnMap":{"0":{"name":"(anonymous_0)","decl":{"start":{"line":4,"column":4},"end":{"line":4,"column":5}},"loc":{"start":{"line":4,"column":18},"end":{"line":6,"column":5}},"line":4}},"branchMap":{"0":{"loc":{"start":{"line":9,"column":0},"end":{"line":9,"column":64}},"type":"if","locations":[{"start":{"line":9,"column":0},"end":{"line":9,"column":64}},{"start":{"line":9,"column":0},"end":{"line":9,"column":64}}],"line":9}},"s":{"0":1,"1":2,"2":1,"3":1},"f":{"0":2},"b":{"0":[1,0]},"_coverageSchema":"1a1c01bbd47fc00a2c39e90264f33305004495a9","hash":"e3512ec91db7314658cf3def243fa4e9a9c2c732"},"/mnt/d/project/trunk/jjj/rmi/src/main/js/translator/ObjectDecoder.js":{"path":"/mnt/d/project/trunk/jjj/rmi/src/main/js/translator/ObjectDecoder.js","statementMap":{"0":{"start":{"line":2,"column":18},"end":{"line":2,"column":40}},"1":{"start":{"line":3,"column":23},"end":{"line":3,"column":50}},"2":{"start":{"line":4,"column":16},"end":{"line":4,"column":44}},"3":{"start":{"line":8,"column":8},"end":{"line":8,"column":25}},"4":{"start":{"line":9,"column":8},"end":{"line":9,"column":37}},"5":{"start":{"line":10,"column":8},"end":{"line":10,"column":49}},"6":{"start":{"line":13,"column":8},"end":{"line":21,"column":9}},"7":{"start":{"line":14,"column":12},"end":{"line":14,"column":58}},"8":{"start":{"line":17,"column":12},"end":{"line":20,"column":13}},"9":{"start":{"line":18,"column":33},"end":{"line":18,"column":115}},"10":{"start":{"line":19,"column":16},"end":{"line":19,"column":52}},"11":{"start":{"line":24,"column":8},"end":{"line":27,"column":9}},"12":{"start":{"line":25,"column":12},"end":{"line":25,"column":29}},"13":{"start":{"line":26,"column":12},"end":{"line":26,"column":19}},"14":{"start":{"line":29,"column":8},"end":{"line":29,"column":93}},"15":{"start":{"line":30,"column":8},"end":{"line":30,"column":136}},"16":{"start":{"line":30,"column":34},"end":{"line":30,"column":136}},"17":{"start":{"line":32,"column":8},"end":{"line":38,"column":9}},"18":{"start":{"line":33,"column":31},"end":{"line":33,"column":83}},"19":{"start":{"line":34,"column":12},"end":{"line":34,"column":111}},"20":{"start":{"line":35,"column":12},"end":{"line":35,"column":55}},"21":{"start":{"line":37,"column":12},"end":{"line":37,"column":44}},"22":{"start":{"line":40,"column":8},"end":{"line":44,"column":9}},"23":{"start":{"line":41,"column":12},"end":{"line":41,"column":89}},"24":{"start":{"line":43,"column":12},"end":{"line":43,"column":85}},"25":{"start":{"line":48,"column":0},"end":{"line":48,"column":66}},"26":{"start":{"line":48,"column":35},"end":{"line":48,"column":66}}},"fnMap":{"0":{"name":"(anonymous_0)","decl":{"start":{"line":7,"column":4},"end":{"line":7,"column":5}},"loc":{"start":{"line":7,"column":52},"end":{"line":11,"column":5}},"line":7},"1":{"name":"(anonymous_1)","decl":{"start":{"line":12,"column":4},"end":{"line":12,"column":5}},"loc":{"start":{"line":12,"column":13},"end":{"line":22,"column":5}},"line":12},"2":{"name":"(anonymous_2)","decl":{"start":{"line":23,"column":4},"end":{"line":23,"column":5}},"loc":{"start":{"line":23,"column":16},"end":{"line":45,"column":5}},"line":23}},"branchMap":{"0":{"loc":{"start":{"line":13,"column":8},"end":{"line":21,"column":9}},"type":"if","locations":[{"start":{"line":13,"column":8},"end":{"line":21,"column":9}},{"start":{"line":13,"column":8},"end":{"line":21,"column":9}}],"line":13},"1":{"loc":{"start":{"line":24,"column":8},"end":{"line":27,"column":9}},"type":"if","locations":[{"start":{"line":24,"column":8},"end":{"line":27,"column":9}},{"start":{"line":24,"column":8},"end":{"line":27,"column":9}}],"line":24},"2":{"loc":{"start":{"line":30,"column":8},"end":{"line":30,"column":136}},"type":"if","locations":[{"start":{"line":30,"column":8},"end":{"line":30,"column":136}},{"start":{"line":30,"column":8},"end":{"line":30,"column":136}}],"line":30},"3":{"loc":{"start":{"line":32,"column":8},"end":{"line":38,"column":9}},"type":"if","locations":[{"start":{"line":32,"column":8},"end":{"line":38,"column":9}},{"start":{"line":32,"column":8},"end":{"line":38,"column":9}}],"line":32},"4":{"loc":{"start":{"line":40,"column":8},"end":{"line":44,"column":9}},"type":"if","locations":[{"start":{"line":40,"column":8},"end":{"line":44,"column":9}},{"start":{"line":40,"column":8},"end":{"line":44,"column":9}}],"line":40},"5":{"loc":{"start":{"line":48,"column":0},"end":{"line":48,"column":66}},"type":"if","locations":[{"start":{"line":48,"column":0},"end":{"line":48,"column":66}},{"start":{"line":48,"column":0},"end":{"line":48,"column":66}}],"line":48}},"s":{"0":1,"1":1,"2":1,"3":0,"4":0,"5":0,"6":0,"7":0,"8":0,"9":0,"10":0,"11":0,"12":0,"13":0,"14":0,"15":0,"16":0,"17":0,"18":0,"19":0,"20":0,"21":0,"22":0,"23":0,"24":0,"25":1,"26":1},"f":{"0":0,"1":0,"2":0},"b":{"0":[0,0],"1":[0,0],"2":[0,0],"3":[0,0],"4":[0,0],"5":[1,0]},"_coverageSchema":"1a1c01bbd47fc00a2c39e90264f33305004495a9","hash":"ce8b05fc302607ed0fc8bb949962f99bb1cd9538"},"/mnt/d/project/trunk/jjj/rmi/src/main/js/translator/Decoder.js":{"path":"/mnt/d/project/trunk/jjj/rmi/src/main/js/translator/Decoder.js","statementMap":{"0":{"start":{"line":2,"column":18},"end":{"line":2,"column":40}},"1":{"start":{"line":6,"column":8},"end":{"line":6,"column":77}},"2":{"start":{"line":6,"column":27},"end":{"line":6,"column":77}},"3":{"start":{"line":7,"column":8},"end":{"line":7,"column":83}},"4":{"start":{"line":7,"column":33},"end":{"line":7,"column":83}},"5":{"start":{"line":8,"column":8},"end":{"line":8,"column":25}},"6":{"start":{"line":9,"column":8},"end":{"line":9,"column":37}},"7":{"start":{"line":12,"column":23},"end":{"line":12,"column":57}},"8":{"start":{"line":13,"column":8},"end":{"line":13,"column":64}},"9":{"start":{"line":14,"column":8},"end":{"line":14,"column":85}},"10":{"start":{"line":15,"column":8},"end":{"line":18,"column":9}},"11":{"start":{"line":15,"column":21},"end":{"line":15,"column":22}},"12":{"start":{"line":16,"column":26},"end":{"line":16,"column":76}},"13":{"start":{"line":17,"column":12},"end":{"line":17,"column":37}},"14":{"start":{"line":20,"column":8},"end":{"line":20,"column":27}},"15":{"start":{"line":26,"column":8},"end":{"line":26,"column":25}},"16":{"start":{"line":27,"column":8},"end":{"line":27,"column":37}},"17":{"start":{"line":30,"column":8},"end":{"line":47,"column":9}},"18":{"start":{"line":31,"column":12},"end":{"line":31,"column":24}},"19":{"start":{"line":33,"column":13},"end":{"line":47,"column":9}},"20":{"start":{"line":34,"column":26},"end":{"line":34,"column":59}},"21":{"start":{"line":35,"column":12},"end":{"line":35,"column":62}},"22":{"start":{"line":37,"column":13},"end":{"line":47,"column":9}},"23":{"start":{"line":38,"column":25},"end":{"line":38,"column":95}},"24":{"start":{"line":39,"column":24},"end":{"line":39,"column":55}},"25":{"start":{"line":40,"column":12},"end":{"line":40,"column":33}},"26":{"start":{"line":42,"column":13},"end":{"line":47,"column":9}},"27":{"start":{"line":43,"column":12},"end":{"line":43,"column":51}},"28":{"start":{"line":45,"column":13},"end":{"line":47,"column":9}},"29":{"start":{"line":46,"column":12},"end":{"line":46,"column":73}},"30":{"start":{"line":49,"column":8},"end":{"line":49,"column":108}},"31":{"start":{"line":53,"column":0},"end":{"line":53,"column":60}},"32":{"start":{"line":53,"column":35},"end":{"line":53,"column":60}},"33":{"start":{"line":55,"column":0},"end":{"line":58,"column":2}}},"fnMap":{"0":{"name":"(anonymous_0)","decl":{"start":{"line":5,"column":4},"end":{"line":5,"column":5}},"loc":{"start":{"line":5,"column":34},"end":{"line":10,"column":5}},"line":5},"1":{"name":"(anonymous_1)","decl":{"start":{"line":11,"column":4},"end":{"line":11,"column":5}},"loc":{"start":{"line":11,"column":13},"end":{"line":21,"column":5}},"line":11},"2":{"name":"(anonymous_2)","decl":{"start":{"line":25,"column":4},"end":{"line":25,"column":5}},"loc":{"start":{"line":25,"column":34},"end":{"line":28,"column":5}},"line":25},"3":{"name":"(anonymous_3)","decl":{"start":{"line":29,"column":4},"end":{"line":29,"column":5}},"loc":{"start":{"line":29,"column":13},"end":{"line":50,"column":5}},"line":29}},"branchMap":{"0":{"loc":{"start":{"line":6,"column":8},"end":{"line":6,"column":77}},"type":"if","locations":[{"start":{"line":6,"column":8},"end":{"line":6,"column":77}},{"start":{"line":6,"column":8},"end":{"line":6,"column":77}}],"line":6},"1":{"loc":{"start":{"line":7,"column":8},"end":{"line":7,"column":83}},"type":"if","locations":[{"start":{"line":7,"column":8},"end":{"line":7,"column":83}},{"start":{"line":7,"column":8},"end":{"line":7,"column":83}}],"line":7},"2":{"loc":{"start":{"line":30,"column":8},"end":{"line":47,"column":9}},"type":"if","locations":[{"start":{"line":30,"column":8},"end":{"line":47,"column":9}},{"start":{"line":30,"column":8},"end":{"line":47,"column":9}}],"line":30},"3":{"loc":{"start":{"line":33,"column":13},"end":{"line":47,"column":9}},"type":"if","locations":[{"start":{"line":33,"column":13},"end":{"line":47,"column":9}},{"start":{"line":33,"column":13},"end":{"line":47,"column":9}}],"line":33},"4":{"loc":{"start":{"line":37,"column":13},"end":{"line":47,"column":9}},"type":"if","locations":[{"start":{"line":37,"column":13},"end":{"line":47,"column":9}},{"start":{"line":37,"column":13},"end":{"line":47,"column":9}}],"line":37},"5":{"loc":{"start":{"line":42,"column":13},"end":{"line":47,"column":9}},"type":"if","locations":[{"start":{"line":42,"column":13},"end":{"line":47,"column":9}},{"start":{"line":42,"column":13},"end":{"line":47,"column":9}}],"line":42},"6":{"loc":{"start":{"line":45,"column":13},"end":{"line":47,"column":9}},"type":"if","locations":[{"start":{"line":45,"column":13},"end":{"line":47,"column":9}},{"start":{"line":45,"column":13},"end":{"line":47,"column":9}}],"line":45},"7":{"loc":{"start":{"line":53,"column":0},"end":{"line":53,"column":60}},"type":"if","locations":[{"start":{"line":53,"column":0},"end":{"line":53,"column":60}},{"start":{"line":53,"column":0},"end":{"line":53,"column":60}}],"line":53}},"s":{"0":1,"1":0,"2":0,"3":0,"4":0,"5":0,"6":0,"7":0,"8":0,"9":0,"10":0,"11":0,"12":0,"13":0,"14":0,"15":0,"16":0,"17":0,"18":0,"19":0,"20":0,"21":0,"22":0,"23":0,"24":0,"25":0,"26":0,"27":0,"28":0,"29":0,"30":0,"31":1,"32":1,"33":1},"f":{"0":0,"1":0,"2":0,"3":0},"b":{"0":[0,0],"1":[0,0],"2":[0,0],"3":[0,0],"4":[0,0],"5":[0,0],"6":[0,0],"7":[1,0]},"_coverageSchema":"1a1c01bbd47fc00a2c39e90264f33305004495a9","hash":"22e90f612af3de9e64eded227fa632f58c746afe"},"/mnt/d/project/trunk/jjj/rmi/src/main/js/translator/ClassRegistry.js":{"path":"/mnt/d/project/trunk/jjj/rmi/src/main/js/translator/ClassRegistry.js","statementMap":{"0":{"start":{"line":5,"column":8},"end":{"line":5,"column":34}},"1":{"start":{"line":14,"column":8},"end":{"line":14,"column":64}},"2":{"start":{"line":14,"column":32},"end":{"line":14,"column":64}},"3":{"start":{"line":18,"column":8},"end":{"line":18,"column":159}},"4":{"start":{"line":18,"column":42},"end":{"line":18,"column":159}},"5":{"start":{"line":19,"column":8},"end":{"line":19,"column":162}},"6":{"start":{"line":19,"column":53},"end":{"line":19,"column":162}},"7":{"start":{"line":20,"column":8},"end":{"line":20,"column":55}},"8":{"start":{"line":24,"column":8},"end":{"line":24,"column":44}},"9":{"start":{"line":28,"column":8},"end":{"line":28,"column":55}},"10":{"start":{"line":28,"column":43},"end":{"line":28,"column":55}},"11":{"start":{"line":29,"column":8},"end":{"line":29,"column":44}},"12":{"start":{"line":38,"column":8},"end":{"line":40,"column":9}},"13":{"start":{"line":39,"column":12},"end":{"line":39,"column":61}},"14":{"start":{"line":44,"column":0},"end":{"line":44,"column":31}}},"fnMap":{"0":{"name":"(anonymous_0)","decl":{"start":{"line":4,"column":4},"end":{"line":4,"column":5}},"loc":{"start":{"line":4,"column":18},"end":{"line":6,"column":5}},"line":4},"1":{"name":"(anonymous_1)","decl":{"start":{"line":13,"column":4},"end":{"line":13,"column":5}},"loc":{"start":{"line":13,"column":25},"end":{"line":15,"column":5}},"line":13},"2":{"name":"(anonymous_2)","decl":{"start":{"line":17,"column":4},"end":{"line":17,"column":5}},"loc":{"start":{"line":17,"column":26},"end":{"line":21,"column":5}},"line":17},"3":{"name":"(anonymous_3)","decl":{"start":{"line":23,"column":4},"end":{"line":23,"column":5}},"loc":{"start":{"line":23,"column":23},"end":{"line":25,"column":5}},"line":23},"4":{"name":"(anonymous_4)","decl":{"start":{"line":27,"column":4},"end":{"line":27,"column":5}},"loc":{"start":{"line":27,"column":24},"end":{"line":30,"column":5}},"line":27},"5":{"name":"(anonymous_5)","decl":{"start":{"line":37,"column":4},"end":{"line":37,"column":5}},"loc":{"start":{"line":37,"column":18},"end":{"line":41,"column":5}},"line":37}},"branchMap":{"0":{"loc":{"start":{"line":18,"column":8},"end":{"line":18,"column":159}},"type":"if","locations":[{"start":{"line":18,"column":8},"end":{"line":18,"column":159}},{"start":{"line":18,"column":8},"end":{"line":18,"column":159}}],"line":18},"1":{"loc":{"start":{"line":19,"column":8},"end":{"line":19,"column":162}},"type":"if","locations":[{"start":{"line":19,"column":8},"end":{"line":19,"column":162}},{"start":{"line":19,"column":8},"end":{"line":19,"column":162}}],"line":19},"2":{"loc":{"start":{"line":28,"column":8},"end":{"line":28,"column":55}},"type":"if","locations":[{"start":{"line":28,"column":8},"end":{"line":28,"column":55}},{"start":{"line":28,"column":8},"end":{"line":28,"column":55}}],"line":28}},"s":{"0":10,"1":0,"2":0,"3":0,"4":0,"5":0,"6":0,"7":0,"8":0,"9":0,"10":0,"11":0,"12":0,"13":0,"14":1},"f":{"0":10,"1":0,"2":0,"3":0,"4":0,"5":0},"b":{"0":[0,0],"1":[0,0],"2":[0,0]},"_coverageSchema":"1a1c01bbd47fc00a2c39e90264f33305004495a9","hash":"8220a1bb56cb532ac555261b86f9ef92a15cb7de"},"/mnt/d/project/trunk/jjj/rmi/src/main/js/translator/BiMap.js":{"path":"/mnt/d/project/trunk/jjj/rmi/src/main/js/translator/BiMap.js","statementMap":{"0":{"start":{"line":5,"column":8},"end":{"line":5,"column":35}},"1":{"start":{"line":6,"column":8},"end":{"line":6,"column":36}},"2":{"start":{"line":9,"column":8},"end":{"line":9,"column":35}},"3":{"start":{"line":12,"column":8},"end":{"line":12,"column":31}},"4":{"start":{"line":13,"column":8},"end":{"line":13,"column":32}},"5":{"start":{"line":16,"column":8},"end":{"line":16,"column":37}},"6":{"start":{"line":19,"column":18},"end":{"line":19,"column":41}},"7":{"start":{"line":20,"column":8},"end":{"line":20,"column":35}},"8":{"start":{"line":21,"column":8},"end":{"line":21,"column":36}},"9":{"start":{"line":24,"column":18},"end":{"line":24,"column":42}},"10":{"start":{"line":25,"column":8},"end":{"line":25,"column":35}},"11":{"start":{"line":26,"column":8},"end":{"line":26,"column":36}},"12":{"start":{"line":29,"column":8},"end":{"line":29,"column":39}},"13":{"start":{"line":32,"column":8},"end":{"line":32,"column":39}},"14":{"start":{"line":33,"column":8},"end":{"line":33,"column":40}},"15":{"start":{"line":36,"column":8},"end":{"line":36,"column":42}},"16":{"start":{"line":39,"column":8},"end":{"line":39,"column":39}},"17":{"start":{"line":42,"column":8},"end":{"line":42,"column":42}},"18":{"start":{"line":46,"column":18},"end":{"line":46,"column":37}},"19":{"start":{"line":47,"column":8},"end":{"line":47,"column":40}},"20":{"start":{"line":48,"column":8},"end":{"line":48,"column":39}},"21":{"start":{"line":49,"column":8},"end":{"line":49,"column":41}},"22":{"start":{"line":53,"column":0},"end":{"line":53,"column":23}}},"fnMap":{"0":{"name":"(anonymous_0)","decl":{"start":{"line":4,"column":4},"end":{"line":4,"column":5}},"loc":{"start":{"line":4,"column":18},"end":{"line":7,"column":5}},"line":4},"1":{"name":"(anonymous_1)","decl":{"start":{"line":8,"column":4},"end":{"line":8,"column":5}},"loc":{"start":{"line":8,"column":10},"end":{"line":10,"column":5}},"line":8},"2":{"name":"(anonymous_2)","decl":{"start":{"line":11,"column":4},"end":{"line":11,"column":5}},"loc":{"start":{"line":11,"column":12},"end":{"line":14,"column":5}},"line":11},"3":{"name":"(anonymous_3)","decl":{"start":{"line":15,"column":4},"end":{"line":15,"column":5}},"loc":{"start":{"line":15,"column":11},"end":{"line":17,"column":5}},"line":15},"4":{"name":"(anonymous_4)","decl":{"start":{"line":18,"column":4},"end":{"line":18,"column":5}},"loc":{"start":{"line":18,"column":21},"end":{"line":22,"column":5}},"line":18},"5":{"name":"(anonymous_5)","decl":{"start":{"line":23,"column":4},"end":{"line":23,"column":5}},"loc":{"start":{"line":23,"column":23},"end":{"line":27,"column":5}},"line":23},"6":{"name":"(anonymous_6)","decl":{"start":{"line":28,"column":4},"end":{"line":28,"column":5}},"loc":{"start":{"line":28,"column":13},"end":{"line":30,"column":5}},"line":28},"7":{"name":"(anonymous_7)","decl":{"start":{"line":31,"column":4},"end":{"line":31,"column":5}},"loc":{"start":{"line":31,"column":20},"end":{"line":34,"column":5}},"line":31},"8":{"name":"(anonymous_8)","decl":{"start":{"line":35,"column":4},"end":{"line":35,"column":5}},"loc":{"start":{"line":35,"column":18},"end":{"line":37,"column":5}},"line":35},"9":{"name":"(anonymous_9)","decl":{"start":{"line":38,"column":4},"end":{"line":38,"column":5}},"loc":{"start":{"line":38,"column":21},"end":{"line":40,"column":5}},"line":38},"10":{"name":"(anonymous_10)","decl":{"start":{"line":41,"column":4},"end":{"line":41,"column":5}},"loc":{"start":{"line":41,"column":25},"end":{"line":43,"column":5}},"line":41},"11":{"name":"(anonymous_11)","decl":{"start":{"line":45,"column":4},"end":{"line":45,"column":5}},"loc":{"start":{"line":45,"column":25},"end":{"line":50,"column":5}},"line":45}},"branchMap":{},"s":{"0":10,"1":10,"2":0,"3":0,"4":0,"5":0,"6":2,"7":2,"8":2,"9":0,"10":0,"11":0,"12":0,"13":16,"14":16,"15":15,"16":0,"17":18,"18":0,"19":0,"20":0,"21":0,"22":1},"f":{"0":10,"1":0,"2":0,"3":0,"4":2,"5":0,"6":0,"7":16,"8":15,"9":0,"10":18,"11":0},"b":{},"_coverageSchema":"1a1c01bbd47fc00a2c39e90264f33305004495a9","hash":"fd039d8776de69b98968f7a04cd976805fa9033f"},"/mnt/d/project/trunk/jjj/rmi/src/test/js/testclasses/SimpleConst.js":{"path":"/mnt/d/project/trunk/jjj/rmi/src/test/js/testclasses/SimpleConst.js","statementMap":{"0":{"start":{"line":2,"column":15},"end":{"line":2,"column":34}},"1":{"start":{"line":5,"column":12},"end":{"line":5,"column":26}},"2":{"start":{"line":8,"column":12},"end":{"line":8,"column":24}},"3":{"start":{"line":11,"column":12},"end":{"line":11,"column":60}},"4":{"start":{"line":14,"column":12},"end":{"line":14,"column":25}},"5":{"start":{"line":17,"column":12},"end":{"line":17,"column":23}},"6":{"start":{"line":18,"column":12},"end":{"line":18,"column":23}},"7":{"start":{"line":19,"column":12},"end":{"line":19,"column":39}},"8":{"start":{"line":23,"column":0},"end":{"line":23,"column":64}},"9":{"start":{"line":23,"column":35},"end":{"line":23,"column":64}}},"fnMap":{"0":{"name":"(anonymous_0)","decl":{"start":{"line":4,"column":1},"end":{"line":4,"column":2}},"loc":{"start":{"line":4,"column":15},"end":{"line":6,"column":9}},"line":4},"1":{"name":"(anonymous_1)","decl":{"start":{"line":7,"column":1},"end":{"line":7,"column":2}},"loc":{"start":{"line":7,"column":24},"end":{"line":9,"column":9}},"line":7},"2":{"name":"(anonymous_2)","decl":{"start":{"line":10,"column":1},"end":{"line":10,"column":2}},"loc":{"start":{"line":10,"column":21},"end":{"line":12,"column":9}},"line":10},"3":{"name":"(anonymous_3)","decl":{"start":{"line":13,"column":1},"end":{"line":13,"column":2}},"loc":{"start":{"line":13,"column":19},"end":{"line":15,"column":9}},"line":13},"4":{"name":"(anonymous_4)","decl":{"start":{"line":16,"column":1},"end":{"line":16,"column":2}},"loc":{"start":{"line":16,"column":10},"end":{"line":20,"column":9}},"line":16}},"branchMap":{"0":{"loc":{"start":{"line":23,"column":0},"end":{"line":23,"column":64}},"type":"if","locations":[{"start":{"line":23,"column":0},"end":{"line":23,"column":64}},{"start":{"line":23,"column":0},"end":{"line":23,"column":64}}],"line":23}},"s":{"0":1,"1":0,"2":0,"3":0,"4":0,"5":0,"6":0,"7":0,"8":1,"9":1},"f":{"0":0,"1":0,"2":0,"3":0,"4":0},"b":{"0":[1,0]},"_coverageSchema":"1a1c01bbd47fc00a2c39e90264f33305004495a9","hash":"ca1d935f301af7d8c12345b814e21655aeb1df46"},"/mnt/d/project/trunk/jjj/rmi/src/test/js/testclasses/Shapes.js":{"path":"/mnt/d/project/trunk/jjj/rmi/src/test/js/testclasses/Shapes.js","statementMap":{"0":{"start":{"line":4,"column":12},"end":{"line":4,"column":33}},"1":{"start":{"line":7,"column":12},"end":{"line":7,"column":32}},"2":{"start":{"line":10,"column":12},"end":{"line":10,"column":24}},"3":{"start":{"line":13,"column":12},"end":{"line":13,"column":55}},"4":{"start":{"line":16,"column":12},"end":{"line":16,"column":24}},"5":{"start":{"line":19,"column":0},"end":{"line":19,"column":23}},"6":{"start":{"line":20,"column":0},"end":{"line":20,"column":61}},"7":{"start":{"line":21,"column":0},"end":{"line":21,"column":61}},"8":{"start":{"line":22,"column":0},"end":{"line":22,"column":65}},"9":{"start":{"line":23,"column":0},"end":{"line":23,"column":54}},"10":{"start":{"line":23,"column":27},"end":{"line":23,"column":52}},"11":{"start":{"line":25,"column":0},"end":{"line":25,"column":59}},"12":{"start":{"line":25,"column":35},"end":{"line":25,"column":59}}},"fnMap":{"0":{"name":"(anonymous_0)","decl":{"start":{"line":3,"column":1},"end":{"line":3,"column":2}},"loc":{"start":{"line":3,"column":20},"end":{"line":5,"column":9}},"line":3},"1":{"name":"(anonymous_1)","decl":{"start":{"line":6,"column":1},"end":{"line":6,"column":2}},"loc":{"start":{"line":6,"column":12},"end":{"line":8,"column":9}},"line":6},"2":{"name":"(anonymous_2)","decl":{"start":{"line":9,"column":1},"end":{"line":9,"column":2}},"loc":{"start":{"line":9,"column":24},"end":{"line":11,"column":9}},"line":9},"3":{"name":"(anonymous_3)","decl":{"start":{"line":12,"column":1},"end":{"line":12,"column":2}},"loc":{"start":{"line":12,"column":21},"end":{"line":14,"column":9}},"line":12},"4":{"name":"(anonymous_4)","decl":{"start":{"line":15,"column":1},"end":{"line":15,"column":2}},"loc":{"start":{"line":15,"column":19},"end":{"line":17,"column":9}},"line":15},"5":{"name":"(anonymous_5)","decl":{"start":{"line":23,"column":16},"end":{"line":23,"column":17}},"loc":{"start":{"line":23,"column":26},"end":{"line":23,"column":53}},"line":23}},"branchMap":{"0":{"loc":{"start":{"line":25,"column":0},"end":{"line":25,"column":59}},"type":"if","locations":[{"start":{"line":25,"column":0},"end":{"line":25,"column":59}},{"start":{"line":25,"column":0},"end":{"line":25,"column":59}}],"line":25}},"s":{"0":3,"1":1,"2":0,"3":1,"4":1,"5":1,"6":1,"7":1,"8":1,"9":1,"10":0,"11":1,"12":1},"f":{"0":3,"1":1,"2":0,"3":1,"4":1,"5":0},"b":{"0":[1,0]},"_coverageSchema":"1a1c01bbd47fc00a2c39e90264f33305004495a9","hash":"262ff25dff3d37e693c34b9e9a7e7577ec03c6fa"},"/mnt/d/project/trunk/jjj/rmi/src/test/js/testclasses/Simple.js":{"path":"/mnt/d/project/trunk/jjj/rmi/src/test/js/testclasses/Simple.js","statementMap":{"0":{"start":{"line":2,"column":15},"end":{"line":2,"column":34}},"1":{"start":{"line":5,"column":12},"end":{"line":5,"column":26}},"2":{"start":{"line":8,"column":12},"end":{"line":8,"column":24}},"3":{"start":{"line":11,"column":12},"end":{"line":11,"column":55}},"4":{"start":{"line":14,"column":12},"end":{"line":14,"column":25}},"5":{"start":{"line":17,"column":12},"end":{"line":17,"column":23}},"6":{"start":{"line":18,"column":12},"end":{"line":18,"column":23}},"7":{"start":{"line":19,"column":12},"end":{"line":19,"column":39}},"8":{"start":{"line":23,"column":0},"end":{"line":23,"column":59}},"9":{"start":{"line":23,"column":35},"end":{"line":23,"column":59}}},"fnMap":{"0":{"name":"(anonymous_0)","decl":{"start":{"line":4,"column":1},"end":{"line":4,"column":2}},"loc":{"start":{"line":4,"column":15},"end":{"line":6,"column":9}},"line":4},"1":{"name":"(anonymous_1)","decl":{"start":{"line":7,"column":1},"end":{"line":7,"column":2}},"loc":{"start":{"line":7,"column":24},"end":{"line":9,"column":9}},"line":7},"2":{"name":"(anonymous_2)","decl":{"start":{"line":10,"column":1},"end":{"line":10,"column":2}},"loc":{"start":{"line":10,"column":21},"end":{"line":12,"column":9}},"line":10},"3":{"name":"(anonymous_3)","decl":{"start":{"line":13,"column":1},"end":{"line":13,"column":2}},"loc":{"start":{"line":13,"column":19},"end":{"line":15,"column":9}},"line":13},"4":{"name":"(anonymous_4)","decl":{"start":{"line":16,"column":1},"end":{"line":16,"column":2}},"loc":{"start":{"line":16,"column":10},"end":{"line":20,"column":9}},"line":16}},"branchMap":{"0":{"loc":{"start":{"line":23,"column":0},"end":{"line":23,"column":59}},"type":"if","locations":[{"start":{"line":23,"column":0},"end":{"line":23,"column":59}},{"start":{"line":23,"column":0},"end":{"line":23,"column":59}}],"line":23}},"s":{"0":1,"1":1,"2":0,"3":2,"4":0,"5":1,"6":1,"7":1,"8":1,"9":1},"f":{"0":1,"1":0,"2":2,"3":0,"4":1},"b":{"0":[1,0]},"_coverageSchema":"1a1c01bbd47fc00a2c39e90264f33305004495a9","hash":"559015a3d17506073441345145490f94a0373b6b"},"/mnt/d/project/trunk/jjj/rmi/src/test/js/testclasses/SelfRef.js":{"path":"/mnt/d/project/trunk/jjj/rmi/src/test/js/testclasses/SelfRef.js","statementMap":{"0":{"start":{"line":4,"column":12},"end":{"line":4,"column":26}},"1":{"start":{"line":7,"column":12},"end":{"line":7,"column":24}},"2":{"start":{"line":10,"column":12},"end":{"line":10,"column":56}},"3":{"start":{"line":13,"column":12},"end":{"line":13,"column":25}},"4":{"start":{"line":17,"column":12},"end":{"line":17,"column":33}},"5":{"start":{"line":21,"column":0},"end":{"line":21,"column":60}},"6":{"start":{"line":21,"column":35},"end":{"line":21,"column":60}}},"fnMap":{"0":{"name":"(anonymous_0)","decl":{"start":{"line":3,"column":1},"end":{"line":3,"column":2}},"loc":{"start":{"line":3,"column":15},"end":{"line":5,"column":9}},"line":3},"1":{"name":"(anonymous_1)","decl":{"start":{"line":6,"column":1},"end":{"line":6,"column":2}},"loc":{"start":{"line":6,"column":24},"end":{"line":8,"column":9}},"line":6},"2":{"name":"(anonymous_2)","decl":{"start":{"line":9,"column":1},"end":{"line":9,"column":2}},"loc":{"start":{"line":9,"column":21},"end":{"line":11,"column":9}},"line":9},"3":{"name":"(anonymous_3)","decl":{"start":{"line":12,"column":1},"end":{"line":12,"column":2}},"loc":{"start":{"line":12,"column":19},"end":{"line":14,"column":9}},"line":12},"4":{"name":"(anonymous_4)","decl":{"start":{"line":15,"column":1},"end":{"line":15,"column":2}},"loc":{"start":{"line":15,"column":10},"end":{"line":15,"column":12}},"line":15},"5":{"name":"(anonymous_5)","decl":{"start":{"line":16,"column":1},"end":{"line":16,"column":2}},"loc":{"start":{"line":16,"column":8},"end":{"line":18,"column":9}},"line":16}},"branchMap":{"0":{"loc":{"start":{"line":21,"column":0},"end":{"line":21,"column":60}},"type":"if","locations":[{"start":{"line":21,"column":0},"end":{"line":21,"column":60}},{"start":{"line":21,"column":0},"end":{"line":21,"column":60}}],"line":21}},"s":{"0":0,"1":0,"2":0,"3":0,"4":0,"5":1,"6":1},"f":{"0":0,"1":0,"2":0,"3":0,"4":0,"5":0},"b":{"0":[1,0]},"_coverageSchema":"1a1c01bbd47fc00a2c39e90264f33305004495a9","hash":"269d097eaaf9c96db2dc8f321af403c616f7e064"},"/mnt/d/project/trunk/jjj/rmi/src/test/js/testclasses/ReferenceEnum.js":{"path":"/mnt/d/project/trunk/jjj/rmi/src/test/js/testclasses/ReferenceEnum.js","statementMap":{"0":{"start":{"line":2,"column":15},"end":{"line":2,"column":34}},"1":{"start":{"line":5,"column":12},"end":{"line":5,"column":26}},"2":{"start":{"line":8,"column":12},"end":{"line":8,"column":24}},"3":{"start":{"line":11,"column":12},"end":{"line":11,"column":62}},"4":{"start":{"line":14,"column":12},"end":{"line":14,"column":25}},"5":{"start":{"line":17,"column":12},"end":{"line":17,"column":35}},"6":{"start":{"line":20,"column":12},"end":{"line":20,"column":47}},"7":{"start":{"line":21,"column":12},"end":{"line":21,"column":25}},"8":{"start":{"line":25,"column":0},"end":{"line":25,"column":66}},"9":{"start":{"line":25,"column":35},"end":{"line":25,"column":66}}},"fnMap":{"0":{"name":"(anonymous_0)","decl":{"start":{"line":4,"column":1},"end":{"line":4,"column":2}},"loc":{"start":{"line":4,"column":15},"end":{"line":6,"column":9}},"line":4},"1":{"name":"(anonymous_1)","decl":{"start":{"line":7,"column":1},"end":{"line":7,"column":2}},"loc":{"start":{"line":7,"column":24},"end":{"line":9,"column":9}},"line":7},"2":{"name":"(anonymous_2)","decl":{"start":{"line":10,"column":1},"end":{"line":10,"column":2}},"loc":{"start":{"line":10,"column":21},"end":{"line":12,"column":9}},"line":10},"3":{"name":"(anonymous_3)","decl":{"start":{"line":13,"column":1},"end":{"line":13,"column":2}},"loc":{"start":{"line":13,"column":19},"end":{"line":15,"column":9}},"line":13},"4":{"name":"(anonymous_4)","decl":{"start":{"line":16,"column":1},"end":{"line":16,"column":2}},"loc":{"start":{"line":16,"column":10},"end":{"line":18,"column":9}},"line":16},"5":{"name":"(anonymous_5)","decl":{"start":{"line":19,"column":1},"end":{"line":19,"column":2}},"loc":{"start":{"line":19,"column":14},"end":{"line":22,"column":9}},"line":19}},"branchMap":{"0":{"loc":{"start":{"line":20,"column":12},"end":{"line":20,"column":47}},"type":"if","locations":[{"start":{"line":20,"column":12},"end":{"line":20,"column":47}},{"start":{"line":20,"column":12},"end":{"line":20,"column":47}}],"line":20},"1":{"loc":{"start":{"line":25,"column":0},"end":{"line":25,"column":66}},"type":"if","locations":[{"start":{"line":25,"column":0},"end":{"line":25,"column":66}},{"start":{"line":25,"column":0},"end":{"line":25,"column":66}}],"line":25}},"s":{"0":1,"1":0,"2":0,"3":0,"4":0,"5":0,"6":0,"7":0,"8":1,"9":1},"f":{"0":0,"1":0,"2":0,"3":0,"4":0,"5":0},"b":{"0":[0,0],"1":[1,0]},"_coverageSchema":"1a1c01bbd47fc00a2c39e90264f33305004495a9","hash":"59723c6de582c9622c1e142952bbc88f3c2bc573"},"/mnt/d/project/trunk/jjj/rmi/src/test/js/testclasses/MyEnum.js":{"path":"/mnt/d/project/trunk/jjj/rmi/src/test/js/testclasses/MyEnum.js","statementMap":{"0":{"start":{"line":4,"column":12},"end":{"line":4,"column":33}},"1":{"start":{"line":7,"column":12},"end":{"line":7,"column":32}},"2":{"start":{"line":10,"column":12},"end":{"line":10,"column":24}},"3":{"start":{"line":13,"column":12},"end":{"line":13,"column":55}},"4":{"start":{"line":16,"column":12},"end":{"line":16,"column":24}},"5":{"start":{"line":19,"column":0},"end":{"line":19,"column":23}},"6":{"start":{"line":20,"column":0},"end":{"line":20,"column":51}},"7":{"start":{"line":21,"column":0},"end":{"line":21,"column":51}},"8":{"start":{"line":22,"column":0},"end":{"line":22,"column":51}},"9":{"start":{"line":23,"column":0},"end":{"line":23,"column":51}},"10":{"start":{"line":24,"column":0},"end":{"line":24,"column":54}},"11":{"start":{"line":24,"column":27},"end":{"line":24,"column":52}},"12":{"start":{"line":26,"column":0},"end":{"line":26,"column":59}},"13":{"start":{"line":26,"column":35},"end":{"line":26,"column":59}}},"fnMap":{"0":{"name":"(anonymous_0)","decl":{"start":{"line":3,"column":1},"end":{"line":3,"column":2}},"loc":{"start":{"line":3,"column":20},"end":{"line":5,"column":9}},"line":3},"1":{"name":"(anonymous_1)","decl":{"start":{"line":6,"column":1},"end":{"line":6,"column":2}},"loc":{"start":{"line":6,"column":12},"end":{"line":8,"column":9}},"line":6},"2":{"name":"(anonymous_2)","decl":{"start":{"line":9,"column":1},"end":{"line":9,"column":2}},"loc":{"start":{"line":9,"column":24},"end":{"line":11,"column":9}},"line":9},"3":{"name":"(anonymous_3)","decl":{"start":{"line":12,"column":1},"end":{"line":12,"column":2}},"loc":{"start":{"line":12,"column":21},"end":{"line":14,"column":9}},"line":12},"4":{"name":"(anonymous_4)","decl":{"start":{"line":15,"column":1},"end":{"line":15,"column":2}},"loc":{"start":{"line":15,"column":19},"end":{"line":17,"column":9}},"line":15},"5":{"name":"(anonymous_5)","decl":{"start":{"line":24,"column":16},"end":{"line":24,"column":17}},"loc":{"start":{"line":24,"column":26},"end":{"line":24,"column":53}},"line":24}},"branchMap":{"0":{"loc":{"start":{"line":26,"column":0},"end":{"line":26,"column":59}},"type":"if","locations":[{"start":{"line":26,"column":0},"end":{"line":26,"column":59}},{"start":{"line":26,"column":0},"end":{"line":26,"column":59}}],"line":26}},"s":{"0":4,"1":0,"2":0,"3":0,"4":0,"5":1,"6":1,"7":1,"8":1,"9":1,"10":1,"11":0,"12":1,"13":1},"f":{"0":4,"1":0,"2":0,"3":0,"4":0,"5":0},"b":{"0":[1,0]},"_coverageSchema":"1a1c01bbd47fc00a2c39e90264f33305004495a9","hash":"88d75fbc2d8343113fb024e7722a995054138b8a"},"/mnt/d/project/trunk/jjj/rmi/src/test/js/testclasses/PrimitivesExtended.js":{"path":"/mnt/d/project/trunk/jjj/rmi/src/test/js/testclasses/PrimitivesExtended.js","statementMap":{"0":{"start":{"line":2,"column":19},"end":{"line":2,"column":42}},"1":{"start":{"line":5,"column":12},"end":{"line":5,"column":21}},"2":{"start":{"line":6,"column":12},"end":{"line":6,"column":26}},"3":{"start":{"line":7,"column":12},"end":{"line":7,"column":23}},"4":{"start":{"line":8,"column":12},"end":{"line":8,"column":37}},"5":{"start":{"line":11,"column":12},"end":{"line":11,"column":25}},"6":{"start":{"line":14,"column":12},"end":{"line":14,"column":67}},"7":{"start":{"line":17,"column":12},"end":{"line":17,"column":25}},"8":{"start":{"line":20,"column":12},"end":{"line":20,"column":39}},"9":{"start":{"line":26,"column":0},"end":{"line":26,"column":71}},"10":{"start":{"line":26,"column":35},"end":{"line":26,"column":71}}},"fnMap":{"0":{"name":"(anonymous_0)","decl":{"start":{"line":4,"column":1},"end":{"line":4,"column":2}},"loc":{"start":{"line":4,"column":20},"end":{"line":9,"column":9}},"line":4},"1":{"name":"(anonymous_1)","decl":{"start":{"line":10,"column":1},"end":{"line":10,"column":2}},"loc":{"start":{"line":10,"column":24},"end":{"line":12,"column":9}},"line":10},"2":{"name":"(anonymous_2)","decl":{"start":{"line":13,"column":1},"end":{"line":13,"column":2}},"loc":{"start":{"line":13,"column":21},"end":{"line":15,"column":9}},"line":13},"3":{"name":"(anonymous_3)","decl":{"start":{"line":16,"column":1},"end":{"line":16,"column":2}},"loc":{"start":{"line":16,"column":19},"end":{"line":18,"column":9}},"line":16},"4":{"name":"(anonymous_4)","decl":{"start":{"line":19,"column":1},"end":{"line":19,"column":2}},"loc":{"start":{"line":19,"column":10},"end":{"line":21,"column":9}},"line":19},"5":{"name":"(anonymous_5)","decl":{"start":{"line":22,"column":1},"end":{"line":22,"column":2}},"loc":{"start":{"line":22,"column":14},"end":{"line":22,"column":16}},"line":22},"6":{"name":"(anonymous_6)","decl":{"start":{"line":23,"column":1},"end":{"line":23,"column":2}},"loc":{"start":{"line":23,"column":7},"end":{"line":23,"column":9}},"line":23}},"branchMap":{"0":{"loc":{"start":{"line":4,"column":13},"end":{"line":4,"column":18}},"type":"default-arg","locations":[{"start":{"line":4,"column":17},"end":{"line":4,"column":18}}],"line":4},"1":{"loc":{"start":{"line":26,"column":0},"end":{"line":26,"column":71}},"type":"if","locations":[{"start":{"line":26,"column":0},"end":{"line":26,"column":71}},{"start":{"line":26,"column":0},"end":{"line":26,"column":71}}],"line":26}},"s":{"0":1,"1":1,"2":1,"3":1,"4":1,"5":0,"6":2,"7":0,"8":2,"9":1,"10":1},"f":{"0":1,"1":0,"2":2,"3":0,"4":2,"5":1,"6":1},"b":{"0":[0],"1":[1,0]},"_coverageSchema":"1a1c01bbd47fc00a2c39e90264f33305004495a9","hash":"5fd78ead7eed62b236d9fbc5d8424bdef054b331"},"/mnt/d/project/trunk/jjj/rmi/src/test/js/testclasses/Primitives.js":{"path":"/mnt/d/project/trunk/jjj/rmi/src/test/js/testclasses/Primitives.js","statementMap":{"0":{"start":{"line":4,"column":12},"end":{"line":4,"column":26}},"1":{"start":{"line":5,"column":12},"end":{"line":5,"column":38}},"2":{"start":{"line":6,"column":12},"end":{"line":6,"column":34}},"3":{"start":{"line":7,"column":12},"end":{"line":7,"column":31}},"4":{"start":{"line":8,"column":12},"end":{"line":8,"column":26}},"5":{"start":{"line":9,"column":12},"end":{"line":9,"column":46}},"6":{"start":{"line":10,"column":12},"end":{"line":10,"column":32}},"7":{"start":{"line":11,"column":12},"end":{"line":11,"column":42}},"8":{"start":{"line":12,"column":12},"end":{"line":12,"column":33}},"9":{"start":{"line":13,"column":12},"end":{"line":13,"column":29}},"10":{"start":{"line":14,"column":12},"end":{"line":14,"column":23}},"11":{"start":{"line":17,"column":12},"end":{"line":17,"column":24}},"12":{"start":{"line":20,"column":12},"end":{"line":20,"column":59}},"13":{"start":{"line":23,"column":12},"end":{"line":23,"column":25}},"14":{"start":{"line":26,"column":12},"end":{"line":26,"column":34}},"15":{"start":{"line":27,"column":12},"end":{"line":27,"column":27}},"16":{"start":{"line":28,"column":12},"end":{"line":28,"column":28}},"17":{"start":{"line":29,"column":12},"end":{"line":29,"column":26}},"18":{"start":{"line":30,"column":12},"end":{"line":30,"column":27}},"19":{"start":{"line":31,"column":12},"end":{"line":31,"column":28}},"20":{"start":{"line":32,"column":12},"end":{"line":32,"column":43}},"21":{"start":{"line":33,"column":12},"end":{"line":33,"column":29}},"22":{"start":{"line":34,"column":12},"end":{"line":34,"column":25}},"23":{"start":{"line":35,"column":12},"end":{"line":35,"column":24}},"24":{"start":{"line":36,"column":12},"end":{"line":36,"column":31}},"25":{"start":{"line":40,"column":0},"end":{"line":40,"column":63}},"26":{"start":{"li
[...]
rt":{"line":4,"column":1},"end":{"line":4,"column":2}},"loc":{"start":{"line":4,"column":15},"end":{"line":7,"column":9}},"line":4},"1":{"name":"(anonymous_1)","decl":{"start":{"line":8,"column":1},"end":{"line":8,"column":2}},"loc":{"start":{"line":8,"column":24},"end":{"line":10,"column":9}},"line":8},"2":{"name":"(anonymous_2)","decl":{"start":{"line":11,"column":1},"end":{"line":11,"column":2}},"loc":{"start":{"line":11,"column":21},"end":{"line":13,"column":9}},"line":11},"3":{"name":"(anonymous_3)","decl":{"start":{"line":14,"column":1},"end":{"line":14,"column":2}},"loc":{"start":{"line":14,"column":19},"end":{"line":16,"column":9}},"line":14},"4":{"name":"(anonymous_4)","decl":{"start":{"line":17,"column":1},"end":{"line":17,"column":2}},"loc":{"start":{"line":17,"column":10},"end":{"line":17,"column":12}},"line":17}},"branchMap":{"0":{"loc":{"start":{"line":20,"column":0},"end":{"line":20,"column":64}},"type":"if","locations":[{"start":{"line":20,"column":0},"end":{"line":20,"column":64}},{"start":{"line":20,"column":0},"end":{"line":20,"column":64}}],"line":20}},"s":{"0":1,"1":0,"2":0,"3":0,"4":0,"5":0,"6":1,"7":1},"f":{"0":0,"1":0,"2":0,"3":0,"4":0},"b":{"0":[1,0]},"_coverageSchema":"1a1c01bbd47fc00a2c39e90264f33305004495a9","hash":"fb290e218c6ceca6070763581e10ca4727ba42be"},"/mnt/d/project/trunk/jjj/rmi/src/test/js/testclasses/EmptyConstructor.js":{"path":"/mnt/d/project/trunk/jjj/rmi/src/test/js/testclasses/EmptyConstructor.js","statementMap":{"0":{"start":{"line":4,"column":12},"end":{"line":4,"column":26}},"1":{"start":{"line":7,"column":12},"end":{"line":7,"column":24}},"2":{"start":{"line":10,"column":12},"end":{"line":10,"column":65}},"3":{"start":{"line":13,"column":12},"end":{"line":13,"column":25}},"4":{"start":{"line":18,"column":0},"end":{"line":18,"column":69}},"5":{"start":{"line":18,"column":35},"end":{"line":18,"column":69}}},"fnMap":{"0":{"name":"(anonymous_0)","decl":{"start":{"line":3,"column":1},"end":{"line":3,"column":2}},"loc":{"start":{"line":3,"column":15},"end":{"line":5,"column":9}},"line":3},"1":{"name":"(anonymous_1)","decl":{"start":{"line":6,"column":1},"end":{"line":6,"column":2}},"loc":{"start":{"line":6,"column":24},"end":{"line":8,"column":9}},"line":6},"2":{"name":"(anonymous_2)","decl":{"start":{"line":9,"column":1},"end":{"line":9,"column":2}},"loc":{"start":{"line":9,"column":21},"end":{"line":11,"column":9}},"line":9},"3":{"name":"(anonymous_3)","decl":{"start":{"line":12,"column":1},"end":{"line":12,"column":2}},"loc":{"start":{"line":12,"column":19},"end":{"line":14,"column":9}},"line":12},"4":{"name":"(anonymous_4)","decl":{"start":{"line":15,"column":1},"end":{"line":15,"column":2}},"loc":{"start":{"line":15,"column":10},"end":{"line":15,"column":12}},"line":15}},"branchMap":{"0":{"loc":{"start":{"line":18,"column":0},"end":{"line":18,"column":69}},"type":"if","locations":[{"start":{"line":18,"column":0},"end":{"line":18,"column":69}},{"start":{"line":18,"column":0},"end":{"line":18,"column":69}}],"line":18}},"s":{"0":0,"1":0,"2":0,"3":0,"4":1,"5":1},"f":{"0":0,"1":0,"2":0,"3":0,"4":0},"b":{"0":[1,0]},"_coverageSchema":"1a1c01bbd47fc00a2c39e90264f33305004495a9","hash":"79566408a6f084451a946b0c1ee9e9055101e648"},"/mnt/d/project/trunk/jjj/rmi/src/test/js/testclasses/DoNotRetainExtends.js":{"path":"/mnt/d/project/trunk/jjj/rmi/src/test/js/testclasses/DoNotRetainExtends.js","statementMap":{"0":{"start":{"line":4,"column":12},"end":{"line":4,"column":26}},"1":{"start":{"line":7,"column":12},"end":{"line":7,"column":24}},"2":{"start":{"line":10,"column":12},"end":{"line":10,"column":67}},"3":{"start":{"line":13,"column":12},"end":{"line":13,"column":25}},"4":{"start":{"line":16,"column":12},"end":{"line":16,"column":23}},"5":{"start":{"line":19,"column":12},"end":{"line":19,"column":26}},"6":{"start":{"line":22,"column":12},"end":{"line":22,"column":23}},"7":{"start":{"line":26,"column":0},"end":{"line":26,"column":71}},"8":{"start":{"line":26,"column":35},"end":{"line":26,"column":71}}},"fnMap":{"0":{"name":"(anonymous_0)","decl":{"start":{"line":3,"column":1},"end":{"line":3,"column":2}},"loc":{"start":{"line":3,"column":15},"end":{"line":5,"column":9}},"line":3},"1":{"name":"(anonymous_1)","decl":{"start":{"line":6,"column":1},"end":{"line":6,"column":2}},"loc":{"start":{"line":6,"column":24},"end":{"line":8,"column":9}},"line":6},"2":{"name":"(anonymous_2)","decl":{"start":{"line":9,"column":1},"end":{"line":9,"column":2}},"loc":{"start":{"line":9,"column":21},"end":{"line":11,"column":9}},"line":9},"3":{"name":"(anonymous_3)","decl":{"start":{"line":12,"column":1},"end":{"line":12,"column":2}},"loc":{"start":{"line":12,"column":19},"end":{"line":14,"column":9}},"line":12},"4":{"name":"(anonymous_4)","decl":{"start":{"line":15,"column":1},"end":{"line":15,"column":2}},"loc":{"start":{"line":15,"column":10},"end":{"line":17,"column":9}},"line":15},"5":{"name":"(anonymous_5)","decl":{"start":{"line":18,"column":1},"end":{"line":18,"column":2}},"loc":{"start":{"line":18,"column":8},"end":{"line":20,"column":9}},"line":18},"6":{"name":"(anonymous_6)","decl":{"start":{"line":21,"column":1},"end":{"line":21,"column":2}},"loc":{"start":{"line":21,"column":9},"end":{"line":23,"column":9}},"line":21}},"branchMap":{"0":{"loc":{"start":{"line":26,"column":0},"end":{"line":26,"column":71}},"type":"if","locations":[{"start":{"line":26,"column":0},"end":{"line":26,"column":71}},{"start":{"line":26,"column":0},"end":{"line":26,"column":71}}],"line":26}},"s":{"0":0,"1":0,"2":0,"3":0,"4":0,"5":0,"6":0,"7":1,"8":1},"f":{"0":0,"1":0,"2":0,"3":0,"4":0,"5":0,"6":0},"b":{"0":[1,0]},"_coverageSchema":"1a1c01bbd47fc00a2c39e90264f33305004495a9","hash":"ac0767d489a07cc5068353ed7e4bc21ab48e729e"},"/mnt/d/project/trunk/jjj/rmi/src/test/js/testclasses/DoNotRetainAnno.js":{"path":"/mnt/d/project/trunk/jjj/rmi/src/test/js/testclasses/DoNotRetainAnno.js","statementMap":{"0":{"start":{"line":4,"column":12},"end":{"line":4,"column":26}},"1":{"start":{"line":7,"column":12},"end":{"line":7,"column":24}},"2":{"start":{"line":10,"column":12},"end":{"line":10,"column":64}},"3":{"start":{"line":13,"column":12},"end":{"line":13,"column":25}},"4":{"start":{"line":16,"column":12},"end":{"line":16,"column":23}},"5":{"start":{"line":19,"column":12},"end":{"line":19,"column":26}},"6":{"start":{"line":22,"column":12},"end":{"line":22,"column":23}},"7":{"start":{"line":26,"column":0},"end":{"line":26,"column":68}},"8":{"start":{"line":26,"column":35},"end":{"line":26,"column":68}}},"fnMap":{"0":{"name":"(anonymous_0)","decl":{"start":{"line":3,"column":1},"end":{"line":3,"column":2}},"loc":{"start":{"line":3,"column":15},"end":{"line":5,"column":9}},"line":3},"1":{"name":"(anonymous_1)","decl":{"start":{"line":6,"column":1},"end":{"line":6,"column":2}},"loc":{"start":{"line":6,"column":24},"end":{"line":8,"column":9}},"line":6},"2":{"name":"(anonymous_2)","decl":{"start":{"line":9,"column":1},"end":{"line":9,"column":2}},"loc":{"start":{"line":9,"column":21},"end":{"line":11,"column":9}},"line":9},"3":{"name":"(anonymous_3)","decl":{"start":{"line":12,"column":1},"end":{"line":12,"column":2}},"loc":{"start":{"line":12,"column":19},"end":{"line":14,"column":9}},"line":12},"4":{"name":"(anonymous_4)","decl":{"start":{"line":15,"column":1},"end":{"line":15,"column":2}},"loc":{"start":{"line":15,"column":10},"end":{"line":17,"column":9}},"line":15},"5":{"name":"(anonymous_5)","decl":{"start":{"line":18,"column":1},"end":{"line":18,"column":2}},"loc":{"start":{"line":18,"column":8},"end":{"line":20,"column":9}},"line":18},"6":{"name":"(anonymous_6)","decl":{"start":{"line":21,"column":1},"end":{"line":21,"column":2}},"loc":{"start":{"line":21,"column":9},"end":{"line":23,"column":9}},"line":21}},"branchMap":{"0":{"loc":{"start":{"line":26,"column":0},"end":{"line":26,"column":68}},"type":"if","locations":[{"start":{"line":26,"column":0},"end":{"line":26,"column":68}},{"start":{"line":26,"column":0},"end":{"line":26,"column":68}}],"line":26}},"s":{"0":0,"1":0,"2":0,"3":0,"4":0,"5":0,"6":0,"7":1,"8":1},"f":{"0":0,"1":0,"2":0,"3":0,"4":0,"5":0,"6":0},"b":{"0":[1,0]},"_coverageSchema":"1a1c01bbd47fc00a2c39e90264f33305004495a9","hash":"3d1b99e669b0df54d02e57e1dd0218ac51645fd7"},"/mnt/d/project/trunk/jjj/rmi/src/test/js/testclasses/ConstInit.js":{"path":"/mnt/d/project/trunk/jjj/rmi/src/test/js/testclasses/ConstInit.js","statementMap":{"0":{"start":{"line":2,"column":15},"end":{"line":2,"column":34}},"1":{"start":{"line":5,"column":12},"end":{"line":5,"column":26}},"2":{"start":{"line":8,"column":24},"end":{"line":8,"column":37}},"3":{"start":{"line":11,"column":12},"end":{"line":11,"column":24}},"4":{"start":{"line":14,"column":12},"end":{"line":14,"column":58}},"5":{"start":{"line":17,"column":12},"end":{"line":17,"column":25}},"6":{"start":{"line":20,"column":12},"end":{"line":20,"column":31}},"7":{"start":{"line":21,"column":12},"end":{"line":21,"column":31}},"8":{"start":{"line":22,"column":12},"end":{"line":22,"column":35}},"9":{"start":{"line":26,"column":0},"end":{"line":26,"column":62}},"10":{"start":{"line":26,"column":35},"end":{"line":26,"column":62}}},"fnMap":{"0":{"name":"(anonymous_0)","decl":{"start":{"line":4,"column":1},"end":{"line":4,"column":2}},"loc":{"start":{"line":4,"column":15},"end":{"line":9,"column":9}},"line":4},"1":{"name":"(anonymous_1)","decl":{"start":{"line":10,"column":1},"end":{"line":10,"column":2}},"loc":{"start":{"line":10,"column":24},"end":{"line":12,"column":9}},"line":10},"2":{"name":"(anonymous_2)","decl":{"start":{"line":13,"column":1},"end":{"line":13,"column":2}},"loc":{"start":{"line":13,"column":21},"end":{"line":15,"column":9}},"line":13},"3":{"name":"(anonymous_3)","decl":{"start":{"line":16,"column":1},"end":{"line":16,"column":2}},"loc":{"start":{"line":16,"column":19},"end":{"line":18,"column":9}},"line":16},"4":{"name":"(anonymous_4)","decl":{"start":{"line":19,"column":1},"end":{"line":19,"column":2}},"loc":{"start":{"line":19,"column":10},"end":{"line":23,"column":9}},"line":19}},"branchMap":{"0":{"loc":{"start":{"line":26,"column":0},"end":{"line":26,"column":62}},"type":"if","locations":[{"start":{"line":26,"column":0},"end":{"line":26,"column":62}},{"start":{"line":26,"column":0},"end":{"line":26,"column":62}}],"line":26}},"s":{"0":1,"1":0,"2":0,"3":0,"4":0,"5":0,"6":0,"7":0,"8":0,"9":1,"10":1},"f":{"0":0,"1":0,"2":0,"3":0,"4":0},"b":{"0":[1,0]},"_coverageSchema":"1a1c01bbd47fc00a2c39e90264f33305004495a9","hash":"8560394fa4b2ab86a7cd5126cc0a4a3c0f9db088"},"/mnt/d/project/trunk/jjj/rmi/src/test/js/testclasses/CircularRef.js":{"path":"/mnt/d/project/trunk/jjj/rmi/src/test/js/testclasses/CircularRef.js","statementMap":{"0":{"start":{"line":4,"column":12},"end":{"line":4,"column":26}},"1":{"start":{"line":5,"column":12},"end":{"line":5,"column":33}},"2":{"start":{"line":8,"column":12},"end":{"line":8,"column":25}},"3":{"start":{"line":11,"column":12},"end":{"line":11,"column":60}},"4":{"start":{"line":14,"column":12},"end":{"line":14,"column":25}},"5":{"start":{"line":17,"column":12},"end":{"line":17,"column":36}},"6":{"start":{"line":21,"column":0},"end":{"line":21,"column":64}},"7":{"start":{"line":21,"column":35},"end":{"line":21,"column":64}}},"fnMap":{"0":{"name":"(anonymous_0)","decl":{"start":{"line":3,"column":1},"end":{"line":3,"column":2}},"loc":{"start":{"line":3,"column":45},"end":{"line":6,"column":9}},"line":3},"1":{"name":"(anonymous_1)","decl":{"start":{"line":7,"column":1},"end":{"line":7,"column":2}},"loc":{"start":{"line":7,"column":24},"end":{"line":9,"column":9}},"line":7},"2":{"name":"(anonymous_2)","decl":{"start":{"line":10,"column":1},"end":{"line":10,"column":2}},"loc":{"start":{"line":10,"column":21},"end":{"line":12,"column":9}},"line":10},"3":{"name":"(anonymous_3)","decl":{"start":{"line":13,"column":1},"end":{"line":13,"column":2}},"loc":{"start":{"line":13,"column":19},"end":{"line":15,"column":9}},"line":13},"4":{"name":"(anonymous_4)","decl":{"start":{"line":16,"column":1},"end":{"line":16,"column":2}},"loc":{"start":{"line":16,"column":10},"end":{"line":18,"column":9}},"line":16}},"branchMap":{"0":{"loc":{"start":{"line":3,"column":13},"end":{"line":3,"column":43}},"type":"default-arg","locations":[{"start":{"line":3,"column":22},"end":{"line":3,"column":43}}],"line":3},"1":{"loc":{"start":{"line":21,"column":0},"end":{"line":21,"column":64}},"type":"if","locations":[{"start":{"line":21,"column":0},"end":{"line":21,"column":64}},{"start":{"line":21,"column":0},"end":{"line":21,"column":64}}],"line":21}},"s":{"0":2,"1":2,"2":0,"3":4,"4":1,"5":2,"6":1,"7":1},"f":{"0":2,"1":0,"2":4,"3":1,"4":2},"b":{"0":[1],"1":[1,0]},"_coverageSchema":"1a1c01bbd47fc00a2c39e90264f33305004495a9","hash":"6b411f138e6676d5bd8e7595b7395abe39065047"},"/mnt/d/project/trunk/jjj/rmi/src/test/js/testclasses/ArrayWrapper.js":{"path":"/mnt/d/project/trunk/jjj/rmi/src/test/js/testclasses/ArrayWrapper.js","statementMap":{"0":{"start":{"line":2,"column":15},"end":{"line":2,"column":34}},"1":{"start":{"line":5,"column":12},"end":{"line":5,"column":26}},"2":{"start":{"line":8,"column":12},"end":{"line":8,"column":25}},"3":{"start":{"line":11,"column":12},"end":{"line":11,"column":61}},"4":{"start":{"line":14,"column":12},"end":{"line":14,"column":25}},"5":{"start":{"line":17,"column":12},"end":{"line":17,"column":47}},"6":{"start":{"line":18,"column":12},"end":{"line":18,"column":44}},"7":{"start":{"line":19,"column":12},"end":{"line":19,"column":94}},"8":{"start":{"line":23,"column":0},"end":{"line":23,"column":65}},"9":{"start":{"line":23,"column":35},"end":{"line":23,"column":65}}},"fnMap":{"0":{"name":"(anonymous_0)","decl":{"start":{"line":4,"column":1},"end":{"line":4,"column":2}},"loc":{"start":{"line":4,"column":15},"end":{"line":6,"column":9}},"line":4},"1":{"name":"(anonymous_1)","decl":{"start":{"line":7,"column":1},"end":{"line":7,"column":2}},"loc":{"start":{"line":7,"column":24},"end":{"line":9,"column":9}},"line":7},"2":{"name":"(anonymous_2)","decl":{"start":{"line":10,"column":1},"end":{"line":10,"column":2}},"loc":{"start":{"line":10,"column":21},"end":{"line":12,"column":9}},"line":10},"3":{"name":"(anonymous_3)","decl":{"start":{"line":13,"column":1},"end":{"line":13,"column":2}},"loc":{"start":{"line":13,"column":19},"end":{"line":15,"column":9}},"line":13},"4":{"name":"(anonymous_4)","decl":{"start":{"line":16,"column":1},"end":{"line":16,"column":2}},"loc":{"start":{"line":16,"column":10},"end":{"line":20,"column":9}},"line":16}},"branchMap":{"0":{"loc":{"start":{"line":23,"column":0},"end":{"line":23,"column":65}},"type":"if","locations":[{"start":{"line":23,"column":0},"end":{"line":23,"column":65}},{"start":{"line":23,"column":0},"end":{"line":23,"column":65}}],"line":23}},"s":{"0":1,"1":0,"2":0,"3":0,"4":0,"5":0,"6":0,"7":0,"8":1,"9":1},"f":{"0":0,"1":0,"2":0,"3":0,"4":0},"b":{"0":[1,0]},"_coverageSchema":"1a1c01bbd47fc00a2c39e90264f33305004495a9","hash":"0b86f53fc5b520263f26f7923d7cd78ca6cd4ec5"},"/mnt/d/project/trunk/jjj/rmi/src/test/js/testclasses/Alphabet.js":{"path":"/mnt/d/project/trunk/jjj/rmi/src/test/js/testclasses/Alphabet.js","statementMap":{"0":{"start":{"line":4,"column":12},"end":{"line":4,"column":33}},"1":{"start":{"line":7,"column":12},"end":{"line":7,"column":32}},"2":{"start":{"line":10,"column":12},"end":{"line":10,"column":24}},"3":{"start":{"line":13,"column":12},"end":{"line":13,"column":57}},"4":{"start":{"line":16,"column":12},"end":{"line":16,"column":24}},"5":{"start":{"line":19,"column":0},"end":{"line":19,"column":25}},"6":{"start":{"line":20,"column":0},"end":{"line":20,"column":65}},"7":{"start":{"line":21,"column":0},"end":{"line":21,"column":63}},"8":{"start":{"line":22,"column":0},"end":{"line":22,"column":69}},"9":{"start":{"line":23,"column":0},"end":{"line":23,"column":65}},"10":{"start":{"line":24,"column":0},"end":{"line":24,"column":58}},"11":{"start":{"line":24,"column":29},"end":{"line":24,"column":56}},"12":{"start":{"line":26,"column":0},"end":{"line":26,"column":61}},"13":{"start":{"line":26,"column":35},"end":{"line":26,"column":61}}},"fnMap":{"0":{"name":"(anonymous_0)","decl":{"start":{"line":3,"column":1},"end":{"line":3,"column":2}},"loc":{"start":{"line":3,"column":20},"end":{"line":5,"column":9}},"line":3},"1":{"name":"(anonymous_1)","decl":{"start":{"line":6,"column":1},"end":{"line":6,"column":2}},"loc":{"start":{"line":6,"column":12},"end":{"line":8,"column":9}},"line":6},"2":{"name":"(anonymous_2)","decl":{"start":{"line":9,"column":1},"end":{"line":9,"column":2}},"loc":{"start":{"line":9,"column":24},"end":{"line":11,"column":9}},"line":9},"3":{"name":"(anonymous_3)","decl":{"start":{"line":12,"column":1},"end":{"line":12,"column":2}},"loc":{"start":{"line":12,"column":21},"end":{"line":14,"column":9}},"line":12},"4":{"name":"(anonymous_4)","decl":{"start":{"line":15,"column":1},"end":{"line":15,"column":2}},"loc":{"start":{"line":15,"column":19},"end":{"line":17,"column":9}},"line":15},"5":{"name":"(anonymous_5)","decl":{"start":{"line":24,"column":18},"end":{"line":24,"column":19}},"loc":{"start":{"line":24,"column":28},"end":{"line":24,"column":57}},"line":24}},"branchMap":{"0":{"loc":{"start":{"line":26,"column":0},"end":{"line":26,"column":61}},"type":"if","locations":[{"start":{"line":26,"column":0},"end":{"line":26,"column":61}},{"start":{"line":26,"column":0},"end":{"line":26,"column":61}}],"line":26}},"s":{"0":4,"1":0,"2":0,"3":0,"4":0,"5":1,"6":1,"7":1,"8":1,"9":1,"10":1,"11":0,"12":1,"13":1},"f":{"0":4,"1":0,"2":0,"3":0,"4":0,"5":0},"b":{"0":[1,0]},"_coverageSchema":"1a1c01bbd47fc00a2c39e90264f33305004495a9","hash":"cfe950a4639cd1c519a48541062c6cad001c8b3c"},"/mnt/d/project/trunk/jjj/rmi/src/test/js/testclasses/InConstructor.js":{"path":"/mnt/d/project/trunk/jjj/rmi/src/test/js/testclasses/InConstructor.js","statementMap":{"0":{"start":{"line":4,"column":12},"end":{"line":4,"column":26}},"1":{"start":{"line":5,"column":12},"end":{"line":5,"column":25}},"2":{"start":{"line":6,"column":12},"end":{"line":6,"column":45}},"3":{"start":{"line":7,"column":12},"end":{"line":7,"column":45}},"4":{"start":{"line":10,"column":12},"end":{"line":10,"column":25}},"5":{"start":{"line":13,"column":12},"end":{"line":13,"column":71}},"6":{"start":{"line":16,"column":12},"end":{"line":16,"column":25}},"7":{"start":{"line":19,"column":12},"end":{"line":19,"column":31}},"8":{"start":{"line":20,"column":12},"end":{"line":20,"column":31}},"9":{"start":{"line":21,"column":12},"end":{"line":21,"column":31}},"10":{"start":{"line":25,"column":0},"end":{"line":25,"column":66}},"11":{"start":{"line":25,"column":35},"end":{"line":25,"column":66}}},"fnMap":{"0":{"name":"(anonymous_0)","decl":{"start":{"line":3,"column":1},"end":{"line":3,"column":2}},"loc":{"start":{"line":3,"column":15},"end":{"line":8,"column":9}},"line":3},"1":{"name":"(anonymous_1)","decl":{"start":{"line":9,"column":1},"end":{"line":9,"column":2}},"loc":{"start":{"line":9,"column":24},"end":{"line":11,"column":9}},"line":9},"2":{"name":"(anonymous_2)","decl":{"start":{"line":12,"column":1},"end":{"line":12,"column":2}},"loc":{"start":{"line":12,"column":21},"end":{"line":14,"column":9}},"line":12},"3":{"name":"(anonymous_3)","decl":{"start":{"line":15,"column":1},"end":{"line":15,"column":2}},"loc":{"start":{"line":15,"column":19},"end":{"line":17,"column":9}},"line":15},"4":{"name":"(anonymous_4)","decl":{"start":{"line":18,"column":1},"end":{"line":18,"column":2}},"loc":{"start":{"line":18,"column":10},"end":{"line":22,"column":9}},"line":18}},"branchMap":{"0":{"loc":{"start":{"line":25,"column":0},"end":{"line":25,"column":66}},"type":"if","locations":[{"start":{"line":25,"column":0},"end":{"line":25,"column":66}},{"start":{"line":25,"column":0},"end":{"line":25,"column":66}}],"line":25}},"s":{"0":0,"1":0,"2":0,"3":0,"4":0,"5":0,"6":0,"7":0,"8":0,"9":0,"10":1,"11":1},"f":{"0":0,"1":0,"2":0,"3":0,"4":0},"b":{"0":[1,0]},"_coverageSchema":"1a1c01bbd47fc00a2c39e90264f33305004495a9","hash":"4ebd18e05ad4bfc5045c4a8125469fe9f950e55a"}}