{"/mnt/d/project/trunk/jjj/rmi/src/test/js/TestJavaToJS.js":{"path":"/mnt/d/project/trunk/jjj/rmi/src/test/js/TestJavaToJS.js","statementMap":{"0":{"start":{"line":13,"column":22},"end":{"line":13,"column":58}},"1":{"start":{"line":14,"column":15},"end":{"line":14,"column":44}},"2":{"start":{"line":15,"column":11},"end":{"line":15,"column":24}},"3":{"start":{"line":16,"column":19},"end":{"line":16,"column":65}},"4":{"start":{"line":17,"column":20},"end":{"line":17,"column":56}},"5":{"start":{"line":21,"column":8},"end":{"line":21,"column":16}},"6":{"start":{"line":22,"column":8},"end":{"line":22,"column":25}},"7":{"start":{"line":29,"column":25},"end":{"line":29,"column":41}},"8":{"start":{"line":30,"column":8},"end":{"line":30,"column":48}},"9":{"start":{"line":31,"column":19},"end":{"line":31,"column":49}},"10":{"start":{"line":32,"column":21},"end":{"line":32,"column":54}},"11":{"start":{"line":33,"column":8},"end":{"line":33,"column":90}},"12":{"start":{"line":40,"column":25},"end":{"line":40,"column":41}},"13":{"start":{"line":41,"column":8},"end":{"line":41,"column":48}},"14":{"start":{"line":42,"column":19},"end":{"line":42,"column":51}},"15":{"start":{"line":43,"column":21},"end":{"line":43,"column":54}},"16":{"start":{"line":45,"column":8},"end":{"line":45,"column":92}},"17":{"start":{"line":46,"column":8},"end":{"line":46,"column":35}},"18":{"start":{"line":47,"column":8},"end":{"line":47,"column":35}},"19":{"start":{"line":48,"column":8},"end":{"line":48,"column":63}},"20":{"start":{"line":54,"column":25},"end":{"line":54,"column":41}},"21":{"start":{"line":55,"column":8},"end":{"line":55,"column":48}},"22":{"start":{"line":56,"column":19},"end":{"line":56,"column":55}},"23":{"start":{"line":57,"column":21},"end":{"line":57,"column":54}},"24":{"start":{"line":58,"column":8},"end":{"line":58,"column":96}},"25":{"start":{"line":59,"column":8},"end":{"line":59,"column":47}},"26":{"start":{"line":65,"column":25},"end":{"line":65,"column":41}},"27":{"start":{"line":66,"column":8},"end":{"line":66,"column":48}},"28":{"start":{"line":67,"column":19},"end":{"line":67,"column":63}},"29":{"start":{"line":68,"column":21},"end":{"line":68,"column":54}},"30":{"start":{"line":69,"column":8},"end":{"line":69,"column":104}},"31":{"start":{"line":70,"column":8},"end":{"line":70,"column":48}},"32":{"start":{"line":76,"column":25},"end":{"line":76,"column":41}},"33":{"start":{"line":77,"column":8},"end":{"line":77,"column":48}},"34":{"start":{"line":78,"column":19},"end":{"line":78,"column":52}},"35":{"start":{"line":79,"column":21},"end":{"line":79,"column":54}},"36":{"start":{"line":80,"column":8},"end":{"line":80,"column":89}},"37":{"start":{"line":81,"column":8},"end":{"line":81,"column":38}},"38":{"start":{"line":88,"column":25},"end":{"line":88,"column":41}},"39":{"start":{"line":89,"column":8},"end":{"line":89,"column":48}},"40":{"start":{"line":90,"column":19},"end":{"line":90,"column":49}},"41":{"start":{"line":91,"column":22},"end":{"line":91,"column":55}},"42":{"start":{"line":92,"column":22},"end":{"line":92,"column":55}},"43":{"start":{"line":93,"column":8},"end":{"line":93,"column":40}},"44":{"start":{"line":101,"column":25},"end":{"line":101,"column":41}},"45":{"start":{"line":102,"column":8},"end":{"line":102,"column":48}},"46":{"start":{"line":103,"column":20},"end":{"line":103,"column":53}},"47":{"start":{"line":104,"column":22},"end":{"line":104,"column":56}},"48":{"start":{"line":105,"column":20},"end":{"line":105,"column":52}},"49":{"start":{"line":106,"column":22},"end":{"line":106,"column":56}},"50":{"start":{"line":107,"column":8},"end":{"line":107,"column":40}},"51":{"start":{"line":114,"column":25},"end":{"line":114,"column":41}},"52":{"start":{"line":115,"column":8},"end":{"line":115,"column":48}},"53":{"start":{"line":116,"column":20},"end":{"line":116,"column":53}},"54":{"start":{"line":117,"column":22},"end":{"line":117,"column":56}},"55":{"start":{"line":118,"column":20},"end":{"line":118,"column":54}},"56":{"start":{"line":119,"column":22},"end":{"line":119,"column":56}},"57":{"start":{"line":120,"column":8},"end":{"line":120,"column":42}},"58":{"start":{"line":126,"column":25},"end":{"line":126,"column":41}},"59":{"start":{"line":127,"column":8},"end":{"line":127,"column":48}},"60":{"start":{"line":128,"column":19},"end":{"line":128,"column":55}},"61":{"start":{"line":129,"column":21},"end":{"line":129,"column":54}},"62":{"start":{"line":130,"column":8},"end":{"line":130,"column":55}},"63":{"start":{"line":131,"column":8},"end":{"line":131,"column":42}},"64":{"start":{"line":137,"column":25},"end":{"line":137,"column":41}},"65":{"start":{"line":138,"column":8},"end":{"line":138,"column":48}},"66":{"start":{"line":139,"column":19},"end":{"line":139,"column":58}},"67":{"start":{"line":140,"column":21},"end":{"line":140,"column":54}},"68":{"start":{"line":141,"column":8},"end":{"line":141,"column":55}},"69":{"start":{"line":142,"column":8},"end":{"line":142,"column":42}},"70":{"start":{"line":143,"column":8},"end":{"line":143,"column":38}},"71":{"start":{"line":144,"column":8},"end":{"line":144,"column":38}},"72":{"start":{"line":145,"column":8},"end":{"line":145,"column":38}},"73":{"start":{"line":152,"column":25},"end":{"line":152,"column":41}},"74":{"start":{"line":153,"column":8},"end":{"line":153,"column":48}},"75":{"start":{"line":154,"column":19},"end":{"line":154,"column":53}},"76":{"start":{"line":155,"column":21},"end":{"line":155,"column":54}},"77":{"start":{"line":156,"column":21},"end":{"line":156,"column":34}},"78":{"start":{"line":158,"column":8},"end":{"line":158,"column":97}},"79":{"start":{"line":159,"column":8},"end":{"line":159,"column":45}},"80":{"start":{"line":168,"column":25},"end":{"line":168,"column":41}},"81":{"start":{"line":169,"column":8},"end":{"line":169,"column":48}},"82":{"start":{"line":170,"column":19},"end":{"line":170,"column":52}},"83":{"start":{"line":171,"column":21},"end":{"line":171,"column":54}},"84":{"start":{"line":173,"column":8},"end":{"line":173,"column":96}},"85":{"start":{"line":174,"column":8},"end":{"line":174,"column":35}},"86":{"start":{"line":178,"column":0},"end":{"line":181,"column":1}},"87":{"start":{"line":179,"column":4},"end":{"line":179,"column":37}},"88":{"start":{"line":180,"column":4},"end":{"line":180,"column":19}},"89":{"start":{"line":183,"column":0},"end":{"line":188,"column":3}},"90":{"start":{"line":184,"column":4},"end":{"line":184,"column":29}},"91":{"start":{"line":184,"column":12},"end":{"line":184,"column":29}},"92":{"start":{"line":185,"column":15},"end":{"line":185,"column":42}},"93":{"start":{"line":186,"column":16},"end":{"line":186,"column":38}},"94":{"start":{"line":187,"column":4},"end":{"line":187,"column":39}}},"fnMap":{"0":{"name":"(anonymous_0)","decl":{"start":{"line":20,"column":4},"end":{"line":20,"column":5}},"loc":{"start":{"line":20,"column":22},"end":{"line":23,"column":5}},"line":20},"1":{"name":"(anonymous_1)","decl":{"start":{"line":28,"column":4},"end":{"line":28,"column":5}},"loc":{"start":{"line":28,"column":16},"end":{"line":34,"column":5}},"line":28},"2":{"name":"(anonymous_2)","decl":{"start":{"line":39,"column":4},"end":{"line":39,"column":5}},"loc":{"start":{"line":39,"column":18},"end":{"line":49,"column":5}},"line":39},"3":{"name":"(anonymous_3)","decl":{"start":{"line":53,"column":4},"end":{"line":53,"column":5}},"loc":{"start":{"line":53,"column":22},"end":{"line":60,"column":5}},"line":53},"4":{"name":"(anonymous_4)","decl":{"start":{"line":64,"column":4},"end":{"line":64,"column":5}},"loc":{"start":{"line":64,"column":30},"end":{"line":71,"column":5}},"line":64},"5":{"name":"(anonymous_5)","decl":{"start":{"line":75,"column":4},"end":{"line":75,"column":5}},"loc":{"start":{"line":75,"column":19},"end":{"line":82,"column":5}},"line":75},"6":{"name":"(anonymous_6)","decl":{"start":{"line":87,"column":4},"end":{"line":87,"column":5}},"loc":{"start":{"line":87,"column":16},"end":{"line":94,"column":5}},"line":87},"7":{"name":"(anonymous_7)","decl":{"start":{"line":100,"column":4},"end":{"line":100,"column":5}},"loc":{"start":{"line":100,"column":25},"end":{"line":108,"column":5}},"line":100},"8":{"name":"(anonymous_8)","decl":{"start":{"line":113,"column":4},"end":{"line":113,"column":5}},"loc":{"start":{"line":113,"column":26},"end":{"line":121,"column":5}},"line":113},"9":{"name":"(anonymous_9)","decl":{"start":{"line":125,"column":4},"end":{"line":125,"column":5}},"loc":{"start":{"line":125,"column":22},"end":{"line":132,"column":5}},"line":125},"10":{"name":"(anonymous_10)","decl":{"start":{"line":136,"column":4},"end":{"line":136,"column":5}},"loc":{"start":{"line":136,"column":25},"end":{"line":146,"column":5}},"line":136},"11":{"name":"(anonymous_11)","decl":{"start":{"line":151,"column":4},"end":{"line":151,"column":5}},"loc":{"start":{"line":151,"column":19},"end":{"line":160,"column":5}},"line":151},"12":{"name":"(anonymous_12)","decl":{"start":{"line":167,"column":4},"end":{"line":167,"column":5}},"loc":{"start":{"line":167,"column":21},"end":{"line":175,"column":5}},"line":167},"13":{"name":"(anonymous_13)","decl":{"start":{"line":183,"column":29},"end":{"line":183,"column":30}},"loc":{"start":{"line":183,"column":50},"end":{"line":188,"column":1}},"line":183}},"branchMap":{"0":{"loc":{"start":{"line":178,"column":0},"end":{"line":181,"column":1}},"type":"if","locations":[{"start":{"line":178,"column":0},"end":{"line":181,"column":1}},{"start":{"line":178,"column":0},"end":{"line":181,"column":1}}],"line":178},"1":{"loc":{"start":{"line":184,"column":4},"end":{"line":184,"column":29}},"type":"if","locations":[{"start":{"line":184,"column":4},"end":{"line":184,"column":29}},{"start":{"line":184,"column":4},"end":{"line":184,"column":29}}],"line":184}},"s":{"0":1,"1":1,"2":1,"3":1,"4":1,"5":1,"6":1,"7":1,"8":1,"9":1,"10":1,"11":1,"12":1,"13":1,"14":1,"15":1,"16":1,"17":1,"18":1,"19":1,"20":1,"21":1,"22":1,"23":1,"24":1,"25":1,"26":1,"27":1,"28":1,"29":1,"30":1,"31":1,"32":1,"33":1,"34":1,"35":1,"36":1,"37":1,"38":1,"39":1,"40":1,"41":1,"42":1,"43":1,"44":1,"45":1,"46":1,"47":1,"48":1,"49":1,"50":1,"51":1,"52":1,"53":1,"54":1,"55":1,"56":1,"57":1,"58":1,"59":1,"60":1,"61":1,"62":1,"63":1,"64":1,"65":1,"66":1,"67":1,"68":1,"69":1,"70":1,"71":1,"72":1,"73":1,"74":1,"75":1,"76":1,"77":1,"78":1,"79":1,"80":1,"81":1,"82":1,"83":1,"84":1,"85":1,"86":1,"87":0,"88":0,"89":1,"90":1,"91":0,"92":1,"93":1,"94":1},"f":{"0":1,"1":1,"2":1,"3":1,"4":1,"5":1,"6":1,"7":1,"8":1,"9":1,"10":1,"11":1,"12":1,"13":1},"b":{"0":[0,1],"1":[0,1]},"_coverageSchema":"1a1c01bbd47fc00a2c39e90264f33305004495a9","hash":"1c8195e302972177d1815bc21ce30ec60edc77fe"},"/mnt/d/project/trunk/jjj/rmi/src/test/js/Framework.js":{"path":"/mnt/d/project/trunk/jjj/rmi/src/test/js/Framework.js","statementMap":{"0":{"start":{"line":5,"column":18},"end":{"line":5,"column":27}},"1":{"start":{"line":6,"column":4},"end":{"line":10,"column":5}},"2":{"start":{"line":7,"column":19},"end":{"line":7,"column":39}},"3":{"start":{"line":8,"column":8},"end":{"line":8,"column":44}},"4":{"start":{"line":8,"column":28},"end":{"line":8,"column":42}},"5":{"start":{"line":9,"column":8},"end":{"line":9,"column":42}},"6":{"start":{"line":11,"column":4},"end":{"line":11,"column":19}},"7":{"start":{"line":16,"column":8},"end":{"line":16,"column":31}},"8":{"start":{"line":22,"column":8},"end":{"line":24,"column":9}},"9":{"start":{"line":23,"column":12},"end":{"line":23,"column":77}},"10":{"start":{"line":28,"column":8},"end":{"line":30,"column":9}},"11":{"start":{"line":29,"column":12},"end":{"line":29,"column":70}},"12":{"start":{"line":34,"column":8},"end":{"line":36,"column":9}},"13":{"start":{"line":35,"column":12},"end":{"line":35,"column":70}},"14":{"start":{"line":42,"column":8},"end":{"line":42,"column":23}},"15":{"start":{"line":43,"column":8},"end":{"line":43,"column":25}},"16":{"start":{"line":46,"column":8},"end":{"line":52,"column":9}},"17":{"start":{"line":47,"column":12},"end":{"line":47,"column":28}},"18":{"start":{"line":49,"column":12},"end":{"line":51,"column":13}},"19":{"start":{"line":50,"column":16},"end":{"line":50,"column":42}},"20":{"start":{"line":55,"column":8},"end":{"line":59,"column":9}},"21":{"start":{"line":56,"column":12},"end":{"line":56,"column":32}},"22":{"start":{"line":58,"column":12},"end":{"line":58,"column":28}},"23":{"start":{"line":62,"column":22},"end":{"line":62,"column":45}},"24":{"start":{"line":63,"column":8},"end":{"line":67,"column":9}},"25":{"start":{"line":64,"column":12},"end":{"line":64,"column":54}},"26":{"start":{"line":64,"column":45},"end":{"line":64,"column":54}},"27":{"start":{"line":65,"column":12},"end":{"line":65,"column":25}},"28":{"start":{"line":66,"column":12},"end":{"line":66,"column":32}},"29":{"start":{"line":68,"column":8},"end":{"line":68,"column":72}},"30":{"start":{"line":71,"column":8},"end":{"line":81,"column":9}},"31":{"start":{"line":72,"column":12},"end":{"line":72,"column":27}},"32":{"start":{"line":74,"column":12},"end":{"line":80,"column":13}},"33":{"start":{"line":75,"column":16},"end":{"line":75,"column":41}},"34":{"start":{"line":76,"column":16},"end":{"line":76,"column":48}},"35":{"start":{"line":77,"column":16},"end":{"line":77,"column":50}},"36":{"start":{"line":79,"column":16},"end":{"line":79,"column":26}},"37":{"start":{"line":85,"column":0},"end":{"line":88,"column":2}}},"fnMap":{"0":{"name":"getAllMethodNames","decl":{"start":{"line":4,"column":9},"end":{"line":4,"column":26}},"loc":{"start":{"line":4,"column":32},"end":{"line":12,"column":1}},"line":4},"1":{"name":"(anonymous_1)","decl":{"start":{"line":8,"column":21},"end":{"line":8,"column":22}},"loc":{"start":{"line":8,"column":28},"end":{"line":8,"column":42}},"line":8},"2":{"name":"(anonymous_2)","decl":{"start":{"line":15,"column":4},"end":{"line":15,"column":5}},"loc":{"start":{"line":15,"column":25},"end":{"line":17,"column":5}},"line":15},"3":{"name":"(anonymous_3)","decl":{"start":{"line":21,"column":4},"end":{"line":21,"column":5}},"loc":{"start":{"line":21,"column":35},"end":{"line":25,"column":5}},"line":21},"4":{"name":"(anonymous_4)","decl":{"start":{"line":27,"column":4},"end":{"line":27,"column":5}},"loc":{"start":{"line":27,"column":23},"end":{"line":31,"column":5}},"line":27},"5":{"name":"(anonymous_5)","decl":{"start":{"line":33,"column":4},"end":{"line":33,"column":5}},"loc":{"start":{"line":33,"column":24},"end":{"line":37,"column":5}},"line":33},"6":{"name":"(anonymous_6)","decl":{"start":{"line":41,"column":4},"end":{"line":41,"column":5}},"loc":{"start":{"line":41,"column":18},"end":{"line":44,"column":5}},"line":41},"7":{"name":"(anonymous_7)","decl":{"start":{"line":45,"column":4},"end":{"line":45,"column":5}},"loc":{"start":{"line":45,"column":15},"end":{"line":53,"column":5}},"line":45},"8":{"name":"(anonymous_8)","decl":{"start":{"line":54,"column":4},"end":{"line":54,"column":5}},"loc":{"start":{"line":54,"column":16},"end":{"line":60,"column":5}},"line":54},"9":{"name":"(anonymous_9)","decl":{"start":{"line":61,"column":4},"end":{"line":61,"column":5}},"loc":{"start":{"line":61,"column":15},"end":{"line":69,"column":5}},"line":61},"10":{"name":"(anonymous_10)","decl":{"start":{"line":70,"column":4},"end":{"line":70,"column":5}},"loc":{"start":{"line":70,"column":19},"end":{"line":82,"column":5}},"line":70}},"branchMap":{"0":{"loc":{"start":{"line":22,"column":8},"end":{"line":24,"column":9}},"type":"if","locations":[{"start":{"line":22,"column":8},"end":{"line":24,"column":9}},{"start":{"line":22,"column":8},"end":{"line":24,"column":9}}],"line":22},"1":{"loc":{"start":{"line":28,"column":8},"end":{"line":30,"column":9}},"type":"if","locations":[{"start":{"line":28,"column":8},"end":{"line":30,"column":9}},{"start":{"line":28,"column":8},"end":{"line":30,"column":9}}],"line":28},"2":{"loc":{"start":{"line":34,"column":8},"end":{"line":36,"column":9}},"type":"if","locations":[{"start":{"line":34,"column":8},"end":{"line":36,"column":9}},{"start":{"line":34,"column":8},"end":{"line":36,"column":9}}],"line":34},"3":{"loc":{"start":{"line":46,"column":8},"end":{"line":52,"column":9}},"type":"if","locations":[{"start":{"line":46,"column":8},"end":{"line":52,"column":9}},{"start":{"line":46,"column":8},"end":{"line":52,"column":9}}],"line":46},"4":{"loc":{"start":{"line":55,"column":8},"end":{"line":59,"column":9}},"type":"if","locations":[{"start":{"line":55,"column":8},"end":{"line":59,"column":9}},{"start":{"line":55,"column":8},"end":{"line":59,"column":9}}],"line":55},"5":{"loc":{"start":{"line":64,"column":12},"end":{"line":64,"column":54}},"type":"if","locations":[{"start":{"line":64,"column":12},"end":{"line":64,"column":54}},{"start":{"line":64,"column":12},"end":{"line":64,"column":54}}],"line":64},"6":{"loc":{"start":{"line":74,"column":12},"end":{"line":80,"column":13}},"type":"if","locations":[{"start":{"line":74,"column":12},"end":{"line":80,"column":13}},{"start":{"line":74,"column":12},"end":{"line":80,"column":13}}],"line":74}},"s":{"0":1,"1":1,"2":4,"3":4,"4":33,"5":4,"6":1,"7":0,"8":25,"9":0,"10":0,"11":0,"12":0,"13":0,"14":1,"15":1,"16":1,"17":1,"18":0,"19":0,"20":0,"21":0,"22":0,"23":1,"24":1,"25":31,"26":19,"27":12,"28":12,"29":1,"30":12,"31":12,"32":0,"33":0,"34":0,"35":0,"36":0,"37":1},"f":{"0":1,"1":33,"2":0,"3":25,"4":0,"5":0,"6":1,"7":1,"8":0,"9":1,"10":12},"b":{"0":[0,25],"1":[0,0],"2":[0,0],"3":[1,0],"4":[0,0],"5":[19,12],"6":[0,0]},"_coverageSchema":"1a1c01bbd47fc00a2c39e90264f33305004495a9","hash":"2e55bcfdc54fe7bde880778e11539ee2ea43c7bb"},"/mnt/d/project/trunk/jjj/rmi/src/main/js/translator/Translator.js":{"path":"/mnt/d/project/trunk/jjj/rmi/src/main/js/translator/Translator.js","statementMap":{"0":{"start":{"line":2,"column":25},"end":{"line":2,"column":54}},"1":{"start":{"line":3,"column":22},"end":{"line":3,"column":48}},"2":{"start":{"line":4,"column":24},"end":{"line":4,"column":52}},"3":{"start":{"line":5,"column":14},"end":{"line":5,"column":32}},"4":{"start":{"line":9,"column":8},"end":{"line":9,"column":34}},"5":{"start":{"line":10,"column":8},"end":{"line":10,"column":34}},"6":{"start":{"line":11,"column":8},"end":{"line":11,"column":37}},"7":{"start":{"line":12,"column":8},"end":{"line":12,"column":33}},"8":{"start":{"line":13,"column":8},"end":{"line":13,"column":25}},"9":{"start":{"line":14,"column":8},"end":{"line":14,"column":49}},"10":{"start":{"line":15,"column":8},"end":{"line":15,"column":53}},"11":{"start":{"line":19,"column":8},"end":{"line":19,"column":48}},"12":{"start":{"line":20,"column":8},"end":{"line":20,"column":50}},"13":{"start":{"line":23,"column":8},"end":{"line":23,"column":38}},"14":{"start":{"line":26,"column":8},"end":{"line":26,"column":46}},"15":{"start":{"line":29,"column":8},"end":{"line":29,"column":46}},"16":{"start":{"line":30,"column":8},"end":{"line":30,"column":44}},"17":{"start":{"line":33,"column":18},"end":{"line":33,"column":62}},"18":{"start":{"line":34,"column":8},"end":{"line":34,"column":39}},"19":{"start":{"line":35,"column":8},"end":{"line":35,"column":19}},"20":{"start":{"line":38,"column":8},"end":{"line":38,"column":37}},"21":{"start":{"line":39,"column":8},"end":{"line":39,"column":33}},"22":{"start":{"line":42,"column":8},"end":{"line":44,"column":9}},"23":{"start":{"line":43,"column":12},"end":{"line":43,"column":44}},"24":{"start":{"line":45,"column":8},"end":{"line":45,"column":33}},"25":{"start":{"line":48,"column":8},"end":{"line":48,"column":67}},"26":{"start":{"line":51,"column":8},"end":{"line":51,"column":67}},"27":{"start":{"line":54,"column":33},"end":{"line":54,"column":35}},"28":{"start":{"line":55,"column":8},"end":{"line":55,"column":74}},"29":{"start":{"line":55,"column":47},"end":{"line":55,"column":74}},"30":{"start":{"line":56,"column":8},"end":{"line":56,"column":34}},"31":{"start":{"line":59,"column":8},"end":{"line":59,"column":45}},"32":{"start":{"line":62,"column":8},"end":{"line":62,"column":123}},"33":{"start":{"line":62,"column":52},"end":{"line":62,"column":123}},"34":{"start":{"line":63,"column":8},"end":{"line":63,"column":45}},"35":{"start":{"line":66,"column":8},"end":{"line":66,"column":53}},"36":{"start":{"line":69,"column":8},"end":{"line":69,"column":52}},"37":{"start":{"line":72,"column":8},"end":{"line":74,"column":9}},"38":{"start":{"line":73,"column":12},"end":{"line":73,"column":42}},"39":{"start":{"line":77,"column":8},"end":{"line":77,"column":61}},"40":{"start":{"line":77,"column":48},"end":{"line":77,"column":61}},"41":{"start":{"line":79,"column":8},"end":{"line":79,"column":58}},"42":{"start":{"line":80,"column":8},"end":{"line":80,"column":20}},"43":{"start":{"line":83,"column":8},"end":{"line":83,"column":37}},"44":{"start":{"line":87,"column":0},"end":{"line":87,"column":34}},"45":{"start":{"line":88,"column":0},"end":{"line":88,"column":63}},"46":{"start":{"line":88,"column":35},"end":{"line":88,"column":63}}},"fnMap":{"0":{"name":"(anonymous_0)","decl":{"start":{"line":8,"column":4},"end":{"line":8,"column":5}},"loc":{"start":{"line":8,"column":18},"end":{"line":16,"column":5}},"line":8},"1":{"name":"(anonymous_1)","decl":{"start":{"line":18,"column":4},"end":{"line":18,"column":5}},"loc":{"start":{"line":18,"column":24},"end":{"line":21,"column":5}},"line":18},"2":{"name":"(anonymous_2)","decl":{"start":{"line":22,"column":4},"end":{"line":22,"column":5}},"loc":{"start":{"line":22,"column":27},"end":{"line":24,"column":5}},"line":22},"3":{"name":"(anonymous_3)","decl":{"start":{"line":25,"column":4},"end":{"line":25,"column":5}},"loc":{"start":{"line":25,"column":36},"end":{"line":27,"column":5}},"line":25},"4":{"name":"(anonymous_4)","decl":{"start":{"line":28,"column":4},"end":{"line":28,"column":5}},"loc":{"start":{"line":28,"column":40},"end":{"line":31,"column":5}},"line":28},"5":{"name":"(anonymous_5)","decl":{"start":{"line":32,"column":4},"end":{"line":32,"column":5}},"loc":{"start":{"line":32,"column":27},"end":{"line":36,"column":5}},"line":32},"6":{"name":"(anonymous_6)","decl":{"start":{"line":37,"column":4},"end":{"line":37,"column":5}},"loc":{"start":{"line":37,"column":12},"end":{"line":40,"column":5}},"line":37},"7":{"name":"(anonymous_7)","decl":{"start":{"line":41,"column":4},"end":{"line":41,"column":5}},"loc":{"start":{"line":41,"column":26},"end":{"line":46,"column":5}},"line":41},"8":{"name":"(anonymous_8)","decl":{"start":{"line":47,"column":4},"end":{"line":47,"column":5}},"loc":{"start":{"line":47,"column":19},"end":{"line":49,"column":5}},"line":47},"9":{"name":"(anonymous_9)","decl":{"start":{"line":50,"column":4},"end":{"line":50,"column":5}},"loc":{"start":{"line":50,"column":19},"end":{"line":52,"column":5}},"line":50},"10":{"name":"(anonymous_10)","decl":{"start":{"line":53,"column":4},"end":{"line":53,"column":5}},"loc":{"start":{"line":53,"column":28},"end":{"line":57,"column":5}},"line":53},"11":{"name":"(anonymous_11)","decl":{"start":{"line":58,"column":4},"end":{"line":58,"column":5}},"loc":{"start":{"line":58,"column":25},"end":{"line":60,"column":5}},"line":58},"12":{"name":"(anonymous_12)","decl":{"start":{"line":61,"column":4},"end":{"line":61,"column":5}},"loc":{"start":{"line":61,"column":33},"end":{"line":64,"column":5}},"line":61},"13":{"name":"(anonymous_13)","decl":{"start":{"line":65,"column":4},"end":{"line":65,"column":5}},"loc":{"start":{"line":65,"column":28},"end":{"line":67,"column":5}},"line":65},"14":{"name":"(anonymous_14)","decl":{"start":{"line":68,"column":4},"end":{"line":68,"column":5}},"loc":{"start":{"line":68,"column":30},"end":{"line":70,"column":5}},"line":68},"15":{"name":"(anonymous_15)","decl":{"start":{"line":71,"column":4},"end":{"line":71,"column":5}},"loc":{"start":{"line":71,"column":25},"end":{"line":75,"column":5}},"line":71},"16":{"name":"(anonymous_16)","decl":{"start":{"line":76,"column":4},"end":{"line":76,"column":5}},"loc":{"start":{"line":76,"column":23},"end":{"line":81,"column":5}},"line":76},"17":{"name":"(anonymous_17)","decl":{"start":{"line":82,"column":4},"end":{"line":82,"column":5}},"loc":{"start":{"line":82,"column":11},"end":{"line":84,"column":5}},"line":82}},"branchMap":{"0":{"loc":{"start":{"line":62,"column":8},"end":{"line":62,"column":123}},"type":"if","locations":[{"start":{"line":62,"column":8},"end":{"line":62,"column":123}},{"start":{"line":62,"column":8},"end":{"line":62,"column":123}}],"line":62},"1":{"loc":{"start":{"line":77,"column":8},"end":{"line":77,"column":61}},"type":"if","locations":[{"start":{"line":77,"column":8},"end":{"line":77,"column":61}},{"start":{"line":77,"column":8},"end":{"line":77,"column":61}}],"line":77},"2":{"loc":{"start":{"line":88,"column":0},"end":{"line":88,"column":63}},"type":"if","locations":[{"start":{"line":88,"column":0},"end":{"line":88,"column":63}},{"start":{"line":88,"column":0},"end":{"line":88,"column":63}}],"line":88}},"s":{"0":1,"1":1,"2":1,"3":1,"4":12,"5":12,"6":12,"7":12,"8":12,"9":12,"10":12,"11":12,"12":12,"13":0,"14":3,"15":13,"16":13,"17":0,"18":0,"19":0,"20":0,"21":0,"22":0,"23":0,"24":0,"25":15,"26":0,"27":0,"28":0,"29":0,"30":0,"31":0,"32":18,"33":0,"34":18,"35":15,"36":0,"37":0,"38":0,"39":0,"40":0,"41":0,"42":0,"43":0,"44":1,"45":1,"46":1},"f":{"0":12,"1":12,"2":0,"3":3,"4":13,"5":0,"6":0,"7":0,"8":15,"9":0,"10":0,"11":0,"12":18,"13":15,"14":0,"15":0,"16":0,"17":0},"b":{"0":[0,18],"1":[0,0],"2":[1,0]},"_coverageSchema":"1a1c01bbd47fc00a2c39e90264f33305004495a9","hash":"d4999205ffb0e64571d48a982354302992cfa9f1"},"/mnt/d/project/trunk/jjj/rmi/src/main/js/translator/TranslatorResult.js":{"path":"/mnt/d/project/trunk/jjj/rmi/src/main/js/translator/TranslatorResult.js","statementMap":{"0":{"start":{"line":2,"column":18},"end":{"line":2,"column":40}},"1":{"start":{"line":3,"column":22},"end":{"line":3,"column":56}},"2":{"start":{"line":4,"column":22},"end":{"line":4,"column":48}},"3":{"start":{"line":8,"column":8},"end":{"line":8,"column":37}},"4":{"start":{"line":11,"column":8},"end":{"line":11,"column":39}},"5":{"start":{"line":12,"column":19},"end":{"line":12,"column":21}},"6":{"start":{"line":13,"column":25},"end":{"line":13,"column":56}},"7":{"start":{"line":15,"column":8},"end":{"line":19,"column":9}},"8":{"start":{"line":16,"column":12},"end":{"line":16,"column":60}},"9":{"start":{"line":16,"column":51},"end":{"line":16,"column":60}},"10":{"start":{"line":17,"column":29},"end":{"line":17,"column":44}},"11":{"start":{"line":18,"column":12},"end":{"line":18,"column":76}},"12":{"start":{"line":20,"column":8},"end":{"line":22,"column":9}},"13":{"start":{"line":21,"column":12},"end":{"line":21,"column":32}},"14":{"start":{"line":23,"column":8},"end":{"line":25,"column":9}},"15":{"start":{"line":24,"column":12},"end":{"line":24,"column":29}},"16":{"start":{"line":26,"column":8},"end":{"line":26,"column":20}},"17":{"start":{"line":29,"column":30},"end":{"line":29,"column":61}},"18":{"start":{"line":31,"column":8},"end":{"line":31,"column":23}},"19":{"start":{"line":32,"column":8},"end":{"line":32,"column":45}},"20":{"start":{"line":33,"column":8},"end":{"line":41,"column":9}},"21":{"start":{"line":34,"column":12},"end":{"line":34,"column":63}},"22":{"start":{"line":36,"column":13},"end":{"line":41,"column":9}},"23":{"start":{"line":37,"column":12},"end":{"line":37,"column":39}},"24":{"start":{"line":40,"column":12},"end":{"line":40,"column":41}},"25":{"start":{"line":43,"column":8},"end":{"line":43,"column":46}},"26":{"start":{"line":44,"column":8},"end":{"line":44,"column":20}},"27":{"start":{"line":47,"column":30},"end":{"line":47,"column":61}},"28":{"start":{"line":48,"column":27},"end":{"line":48,"column":84}},"29":{"start":{"line":49,"column":22},"end":{"line":49,"column":44}},"30":{"start":{"line":50,"column":28},"end":{"line":50,"column":52}},"31":{"start":{"line":51,"column":8},"end":{"line":51,"column":32}},"32":{"start":{"line":52,"column":8},"end":{"line":52,"column":59}},"33":{"start":{"line":55,"column":28},"end":{"line":55,"column":59}},"34":{"start":{"line":56,"column":8},"end":{"line":56,"column":32}},"35":{"start":{"line":57,"column":8},"end":{"line":57,"column":59}},"36":{"start":{"line":58,"column":8},"end":{"line":58,"column":31}},"37":{"start":{"line":61,"column":18},"end":{"line":61,"column":49}},"38":{"start":{"line":62,"column":8},"end":{"line":62,"column":54}},"39":{"start":{"line":65,"column":8},"end":{"line":65,"column":31}},"40":{"start":{"line":68,"column":8},"end":{"line":68,"column":63}},"41":{"start":{"line":71,"column":18},"end":{"line":71,"column":40}},"42":{"start":{"line":72,"column":21},"end":{"line":72,"column":43}},"43":{"start":{"line":73,"column":8},"end":{"line":73,"column":54}},"44":{"start":{"line":76,"column":8},"end":{"line":76,"column":50}},"45":{"start":{"line":79,"column":8},"end":{"line":79,"column":61}},"46":{"start":{"line":82,"column":8},"end":{"line":82,"column":25}},"47":{"start":{"line":86,"column":0},"end":{"line":86,"column":69}},"48":{"start":{"line":86,"column":35},"end":{"line":86,"column":69}}},"fnMap":{"0":{"name":"(anonymous_0)","decl":{"start":{"line":7,"column":4},"end":{"line":7,"column":5}},"loc":{"start":{"line":7,"column":28},"end":{"line":9,"column":5}},"line":7},"1":{"name":"(anonymous_1)","decl":{"start":{"line":10,"column":4},"end":{"line":10,"column":5}},"loc":{"start":{"line":10,"column":29},"end":{"line":27,"column":5}},"line":10},"2":{"name":"(anonymous_2)","decl":{"start":{"line":28,"column":4},"end":{"line":28,"column":5}},"loc":{"start":{"line":28,"column":29},"end":{"line":45,"column":5}},"line":28},"3":{"name":"(anonymous_3)","decl":{"start":{"line":46,"column":4},"end":{"line":46,"column":5}},"loc":{"start":{"line":46,"column":26},"end":{"line":53,"column":5}},"line":46},"4":{"name":"(anonymous_4)","decl":{"start":{"line":54,"column":4},"end":{"line":54,"column":5}},"loc":{"start":{"line":54,"column":28},"end":{"line":59,"column":5}},"line":54},"5":{"name":"(anonymous_5)","decl":{"start":{"line":60,"column":4},"end":{"line":60,"column":5}},"loc":{"start":{"line":60,"column":14},"end":{"line":63,"column":5}},"line":60},"6":{"name":"(anonymous_6)","decl":{"start":{"line":64,"column":4},"end":{"line":64,"column":5}},"loc":{"start":{"line":64,"column":20},"end":{"line":66,"column":5}},"line":64},"7":{"name":"(anonymous_7)","decl":{"start":{"line":67,"column":4},"end":{"line":67,"column":5}},"loc":{"start":{"line":67,"column":21},"end":{"line":69,"column":5}},"line":67},"8":{"name":"(anonymous_8)","decl":{"start":{"line":70,"column":4},"end":{"line":70,"column":5}},"loc":{"start":{"line":70,"column":23},"end":{"line":74,"column":5}},"line":70},"9":{"name":"(anonymous_9)","decl":{"start":{"line":75,"column":4},"end":{"line":75,"column":5}},"loc":{"start":{"line":75,"column":21},"end":{"line":77,"column":5}},"line":75},"10":{"name":"(anonymous_10)","decl":{"start":{"line":78,"column":4},"end":{"line":78,"column":5}},"loc":{"start":{"line":78,"column":31},"end":{"line":80,"column":5}},"line":78},"11":{"name":"(anonymous_11)","decl":{"start":{"line":81,"column":4},"end":{"line":81,"column":5}},"loc":{"start":{"line":81,"column":12},"end":{"line":83,"column":5}},"line":81}},"branchMap":{"0":{"loc":{"start":{"line":16,"column":12},"end":{"line":16,"column":60}},"type":"if","locations":[{"start":{"line":16,"column":12},"end":{"line":16,"column":60}},{"start":{"line":16,"column":12},"end":{"line":16,"column":60}}],"line":16},"1":{"loc":{"start":{"line":33,"column":8},"end":{"line":41,"column":9}},"type":"if","locations":[{"start":{"line":33,"column":8},"end":{"line":41,"column":9}},{"start":{"line":33,"column":8},"end":{"line":41,"column":9}}],"line":33},"2":{"loc":{"start":{"line":36,"column":13},"end":{"line":41,"column":9}},"type":"if","locations":[{"start":{"line":36,"column":13},"end":{"line":41,"column":9}},{"start":{"line":36,"column":13},"end":{"line":41,"column":9}}],"line":36},"3":{"loc":{"start":{"line":36,"column":17},"end":{"line":36,"column":107}},"type":"binary-expr","locations":[{"start":{"line":36,"column":17},"end":{"line":36,"column":46}},{"start":{"line":36,"column":50},"end":{"line":36,"column":107}}],"line":36},"4":{"loc":{"start":{"line":78,"column":13},"end":{"line":78,"column":29}},"type":"default-arg","locations":[{"start":{"line":78,"column":28},"end":{"line":78,"column":29}}],"line":78},"5":{"loc":{"start":{"line":86,"column":0},"end":{"line":86,"column":69}},"type":"if","locations":[{"start":{"line":86,"column":0},"end":{"line":86,"column":69}},{"start":{"line":86,"column":0},"end":{"line":86,"column":69}}],"line":86}},"s":{"0":1,"1":1,"2":1,"3":15,"4":15,"5":15,"6":15,"7":15,"8":15,"9":1,"10":14,"11":14,"12":15,"13":14,"14":15,"15":14,"16":15,"17":0,"18":0,"19":0,"20":0,"21":0,"22":0,"23":0,"24":0,"25":0,"26":0,"27":0,"28":0,"29":0,"30":0,"31":0,"32":0,"33":0,"34":0,"35":0,"36":0,"37":15,"38":15,"39":2,"40":0,"41":0,"42":0,"43":0,"44":0,"45":0,"46":0,"47":1,"48":1},"f":{"0":15,"1":15,"2":0,"3":0,"4":0,"5":15,"6":2,"7":0,"8":0,"9":0,"10":0,"11":0},"b":{"0":[1,14],"1":[0,0],"2":[0,0],"3":[0,0],"4":[0],"5":[1,0]},"_coverageSchema":"1a1c01bbd47fc00a2c39e90264f33305004495a9","hash":"dd92cdbdcbfc97b44c67fdf99c3585c9c209d9b5"},"/mnt/d/project/trunk/jjj/rmi/src/main/js/translator/Constants.js":{"path":"/mnt/d/project/trunk/jjj/rmi/src/main/js/translator/Constants.js","statementMap":{"0":{"start":{"line":3,"column":0},"end":{"line":3,"column":27}},"1":{"start":{"line":4,"column":0},"end":{"line":4,"column":30}},"2":{"start":{"line":5,"column":0},"end":{"line":5,"column":29}},"3":{"start":{"line":6,"column":0},"end":{"line":6,"column":39}},"4":{"start":{"line":7,"column":0},"end":{"line":7,"column":31}},"5":{"start":{"line":8,"column":0},"end":{"line":8,"column":33}},"6":{"start":{"line":9,"column":0},"end":{"line":9,"column":29}},"7":{"start":{"line":10,"column":0},"end":{"line":10,"column":37}},"8":{"start":{"line":11,"column":0},"end":{"line":11,"column":31}},"9":{"start":{"line":12,"column":0},"end":{"line":12,"column":31}},"10":{"start":{"line":13,"column":0},"end":{"line":13,"column":29}},"11":{"start":{"line":14,"column":0},"end":{"line":14,"column":33}},"12":{"start":{"line":15,"column":0},"end":{"line":15,"column":35}},"13":{"start":{"line":16,"column":0},"end":{"line":16,"column":29}},"14":{"start":{"line":17,"column":0},"end":{"line":17,"column":41}},"15":{"start":{"line":18,"column":0},"end":{"line":18,"column":41}},"16":{"start":{"line":19,"column":0},"end":{"line":19,"column":43}},"17":{"start":{"line":20,"column":0},"end":{"line":20,"column":33}},"18":{"start":{"line":21,"column":0},"end":{"line":21,"column":35}},"19":{"start":{"line":22,"column":0},"end":{"line":22,"column":37}},"20":{"start":{"line":23,"column":0},"end":{"line":23,"column":37}},"21":{"start":{"line":24,"column":0},"end":{"line":24,"column":48}},"22":{"start":{"line":25,"column":0},"end":{"line":25,"column":29}},"23":{"start":{"line":27,"column":0},"end":{"line":27,"column":62}},"24":{"start":{"line":27,"column":35},"end":{"line":27,"column":62}}},"fnMap":{},"branchMap":{"0":{"loc":{"start":{"line":27,"column":0},"end":{"line":27,"column":62}},"type":"if","locations":[{"start":{"line":27,"column":0},"end":{"line":27,"column":62}},{"start":{"line":27,"column":0},"end":{"line":27,"column":62}}],"line":27}},"s":{"0":1,"1":1,"2":1,"3":1,"4":1,"5":1,"6":1,"7":1,"8":1,"9":1,"10":1,"11":1,"12":1,"13":1,"14":1,"15":1,"16":1,"17":1,"18":1,"19":1,"20":1,"21":1,"22":1,"23":1,"24":1},"f":{},"b":{"0":[1,0]},"_coverageSchema":"1a1c01bbd47fc00a2c39e90264f33305004495a9","hash":"a290cef384e023cbdc44a16903bbf2ea02400e80"},"/mnt/d/project/trunk/jjj/rmi/src/main/js/translator/Encoder.js":{"path":"/mnt/d/project/trunk/jjj/rmi/src/main/js/translator/Encoder.js","statementMap":{"0":{"start":{"line":2,"column":18},"end":{"line":2,"column":40}},"1":{"start":{"line":3,"column":25},"end":{"line":3,"column":54}},"2":{"start":{"line":4,"column":25},"end":{"line":4,"column":54}},"3":{"start":{"line":5,"column":25},"end":{"line":5,"column":54}},"4":{"start":{"line":6,"column":20},"end":{"line":6,"column":44}},"5":{"start":{"line":7,"column":20},"end":{"line":7,"column":44}},"6":{"start":{"line":11,"column":8},"end":{"line":11,"column":49}},"7":{"start":{"line":12,"column":8},"end":{"line":12,"column":29}},"8":{"start":{"line":13,"column":8},"end":{"line":13,"column":23}},"9":{"start":{"line":14,"column":8},"end":{"line":14,"column":27}},"10":{"start":{"line":16,"column":8},"end":{"line":16,"column":96}},"11":{"start":{"line":17,"column":8},"end":{"line":17,"column":49}},"12":{"start":{"line":18,"column":8},"end":{"line":18,"column":55}},"13":{"start":{"line":19,"column":8},"end":{"line":19,"column":92}},"14":{"start":{"line":20,"column":8},"end":{"line":20,"column":59}},"15":{"start":{"line":21,"column":8},"end":{"line":21,"column":22}},"16":{"start":{"line":24,"column":8},"end":{"line":29,"column":9}},"17":{"start":{"line":24,"column":21},"end":{"line":24,"column":22}},"18":{"start":{"line":25,"column":26},"end":{"line":25,"column":40}},"19":{"start":{"line":26,"column":12},"end":{"line":28,"column":13}},"20":{"start":{"line":27,"column":16},"end":{"line":27,"column":88}},"21":{"start":{"line":33,"column":8},"end":{"line":33,"column":25}},"22":{"start":{"line":39,"column":8},"end":{"line":39,"column":29}},"23":{"start":{"line":40,"column":8},"end":{"line":40,"column":23}},"24":{"start":{"line":41,"column":8},"end":{"line":41,"column":49}},"25":{"start":{"line":43,"column":8},"end":{"line":43,"column":23}},"26":{"start":{"line":44,"column":8},"end":{"line":44,"column":96}},"27":{"start":{"line":45,"column":8},"end":{"line":45,"column":112}},"28":{"start":{"line":46,"column":8},"end":{"line":46,"column":46}},"29":{"start":{"line":49,"column":8},"end":{"line":53,"column":9}},"30":{"start":{"line":50,"column":12},"end":{"line":50,"column":59}},"31":{"start":{"line":50,"column":50},"end":{"line":50,"column":59}},"32":{"start":{"line":51,"column":26},"end":{"line":51,"column":89}},"33":{"start":{"line":52,"column":12},"end":{"line":52,"column":62}},"34":{"start":{"line":54,"column":8},"end":{"line":54,"column":72}},"35":{"start":{"line":58,"column":8},"end":{"line":58,"column":25}},"36":{"start":{"line":62,"column":21},"end":{"line":62,"column":88}},"37":{"start":{"line":63,"column":8},"end":{"line":63,"column":51}},"38":{"start":{"line":66,"column":8},"end":{"line":66,"column":54}},"39":{"start":{"line":70,"column":8},"end":{"line":70,"column":59}},"40":{"start":{"line":74,"column":8},"end":{"line":74,"column":46}},"41":{"start":{"line":78,"column":8},"end":{"line":78,"column":45}},"42":{"start":{"line":85,"column":8},"end":{"line":85,"column":29}},"43":{"start":{"line":86,"column":8},"end":{"line":86,"column":49}},"44":{"start":{"line":90,"column":25},"end":{"line":90,"column":62}},"45":{"start":{"line":92,"column":8},"end":{"line":113,"column":9}},"46":{"start":{"line":93,"column":12},"end":{"line":93,"column":37}},"47":{"start":{"line":94,"column":15},"end":{"line":113,"column":9}},"48":{"start":{"line":95,"column":12},"end":{"line":95,"column":53}},"49":{"start":{"line":96,"column":15},"end":{"line":113,"column":9}},"50":{"start":{"line":97,"column":12},"end":{"line":97,"column":105}},"51":{"start":{"line":98,"column":15},"end":{"line":113,"column":9}},"52":{"start":{"line":99,"column":12},"end":{"line":99,"column":72}},"53":{"start":{"line":100,"column":15},"end":{"line":113,"column":9}},"54":{"start":{"line":101,"column":12},"end":{"line":101,"column":48}},"55":{"start":{"line":102,"column":15},"end":{"line":113,"column":9}},"56":{"start":{"line":103,"column":31},"end":{"line":103,"column":104}},"57":{"start":{"line":104,"column":26},"end":{"line":104,"column":65}},"58":{"start":{"line":105,"column":32},"end":{"line":105,"column":61}},"59":{"start":{"line":106,"column":12},"end":{"line":106,"column":53}},"60":{"start":{"line":107,"column":12},"end":{"line":107,"column":105}},"61":{"start":{"line":109,"column":32},"end":{"line":109,"column":85}},"62":{"start":{"line":110,"column":12},"end":{"line":110,"column":53}},"63":{"start":{"line":111,"column":12},"end":{"line":111,"column":35}},"64":{"start":{"line":112,"column":12},"end":{"line":112,"column":105}},"65":{"start":{"line":117,"column":0},"end":{"line":121,"column":2}}},"fnMap":{"0":{"name":"(anonymous_0)","decl":{"start":{"line":10,"column":4},"end":{"line":10,"column":5}},"loc":{"start":{"line":10,"column":42},"end":{"line":22,"column":5}},"line":10},"1":{"name":"(anonymous_1)","decl":{"start":{"line":23,"column":4},"end":{"line":23,"column":5}},"loc":{"start":{"line":23,"column":13},"end":{"line":30,"column":5}},"line":23},"2":{"name":"(anonymous_2)","decl":{"start":{"line":32,"column":4},"end":{"line":32,"column":5}},"loc":{"start":{"line":32,"column":13},"end":{"line":34,"column":5}},"line":32},"3":{"name":"(anonymous_3)","decl":{"start":{"line":38,"column":4},"end":{"line":38,"column":5}},"loc":{"start":{"line":38,"column":42},"end":{"line":47,"column":5}},"line":38},"4":{"name":"(anonymous_4)","decl":{"start":{"line":48,"column":4},"end":{"line":48,"column":5}},"loc":{"start":{"line":48,"column":13},"end":{"line":55,"column":5}},"line":48},"5":{"name":"(anonymous_5)","decl":{"start":{"line":57,"column":4},"end":{"line":57,"column":5}},"loc":{"start":{"line":57,"column":13},"end":{"line":59,"column":5}},"line":57},"6":{"name":"(anonymous_6)","decl":{"start":{"line":61,"column":4},"end":{"line":61,"column":5}},"loc":{"start":{"line":61,"column":20},"end":{"line":64,"column":5}},"line":61},"7":{"name":"(anonymous_7)","decl":{"start":{"line":65,"column":4},"end":{"line":65,"column":5}},"loc":{"start":{"line":65,"column":29},"end":{"line":67,"column":5}},"line":65},"8":{"name":"(anonymous_8)","decl":{"start":{"line":69,"column":4},"end":{"line":69,"column":5}},"loc":{"start":{"line":69,"column":24},"end":{"line":71,"column":5}},"line":69},"9":{"name":"(anonymous_9)","decl":{"start":{"line":73,"column":4},"end":{"line":73,"column":5}},"loc":{"start":{"line":73,"column":14},"end":{"line":75,"column":5}},"line":73},"10":{"name":"(anonymous_10)","decl":{"start":{"line":77,"column":4},"end":{"line":77,"column":5}},"loc":{"start":{"line":77,"column":13},"end":{"line":79,"column":5}},"line":77},"11":{"name":"(anonymous_11)","decl":{"start":{"line":84,"column":4},"end":{"line":84,"column":5}},"loc":{"start":{"line":84,"column":42},"end":{"line":88,"column":5}},"line":84},"12":{"name":"(anonymous_12)","decl":{"start":{"line":89,"column":4},"end":{"line":89,"column":5}},"loc":{"start":{"line":89,"column":13},"end":{"line":114,"column":5}},"line":89}},"branchMap":{"0":{"loc":{"start":{"line":26,"column":12},"end":{"line":28,"column":13}},"type":"if","locations":[{"start":{"line":26,"column":12},"end":{"line":28,"column":13}},{"start":{"line":26,"column":12},"end":{"line":28,"column":13}}],"line":26},"1":{"loc":{"start":{"line":45,"column":41},"end":{"line":45,"column":111}},"type":"cond-expr","locations":[{"start":{"line":45,"column":73},"end":{"line":45,"column":104}},{"start":{"line":45,"column":107},"end":{"line":45,"column":111}}],"line":45},"2":{"loc":{"start":{"line":50,"column":12},"end":{"line":50,"column":59}},"type":"if","locations":[{"start":{"line":50,"column":12},"end":{"line":50,"column":59}},{"start":{"line":50,"column":12},"end":{"line":50,"column":59}}],"line":50},"3":{"loc":{"start":{"line":92,"column":8},"end":{"line":113,"column":9}},"type":"if","locations":[{"start":{"line":92,"column":8},"end":{"line":113,"column":9}},{"start":{"line":92,"column":8},"end":{"line":113,"column":9}}],"line":92},"4":{"loc":{"start":{"line":94,"column":15},"end":{"line":113,"column":9}},"type":"if","locations":[{"start":{"line":94,"column":15},"end":{"line":113,"column":9}},{"start":{"line":94,"column":15},"end":{"line":113,"column":9}}],"line":94},"5":{"loc":{"start":{"line":94,"column":19},"end":{"line":94,"column":121}},"type":"binary-expr","locations":[{"start":{"line":94,"column":19},"end":{"line":94,"column":50}},{"start":{"line":94,"column":54},"end":{"line":94,"column":85}},{"start":{"line":94,"column":89},"end":{"line":94,"column":121}}],"line":94},"6":{"loc":{"start":{"line":96,"column":15},"end":{"line":113,"column":9}},"type":"if","locations":[{"start":{"line":96,"column":15},"end":{"line":113,"column":9}},{"start":{"line":96,"column":15},"end":{"line":113,"column":9}}],"line":96},"7":{"loc":{"start":{"line":98,"column":15},"end":{"line":113,"column":9}},"type":"if","locations":[{"start":{"line":98,"column":15},"end":{"line":113,"column":9}},{"start":{"line":98,"column":15},"end":{"line":113,"column":9}}],"line":98},"8":{"loc":{"start":{"line":100,"column":15},"end":{"line":113,"column":9}},"type":"if","locations":[{"start":{"line":100,"column":15},"end":{"line":113,"column":9}},{"start":{"line":100,"column":15},"end":{"line":113,"column":9}}],"line":100},"9":{"loc":{"start":{"line":102,"column":15},"end":{"line":113,"column":9}},"type":"if","locations":[{"start":{"line":102,"column":15},"end":{"line":113,"column":9}},{"start":{"line":102,"column":15},"end":{"line":113,"column":9}}],"line":102}},"s":{"0":1,"1":1,"2":1,"3":1,"4":1,"5":1,"6":0,"7":0,"8":0,"9":0,"10":0,"11":0,"12":0,"13":0,"14":0,"15":0,"16":0,"17":0,"18":0,"19":0,"20":0,"21":0,"22":0,"23":0,"24":0,"25":0,"26":0,"27":0,"28":0,"29":0,"30":0,"31":0,"32":0,"33":0,"34":0,"35":0,"36":0,"37":0,"38":0,"39":0,"40":0,"41":0,"42":0,"43":0,"44":0,"45":0,"46":0,"47":0,"48":0,"49":0,"50":0,"51":0,"52":0,"53":0,"54":0,"55":0,"56":0,"57":0,"58":0,"59":0,"60":0,"61":0,"62":0,"63":0,"64":0,"65":1},"f":{"0":0,"1":0,"2":0,"3":0,"4":0,"5":0,"6":0,"7":0,"8":0,"9":0,"10":0,"11":0,"12":0},"b":{"0":[0,0],"1":[0,0],"2":[0,0],"3":[0,0],"4":[0,0],"5":[0,0,0],"6":[0,0],"7":[0,0],"8":[0,0],"9":[0,0]},"_coverageSchema":"1a1c01bbd47fc00a2c39e90264f33305004495a9","hash":"2b016d9cde8234c921f7bc4d554bd19ca10b5bb1"},"/mnt/d/project/trunk/jjj/rmi/src/main/js/translator/EncodedReference.js":{"path":"/mnt/d/project/trunk/jjj/rmi/src/main/js/translator/EncodedReference.js","statementMap":{"0":{"start":{"line":2,"column":18},"end":{"line":2,"column":40}},"1":{"start":{"line":5,"column":12},"end":{"line":5,"column":47}},"2":{"start":{"line":9,"column":0},"end":{"line":9,"column":69}},"3":{"start":{"line":9,"column":35},"end":{"line":9,"column":69}}},"fnMap":{"0":{"name":"(anonymous_0)","decl":{"start":{"line":4,"column":1},"end":{"line":4,"column":2}},"loc":{"start":{"line":4,"column":18},"end":{"line":6,"column":9}},"line":4}},"branchMap":{"0":{"loc":{"start":{"line":9,"column":0},"end":{"line":9,"column":69}},"type":"if","locations":[{"start":{"line":9,"column":0},"end":{"line":9,"column":69}},{"start":{"line":9,"column":0},"end":{"line":9,"column":69}}],"line":9}},"s":{"0":1,"1":0,"2":1,"3":1},"f":{"0":0},"b":{"0":[1,0]},"_coverageSchema":"1a1c01bbd47fc00a2c39e90264f33305004495a9","hash":"6257566960f1c9e5042676c74a41ac3376649f88"},"/mnt/d/project/trunk/jjj/rmi/src/main/js/translator/EncodedPrimitive.js":{"path":"/mnt/d/project/trunk/jjj/rmi/src/main/js/translator/EncodedPrimitive.js","statementMap":{"0":{"start":{"line":2,"column":18},"end":{"line":2,"column":40}},"1":{"start":{"line":5,"column":8},"end":{"line":5,"column":54}},"2":{"start":{"line":6,"column":8},"end":{"line":6,"column":43}},"3":{"start":{"line":10,"column":0},"end":{"line":10,"column":69}},"4":{"start":{"line":10,"column":35},"end":{"line":10,"column":69}}},"fnMap":{"0":{"name":"(anonymous_0)","decl":{"start":{"line":4,"column":4},"end":{"line":4,"column":5}},"loc":{"start":{"line":4,"column":23},"end":{"line":7,"column":5}},"line":4}},"branchMap":{"0":{"loc":{"start":{"line":10,"column":0},"end":{"line":10,"column":69}},"type":"if","locations":[{"start":{"line":10,"column":0},"end":{"line":10,"column":69}},{"start":{"line":10,"column":0},"end":{"line":10,"column":69}}],"line":10}},"s":{"0":1,"1":0,"2":0,"3":1,"4":1},"f":{"0":0},"b":{"0":[1,0]},"_coverageSchema":"1a1c01bbd47fc00a2c39e90264f33305004495a9","hash":"17a4bb65a44a2f50dd2eafe812a9c27a4b0691a5"},"/mnt/d/project/trunk/jjj/rmi/src/main/js/translator/EncodedEnum.js":{"path":"/mnt/d/project/trunk/jjj/rmi/src/main/js/translator/EncodedEnum.js","statementMap":{"0":{"start":{"line":2,"column":18},"end":{"line":2,"column":40}},"1":{"start":{"line":5,"column":8},"end":{"line":5,"column":67}},"2":{"start":{"line":6,"column":8},"end":{"line":6,"column":54}},"3":{"start":{"line":10,"column":0},"end":{"line":10,"column":64}},"4":{"start":{"line":10,"column":35},"end":{"line":10,"column":64}}},"fnMap":{"0":{"name":"(anonymous_0)","decl":{"start":{"line":4,"column":4},"end":{"line":4,"column":5}},"loc":{"start":{"line":4,"column":23},"end":{"line":7,"column":5}},"line":4}},"branchMap":{"0":{"loc":{"start":{"line":10,"column":0},"end":{"line":10,"column":64}},"type":"if","locations":[{"start":{"line":10,"column":0},"end":{"line":10,"column":64}},{"start":{"line":10,"column":0},"end":{"line":10,"column":64}}],"line":10}},"s":{"0":1,"1":0,"2":0,"3":1,"4":1},"f":{"0":0},"b":{"0":[1,0]},"_coverageSchema":"1a1c01bbd47fc00a2c39e90264f33305004495a9","hash":"1efc801fd4ef0d2161b056304373945b83baa1c6"},"/mnt/d/project/trunk/jjj/rmi/src/main/js/translator/EncodedNull.js":{"path":"/mnt/d/project/trunk/jjj/rmi/src/main/js/translator/EncodedNull.js","statementMap":{"0":{"start":{"line":2,"column":18},"end":{"line":2,"column":40}},"1":{"start":{"line":5,"column":8},"end":{"line":5,"column":56}},"2":{"start":{"line":9,"column":0},"end":{"line":9,"column":64}},"3":{"start":{"line":9,"column":35},"end":{"line":9,"column":64}}},"fnMap":{"0":{"name":"(anonymous_0)","decl":{"start":{"line":4,"column":4},"end":{"line":4,"column":5}},"loc":{"start":{"line":4,"column":18},"end":{"line":6,"column":5}},"line":4}},"branchMap":{"0":{"loc":{"start":{"line":9,"column":0},"end":{"line":9,"column":64}},"type":"if","locations":[{"start":{"line":9,"column":0},"end":{"line":9,"column":64}},{"start":{"line":9,"column":0},"end":{"line":9,"column":64}}],"line":9}},"s":{"0":1,"1":0,"2":1,"3":1},"f":{"0":0},"b":{"0":[1,0]},"_coverageSchema":"1a1c01bbd47fc00a2c39e90264f33305004495a9","hash":"e3512ec91db7314658cf3def243fa4e9a9c2c732"},"/mnt/d/project/trunk/jjj/rmi/src/main/js/translator/ObjectDecoder.js":{"path":"/mnt/d/project/trunk/jjj/rmi/src/main/js/translator/ObjectDecoder.js","statementMap":{"0":{"start":{"line":2,"column":18},"end":{"line":2,"column":40}},"1":{"start":{"line":3,"column":16},"end":{"line":3,"column":44}},"2":{"start":{"line":7,"column":8},"end":{"line":7,"column":25}},"3":{"start":{"line":8,"column":8},"end":{"line":8,"column":37}},"4":{"start":{"line":9,"column":8},"end":{"line":9,"column":49}},"5":{"start":{"line":12,"column":8},"end":{"line":20,"column":9}},"6":{"start":{"line":13,"column":12},"end":{"line":13,"column":58}},"7":{"start":{"line":16,"column":12},"end":{"line":19,"column":13}},"8":{"start":{"line":17,"column":33},"end":{"line":17,"column":115}},"9":{"start":{"line":18,"column":16},"end":{"line":18,"column":52}},"10":{"start":{"line":23,"column":8},"end":{"line":26,"column":9}},"11":{"start":{"line":24,"column":12},"end":{"line":24,"column":29}},"12":{"start":{"line":25,"column":12},"end":{"line":25,"column":19}},"13":{"start":{"line":28,"column":24},"end":{"line":28,"column":54}},"14":{"start":{"line":29,"column":8},"end":{"line":29,"column":72}},"15":{"start":{"line":30,"column":8},"end":{"line":30,"column":136}},"16":{"start":{"line":30,"column":34},"end":{"line":30,"column":136}},"17":{"start":{"line":32,"column":8},"end":{"line":38,"column":9}},"18":{"start":{"line":33,"column":31},"end":{"line":33,"column":82}},"19":{"start":{"line":34,"column":12},"end":{"line":34,"column":67}},"20":{"start":{"line":35,"column":12},"end":{"line":35,"column":55}},"21":{"start":{"line":37,"column":12},"end":{"line":37,"column":44}},"22":{"start":{"line":40,"column":8},"end":{"line":44,"column":9}},"23":{"start":{"line":41,"column":12},"end":{"line":41,"column":89}},"24":{"start":{"line":43,"column":12},"end":{"line":43,"column":85}},"25":{"start":{"line":48,"column":0},"end":{"line":48,"column":66}},"26":{"start":{"line":48,"column":35},"end":{"line":48,"column":66}}},"fnMap":{"0":{"name":"(anonymous_0)","decl":{"start":{"line":6,"column":4},"end":{"line":6,"column":5}},"loc":{"start":{"line":6,"column":52},"end":{"line":10,"column":5}},"line":6},"1":{"name":"(anonymous_1)","decl":{"start":{"line":11,"column":4},"end":{"line":11,"column":5}},"loc":{"start":{"line":11,"column":13},"end":{"line":21,"column":5}},"line":11},"2":{"name":"(anonymous_2)","decl":{"start":{"line":22,"column":4},"end":{"line":22,"column":5}},"loc":{"start":{"line":22,"column":16},"end":{"line":45,"column":5}},"line":22}},"branchMap":{"0":{"loc":{"start":{"line":12,"column":8},"end":{"line":20,"column":9}},"type":"if","locations":[{"start":{"line":12,"column":8},"end":{"line":20,"column":9}},{"start":{"line":12,"column":8},"end":{"line":20,"column":9}}],"line":12},"1":{"loc":{"start":{"line":23,"column":8},"end":{"line":26,"column":9}},"type":"if","locations":[{"start":{"line":23,"column":8},"end":{"line":26,"column":9}},{"start":{"line":23,"column":8},"end":{"line":26,"column":9}}],"line":23},"2":{"loc":{"start":{"line":30,"column":8},"end":{"line":30,"column":136}},"type":"if","locations":[{"start":{"line":30,"column":8},"end":{"line":30,"column":136}},{"start":{"line":30,"column":8},"end":{"line":30,"column":136}}],"line":30},"3":{"loc":{"start":{"line":32,"column":8},"end":{"line":38,"column":9}},"type":"if","locations":[{"start":{"line":32,"column":8},"end":{"line":38,"column":9}},{"start":{"line":32,"column":8},"end":{"line":38,"column":9}}],"line":32},"4":{"loc":{"start":{"line":40,"column":8},"end":{"line":44,"column":9}},"type":"if","locations":[{"start":{"line":40,"column":8},"end":{"line":44,"column":9}},{"start":{"line":40,"column":8},"end":{"line":44,"column":9}}],"line":40},"5":{"loc":{"start":{"line":48,"column":0},"end":{"line":48,"column":66}},"type":"if","locations":[{"start":{"line":48,"column":0},"end":{"line":48,"column":66}},{"start":{"line":48,"column":0},"end":{"line":48,"column":66}}],"line":48}},"s":{"0":1,"1":1,"2":14,"3":14,"4":14,"5":14,"6":1,"7":13,"8":34,"9":34,"10":14,"11":0,"12":0,"13":14,"14":14,"15":14,"16":0,"17":14,"18":1,"19":1,"20":1,"21":13,"22":14,"23":11,"24":3,"25":1,"26":1},"f":{"0":14,"1":14,"2":14},"b":{"0":[1,13],"1":[0,14],"2":[0,14],"3":[1,13],"4":[11,3],"5":[1,0]},"_coverageSchema":"1a1c01bbd47fc00a2c39e90264f33305004495a9","hash":"a96e3a84ff85bd65b76dd38b7a4157624b64ab2f"},"/mnt/d/project/trunk/jjj/rmi/src/main/js/translator/Decoder.js":{"path":"/mnt/d/project/trunk/jjj/rmi/src/main/js/translator/Decoder.js","statementMap":{"0":{"start":{"line":2,"column":18},"end":{"line":2,"column":40}},"1":{"start":{"line":6,"column":8},"end":{"line":6,"column":77}},"2":{"start":{"line":6,"column":27},"end":{"line":6,"column":77}},"3":{"start":{"line":7,"column":8},"end":{"line":7,"column":83}},"4":{"start":{"line":7,"column":33},"end":{"line":7,"column":83}},"5":{"start":{"line":8,"column":8},"end":{"line":8,"column":25}},"6":{"start":{"line":9,"column":8},"end":{"line":9,"column":37}},"7":{"start":{"line":12,"column":23},"end":{"line":12,"column":57}},"8":{"start":{"line":13,"column":8},"end":{"line":13,"column":64}},"9":{"start":{"line":14,"column":8},"end":{"line":14,"column":85}},"10":{"start":{"line":15,"column":8},"end":{"line":18,"column":9}},"11":{"start":{"line":15,"column":21},"end":{"line":15,"column":22}},"12":{"start":{"line":16,"column":26},"end":{"line":16,"column":76}},"13":{"start":{"line":17,"column":12},"end":{"line":17,"column":37}},"14":{"start":{"line":20,"column":8},"end":{"line":20,"column":27}},"15":{"start":{"line":26,"column":8},"end":{"line":26,"column":25}},"16":{"start":{"line":27,"column":8},"end":{"line":27,"column":37}},"17":{"start":{"line":30,"column":8},"end":{"line":47,"column":9}},"18":{"start":{"line":31,"column":12},"end":{"line":31,"column":24}},"19":{"start":{"line":33,"column":13},"end":{"line":47,"column":9}},"20":{"start":{"line":34,"column":26},"end":{"line":34,"column":59}},"21":{"start":{"line":35,"column":12},"end":{"line":35,"column":62}},"22":{"start":{"line":37,"column":13},"end":{"line":47,"column":9}},"23":{"start":{"line":38,"column":25},"end":{"line":38,"column":95}},"24":{"start":{"line":39,"column":24},"end":{"line":39,"column":55}},"25":{"start":{"line":40,"column":12},"end":{"line":40,"column":33}},"26":{"start":{"line":42,"column":13},"end":{"line":47,"column":9}},"27":{"start":{"line":43,"column":12},"end":{"line":43,"column":51}},"28":{"start":{"line":45,"column":13},"end":{"line":47,"column":9}},"29":{"start":{"line":46,"column":12},"end":{"line":46,"column":73}},"30":{"start":{"line":49,"column":8},"end":{"line":49,"column":108}},"31":{"start":{"line":53,"column":0},"end":{"line":53,"column":60}},"32":{"start":{"line":53,"column":35},"end":{"line":53,"column":60}},"33":{"start":{"line":55,"column":0},"end":{"line":58,"column":2}}},"fnMap":{"0":{"name":"(anonymous_0)","decl":{"start":{"line":5,"column":4},"end":{"line":5,"column":5}},"loc":{"start":{"line":5,"column":34},"end":{"line":10,"column":5}},"line":5},"1":{"name":"(anonymous_1)","decl":{"start":{"line":11,"column":4},"end":{"line":11,"column":5}},"loc":{"start":{"line":11,"column":13},"end":{"line":21,"column":5}},"line":11},"2":{"name":"(anonymous_2)","decl":{"start":{"line":25,"column":4},"end":{"line":25,"column":5}},"loc":{"start":{"line":25,"column":34},"end":{"line":28,"column":5}},"line":25},"3":{"name":"(anonymous_3)","decl":{"start":{"line":29,"column":4},"end":{"line":29,"column":5}},"loc":{"start":{"line":29,"column":13},"end":{"line":50,"column":5}},"line":29}},"branchMap":{"0":{"loc":{"start":{"line":6,"column":8},"end":{"line":6,"column":77}},"type":"if","locations":[{"start":{"line":6,"column":8},"end":{"line":6,"column":77}},{"start":{"line":6,"column":8},"end":{"line":6,"column":77}}],"line":6},"1":{"loc":{"start":{"line":7,"column":8},"end":{"line":7,"column":83}},"type":"if","locations":[{"start":{"line":7,"column":8},"end":{"line":7,"column":83}},{"start":{"line":7,"column":8},"end":{"line":7,"column":83}}],"line":7},"2":{"loc":{"start":{"line":30,"column":8},"end":{"line":47,"column":9}},"type":"if","locations":[{"start":{"line":30,"column":8},"end":{"line":47,"column":9}},{"start":{"line":30,"column":8},"end":{"line":47,"column":9}}],"line":30},"3":{"loc":{"start":{"line":33,"column":13},"end":{"line":47,"column":9}},"type":"if","locations":[{"start":{"line":33,"column":13},"end":{"line":47,"column":9}},{"start":{"line":33,"column":13},"end":{"line":47,"column":9}}],"line":33},"4":{"loc":{"start":{"line":37,"column":13},"end":{"line":47,"column":9}},"type":"if","locations":[{"start":{"line":37,"column":13},"end":{"line":47,"column":9}},{"start":{"line":37,"column":13},"end":{"line":47,"column":9}}],"line":37},"5":{"loc":{"start":{"line":42,"column":13},"end":{"line":47,"column":9}},"type":"if","locations":[{"start":{"line":42,"column":13},"end":{"line":47,"column":9}},{"start":{"line":42,"column":13},"end":{"line":47,"column":9}}],"line":42},"6":{"loc":{"start":{"line":45,"column":13},"end":{"line":47,"column":9}},"type":"if","locations":[{"start":{"line":45,"column":13},"end":{"line":47,"column":9}},{"start":{"line":45,"column":13},"end":{"line":47,"column":9}}],"line":45},"7":{"loc":{"start":{"line":53,"column":0},"end":{"line":53,"column":60}},"type":"if","locations":[{"start":{"line":53,"column":0},"end":{"line":53,"column":60}},{"start":{"line":53,"column":0},"end":{"line":53,"column":60}}],"line":53}},"s":{"0":1,"1":2,"2":0,"3":2,"4":0,"5":2,"6":2,"7":2,"8":2,"9":2,"10":2,"11":2,"12":3,"13":3,"14":2,"15":39,"16":39,"17":39,"18":4,"19":35,"20":3,"21":3,"22":32,"23":1,"24":1,"25":1,"26":31,"27":29,"28":2,"29":2,"30":0,"31":1,"32":1,"33":1},"f":{"0":2,"1":2,"2":39,"3":39},"b":{"0":[0,2],"1":[0,2],"2":[4,35],"3":[3,32],"4":[1,31],"5":[29,2],"6":[2,0],"7":[1,0]},"_coverageSchema":"1a1c01bbd47fc00a2c39e90264f33305004495a9","hash":"22e90f612af3de9e64eded227fa632f58c746afe"},"/mnt/d/project/trunk/jjj/rmi/src/main/js/translator/ClassRegistry.js":{"path":"/mnt/d/project/trunk/jjj/rmi/src/main/js/translator/ClassRegistry.js","statementMap":{"0":{"start":{"line":5,"column":8},"end":{"line":5,"column":34}},"1":{"start":{"line":14,"column":8},"end":{"line":14,"column":64}},"2":{"start":{"line":14,"column":32},"end":{"line":14,"column":64}},"3":{"start":{"line":18,"column":8},"end":{"line":18,"column":159}},"4":{"start":{"line":18,"column":42},"end":{"line":18,"column":159}},"5":{"start":{"line":19,"column":8},"end":{"line":19,"column":162}},"6":{"start":{"line":19,"column":53},"end":{"line":19,"column":162}},"7":{"start":{"line":21,"column":8},"end":{"line":21,"column":41}},"8":{"start":{"line":21,"column":34},"end":{"line":21,"column":41}},"9":{"start":{"line":22,"column":8},"end":{"line":22,"column":55}},"10":{"start":{"line":26,"column":8},"end":{"line":26,"column":44}},"11":{"start":{"line":30,"column":8},"end":{"line":30,"column":55}},"12":{"start":{"line":30,"column":43},"end":{"line":30,"column":55}},"13":{"start":{"line":31,"column":8},"end":{"line":31,"column":44}},"14":{"start":{"line":40,"column":8},"end":{"line":42,"column":9}},"15":{"start":{"line":41,"column":12},"end":{"line":41,"column":61}},"16":{"start":{"line":46,"column":0},"end":{"line":46,"column":31}}},"fnMap":{"0":{"name":"(anonymous_0)","decl":{"start":{"line":4,"column":4},"end":{"line":4,"column":5}},"loc":{"start":{"line":4,"column":18},"end":{"line":6,"column":5}},"line":4},"1":{"name":"(anonymous_1)","decl":{"start":{"line":13,"column":4},"end":{"line":13,"column":5}},"loc":{"start":{"line":13,"column":25},"end":{"line":15,"column":5}},"line":13},"2":{"name":"(anonymous_2)","decl":{"start":{"line":17,"column":4},"end":{"line":17,"column":5}},"loc":{"start":{"line":17,"column":26},"end":{"line":23,"column":5}},"line":17},"3":{"name":"(anonymous_3)","decl":{"start":{"line":25,"column":4},"end":{"line":25,"column":5}},"loc":{"start":{"line":25,"column":23},"end":{"line":27,"column":5}},"line":25},"4":{"name":"(anonymous_4)","decl":{"start":{"line":29,"column":4},"end":{"line":29,"column":5}},"loc":{"start":{"line":29,"column":24},"end":{"line":32,"column":5}},"line":29},"5":{"name":"(anonymous_5)","decl":{"start":{"line":39,"column":4},"end":{"line":39,"column":5}},"loc":{"start":{"line":39,"column":18},"end":{"line":43,"column":5}},"line":39}},"branchMap":{"0":{"loc":{"start":{"line":18,"column":8},"end":{"line":18,"column":159}},"type":"if","locations":[{"start":{"line":18,"column":8},"end":{"line":18,"column":159}},{"start":{"line":18,"column":8},"end":{"line":18,"column":159}}],"line":18},"1":{"loc":{"start":{"line":19,"column":8},"end":{"line":19,"column":162}},"type":"if","locations":[{"start":{"line":19,"column":8},"end":{"line":19,"column":162}},{"start":{"line":19,"column":8},"end":{"line":19,"column":162}}],"line":19},"2":{"loc":{"start":{"line":21,"column":8},"end":{"line":21,"column":41}},"type":"if","locations":[{"start":{"line":21,"column":8},"end":{"line":21,"column":41}},{"start":{"line":21,"column":8},"end":{"line":21,"column":41}}],"line":21},"3":{"loc":{"start":{"line":30,"column":8},"end":{"line":30,"column":55}},"type":"if","locations":[{"start":{"line":30,"column":8},"end":{"line":30,"column":55}},{"start":{"line":30,"column":8},"end":{"line":30,"column":55}}],"line":30}},"s":{"0":24,"1":24,"2":960,"3":480,"4":0,"5":480,"6":0,"7":480,"8":12,"9":468,"10":14,"11":16,"12":0,"13":16,"14":0,"15":0,"16":1},"f":{"0":24,"1":24,"2":480,"3":14,"4":16,"5":0},"b":{"0":[0,480],"1":[0,480],"2":[12,468],"3":[0,16]},"_coverageSchema":"1a1c01bbd47fc00a2c39e90264f33305004495a9","hash":"1dc7c7d3e5ee68ea8c1557e7745a0881b76afb73"},"/mnt/d/project/trunk/jjj/rmi/src/main/js/translator/HandlerRegistry.js":{"path":"/mnt/d/project/trunk/jjj/rmi/src/main/js/translator/HandlerRegistry.js","statementMap":{"0":{"start":{"line":2,"column":22},"end":{"line":2,"column":48}},"1":{"start":{"line":6,"column":8},"end":{"line":6,"column":16}},"2":{"start":{"line":10,"column":8},"end":{"line":10,"column":159}},"3":{"start":{"line":10,"column":42},"end":{"line":10,"column":159}},"4":{"start":{"line":11,"column":8},"end":{"line":11,"column":162}},"5":{"start":{"line":11,"column":53},"end":{"line":11,"column":162}},"6":{"start":{"line":12,"column":8},"end":{"line":12,"column":42}},"7":{"start":{"line":12,"column":35},"end":{"line":12,"column":42}},"8":{"start":{"line":13,"column":8},"end":{"line":13,"column":57}},"9":{"start":{"line":17,"column":0},"end":{"line":17,"column":33}}},"fnMap":{"0":{"name":"(anonymous_0)","decl":{"start":{"line":5,"column":4},"end":{"line":5,"column":5}},"loc":{"start":{"line":5,"column":18},"end":{"line":7,"column":5}},"line":5},"1":{"name":"(anonymous_1)","decl":{"start":{"line":9,"column":4},"end":{"line":9,"column":5}},"loc":{"start":{"line":9,"column":26},"end":{"line":14,"column":5}},"line":9}},"branchMap":{"0":{"loc":{"start":{"line":10,"column":8},"end":{"line":10,"column":159}},"type":"if","locations":[{"start":{"line":10,"column":8},"end":{"line":10,"column":159}},{"start":{"line":10,"column":8},"end":{"line":10,"column":159}}],"line":10},"1":{"loc":{"start":{"line":11,"column":8},"end":{"line":11,"column":162}},"type":"if","locations":[{"start":{"line":11,"column":8},"end":{"line":11,"column":162}},{"start":{"line":11,"column":8},"end":{"line":11,"column":162}}],"line":11},"2":{"loc":{"start":{"line":12,"column":8},"end":{"line":12,"column":42}},"type":"if","locations":[{"start":{"line":12,"column":8},"end":{"line":12,"column":42}},{"start":{"line":12,"column":8},"end":{"line":12,"column":42}}],"line":12}},"s":{"0":1,"1":12,"2":480,"3":0,"4":480,"5":0,"6":480,"7":468,"8":12,"9":1},"f":{"0":12,"1":480},"b":{"0":[0,480],"1":[0,480],"2":[468,12]},"_coverageSchema":"1a1c01bbd47fc00a2c39e90264f33305004495a9","hash":"f41b85abc548a36f7ea59ad4347175a8278fe1cb"},"/mnt/d/project/trunk/jjj/rmi/src/main/js/translator/BiMap.js":{"path":"/mnt/d/project/trunk/jjj/rmi/src/main/js/translator/BiMap.js","statementMap":{"0":{"start":{"line":5,"column":8},"end":{"line":5,"column":35}},"1":{"start":{"line":6,"column":8},"end":{"line":6,"column":36}},"2":{"start":{"line":9,"column":8},"end":{"line":9,"column":35}},"3":{"start":{"line":12,"column":8},"end":{"line":12,"column":31}},"4":{"start":{"line":13,"column":8},"end":{"line":13,"column":32}},"5":{"start":{"line":16,"column":8},"end":{"line":16,"column":37}},"6":{"start":{"line":19,"column":18},"end":{"line":19,"column":41}},"7":{"start":{"line":20,"column":8},"end":{"line":20,"column":35}},"8":{"start":{"line":21,"column":8},"end":{"line":21,"column":36}},"9":{"start":{"line":24,"column":18},"end":{"line":24,"column":42}},"10":{"start":{"line":25,"column":8},"end":{"line":25,"column":35}},"11":{"start":{"line":26,"column":8},"end":{"line":26,"column":36}},"12":{"start":{"line":29,"column":8},"end":{"line":29,"column":39}},"13":{"start":{"line":32,"column":8},"end":{"line":32,"column":39}},"14":{"start":{"line":33,"column":8},"end":{"line":33,"column":40}},"15":{"start":{"line":36,"column":8},"end":{"line":36,"column":42}},"16":{"start":{"line":39,"column":8},"end":{"line":39,"column":39}},"17":{"start":{"line":42,"column":8},"end":{"line":42,"column":42}},"18":{"start":{"line":46,"column":18},"end":{"line":46,"column":37}},"19":{"start":{"line":47,"column":8},"end":{"line":47,"column":40}},"20":{"start":{"line":48,"column":8},"end":{"line":48,"column":39}},"21":{"start":{"line":49,"column":8},"end":{"line":49,"column":41}},"22":{"start":{"line":53,"column":0},"end":{"line":53,"column":23}}},"fnMap":{"0":{"name":"(anonymous_0)","decl":{"start":{"line":4,"column":4},"end":{"line":4,"column":5}},"loc":{"start":{"line":4,"column":18},"end":{"line":7,"column":5}},"line":4},"1":{"name":"(anonymous_1)","decl":{"start":{"line":8,"column":4},"end":{"line":8,"column":5}},"loc":{"start":{"line":8,"column":10},"end":{"line":10,"column":5}},"line":8},"2":{"name":"(anonymous_2)","decl":{"start":{"line":11,"column":4},"end":{"line":11,"column":5}},"loc":{"start":{"line":11,"column":12},"end":{"line":14,"column":5}},"line":11},"3":{"name":"(anonymous_3)","decl":{"start":{"line":15,"column":4},"end":{"line":15,"column":5}},"loc":{"start":{"line":15,"column":11},"end":{"line":17,"column":5}},"line":15},"4":{"name":"(anonymous_4)","decl":{"start":{"line":18,"column":4},"end":{"line":18,"column":5}},"loc":{"start":{"line":18,"column":21},"end":{"line":22,"column":5}},"line":18},"5":{"name":"(anonymous_5)","decl":{"start":{"line":23,"column":4},"end":{"line":23,"column":5}},"loc":{"start":{"line":23,"column":23},"end":{"line":27,"column":5}},"line":23},"6":{"name":"(anonymous_6)","decl":{"start":{"line":28,"column":4},"end":{"line":28,"column":5}},"loc":{"start":{"line":28,"column":13},"end":{"line":30,"column":5}},"line":28},"7":{"name":"(anonymous_7)","decl":{"start":{"line":31,"column":4},"end":{"line":31,"column":5}},"loc":{"start":{"line":31,"column":20},"end":{"line":34,"column":5}},"line":31},"8":{"name":"(anonymous_8)","decl":{"start":{"line":35,"column":4},"end":{"line":35,"column":5}},"loc":{"start":{"line":35,"column":18},"end":{"line":37,"column":5}},"line":35},"9":{"name":"(anonymous_9)","decl":{"start":{"line":38,"column":4},"end":{"line":38,"column":5}},"loc":{"start":{"line":38,"column":21},"end":{"line":40,"column":5}},"line":38},"10":{"name":"(anonymous_10)","decl":{"start":{"line":41,"column":4},"end":{"line":41,"column":5}},"loc":{"start":{"line":41,"column":25},"end":{"line":43,"column":5}},"line":41},"11":{"name":"(anonymous_11)","decl":{"start":{"line":45,"column":4},"end":{"line":45,"column":5}},"loc":{"start":{"line":45,"column":25},"end":{"line":50,"column":5}},"line":45}},"branchMap":{},"s":{"0":12,"1":12,"2":0,"3":0,"4":0,"5":0,"6":0,"7":0,"8":0,"9":0,"10":0,"11":0,"12":18,"13":16,"14":16,"15":0,"16":33,"17":0,"18":0,"19":0,"20":0,"21":0,"22":1},"f":{"0":12,"1":0,"2":0,"3":0,"4":0,"5":0,"6":18,"7":16,"8":0,"9":33,"10":0,"11":0},"b":{},"_coverageSchema":"1a1c01bbd47fc00a2c39e90264f33305004495a9","hash":"fd039d8776de69b98968f7a04cd976805fa9033f"},"/mnt/d/project/trunk/jjj/rmi/src/test/js/testclasses/SimpleConst.js":{"path":"/mnt/d/project/trunk/jjj/rmi/src/test/js/testclasses/SimpleConst.js","statementMap":{"0":{"start":{"line":2,"column":15},"end":{"line":2,"column":34}},"1":{"start":{"line":5,"column":12},"end":{"line":5,"column":26}},"2":{"start":{"line":8,"column":12},"end":{"line":8,"column":24}},"3":{"start":{"line":11,"column":12},"end":{"line":11,"column":23}},"4":{"start":{"line":12,"column":12},"end":{"line":12,"column":23}},"5":{"start":{"line":13,"column":12},"end":{"line":13,"column":39}},"6":{"start":{"line":16,"column":12},"end":{"line":16,"column":25}},"7":{"start":{"line":19,"column":12},"end":{"line":19,"column":60}},"8":{"start":{"line":22,"column":12},"end":{"line":22,"column":25}},"9":{"start":{"line":26,"column":0},"end":{"line":26,"column":64}},"10":{"start":{"line":26,"column":35},"end":{"line":26,"column":64}}},"fnMap":{"0":{"name":"(anonymous_0)","decl":{"start":{"line":4,"column":1},"end":{"line":4,"column":2}},"loc":{"start":{"line":4,"column":15},"end":{"line":6,"column":9}},"line":4},"1":{"name":"(anonymous_1)","decl":{"start":{"line":7,"column":1},"end":{"line":7,"column":2}},"loc":{"start":{"line":7,"column":24},"end":{"line":9,"column":9}},"line":7},"2":{"name":"(anonymous_2)","decl":{"start":{"line":10,"column":1},"end":{"line":10,"column":2}},"loc":{"start":{"line":10,"column":10},"end":{"line":14,"column":9}},"line":10},"3":{"name":"(anonymous_3)","decl":{"start":{"line":15,"column":1},"end":{"line":15,"column":2}},"loc":{"start":{"line":15,"column":19},"end":{"line":17,"column":9}},"line":15},"4":{"name":"(anonymous_4)","decl":{"start":{"line":18,"column":1},"end":{"line":18,"column":2}},"loc":{"start":{"line":18,"column":21},"end":{"line":20,"column":9}},"line":18},"5":{"name":"(anonymous_5)","decl":{"start":{"line":21,"column":1},"end":{"line":21,"column":2}},"loc":{"start":{"line":21,"column":22},"end":{"line":23,"column":9}},"line":21}},"branchMap":{"0":{"loc":{"start":{"line":26,"column":0},"end":{"line":26,"column":64}},"type":"if","locations":[{"start":{"line":26,"column":0},"end":{"line":26,"column":64}},{"start":{"line":26,"column":0},"end":{"line":26,"column":64}}],"line":26}},"s":{"0":1,"1":0,"2":0,"3":0,"4":0,"5":0,"6":0,"7":12,"8":24,"9":1,"10":1},"f":{"0":0,"1":0,"2":0,"3":0,"4":12,"5":24},"b":{"0":[1,0]},"_coverageSchema":"1a1c01bbd47fc00a2c39e90264f33305004495a9","hash":"2ea2e506867dec532673a0bf19d2e730db875797"},"/mnt/d/project/trunk/jjj/rmi/src/test/js/testclasses/Shapes.js":{"path":"/mnt/d/project/trunk/jjj/rmi/src/test/js/testclasses/Shapes.js","statementMap":{"0":{"start":{"line":4,"column":12},"end":{"line":4,"column":33}},"1":{"start":{"line":7,"column":12},"end":{"line":7,"column":24}},"2":{"start":{"line":10,"column":12},"end":{"line":10,"column":24}},"3":{"start":{"line":13,"column":12},"end":{"line":13,"column":32}},"4":{"start":{"line":16,"column":12},"end":{"line":16,"column":55}},"5":{"start":{"line":19,"column":12},"end":{"line":19,"column":25}},"6":{"start":{"line":22,"column":0},"end":{"line":22,"column":23}},"7":{"start":{"line":23,"column":0},"end":{"line":23,"column":61}},"8":{"start":{"line":24,"column":0},"end":{"line":24,"column":61}},"9":{"start":{"line":25,"column":0},"end":{"line":25,"column":65}},"10":{"start":{"line":26,"column":0},"end":{"line":26,"column":54}},"11":{"start":{"line":26,"column":27},"end":{"line":26,"column":52}},"12":{"start":{"line":28,"column":0},"end":{"line":28,"column":59}},"13":{"start":{"line":28,"column":35},"end":{"line":28,"column":59}}},"fnMap":{"0":{"name":"(anonymous_0)","decl":{"start":{"line":3,"column":1},"end":{"line":3,"column":2}},"loc":{"start":{"line":3,"column":20},"end":{"line":5,"column":9}},"line":3},"1":{"name":"(anonymous_1)","decl":{"start":{"line":6,"column":1},"end":{"line":6,"column":2}},"loc":{"start":{"line":6,"column":24},"end":{"line":8,"column":9}},"line":6},"2":{"name":"(anonymous_2)","decl":{"start":{"line":9,"column":1},"end":{"line":9,"column":2}},"loc":{"start":{"line":9,"column":19},"end":{"line":11,"column":9}},"line":9},"3":{"name":"(anonymous_3)","decl":{"start":{"line":12,"column":1},"end":{"line":12,"column":2}},"loc":{"start":{"line":12,"column":12},"end":{"line":14,"column":9}},"line":12},"4":{"name":"(anonymous_4)","decl":{"start":{"line":15,"column":1},"end":{"line":15,"column":2}},"loc":{"start":{"line":15,"column":21},"end":{"line":17,"column":9}},"line":15},"5":{"name":"(anonymous_5)","decl":{"start":{"line":18,"column":1},"end":{"line":18,"column":2}},"loc":{"start":{"line":18,"column":22},"end":{"line":20,"column":9}},"line":18},"6":{"name":"(anonymous_6)","decl":{"start":{"line":26,"column":16},"end":{"line":26,"column":17}},"loc":{"start":{"line":26,"column":26},"end":{"line":26,"column":53}},"line":26}},"branchMap":{"0":{"loc":{"start":{"line":28,"column":0},"end":{"line":28,"column":59}},"type":"if","locations":[{"start":{"line":28,"column":0},"end":{"line":28,"column":59}},{"start":{"line":28,"column":0},"end":{"line":28,"column":59}}],"line":28}},"s":{"0":3,"1":0,"2":0,"3":0,"4":12,"5":24,"6":1,"7":1,"8":1,"9":1,"10":1,"11":0,"12":1,"13":1},"f":{"0":3,"1":0,"2":0,"3":0,"4":12,"5":24,"6":0},"b":{"0":[1,0]},"_coverageSchema":"1a1c01bbd47fc00a2c39e90264f33305004495a9","hash":"2694a9b8149696686927471cfc4053554a98d5dc"},"/mnt/d/project/trunk/jjj/rmi/src/test/js/testclasses/Simple.js":{"path":"/mnt/d/project/trunk/jjj/rmi/src/test/js/testclasses/Simple.js","statementMap":{"0":{"start":{"line":2,"column":15},"end":{"line":2,"column":34}},"1":{"start":{"line":5,"column":12},"end":{"line":5,"column":26}},"2":{"start":{"line":8,"column":12},"end":{"line":8,"column":24}},"3":{"start":{"line":11,"column":12},"end":{"line":11,"column":23}},"4":{"start":{"line":12,"column":12},"end":{"line":12,"column":23}},"5":{"start":{"line":13,"column":12},"end":{"line":13,"column":39}},"6":{"start":{"line":16,"column":12},"end":{"line":16,"column":25}},"7":{"start":{"line":19,"column":12},"end":{"line":19,"column":55}},"8":{"start":{"line":22,"column":12},"end":{"line":22,"column":25}},"9":{"start":{"line":26,"column":0},"end":{"line":26,"column":59}},"10":{"start":{"line":26,"column":35},"end":{"line":26,"column":59}}},"fnMap":{"0":{"name":"(anonymous_0)","decl":{"start":{"line":4,"column":1},"end":{"line":4,"column":2}},"loc":{"start":{"line":4,"column":15},"end":{"line":6,"column":9}},"line":4},"1":{"name":"(anonymous_1)","decl":{"start":{"line":7,"column":1},"end":{"line":7,"column":2}},"loc":{"start":{"line":7,"column":24},"end":{"line":9,"column":9}},"line":7},"2":{"name":"(anonymous_2)","decl":{"start":{"line":10,"column":1},"end":{"line":10,"column":2}},"loc":{"start":{"line":10,"column":10},"end":{"line":14,"column":9}},"line":10},"3":{"name":"(anonymous_3)","decl":{"start":{"line":15,"column":1},"end":{"line":15,"column":2}},"loc":{"start":{"line":15,"column":19},"end":{"line":17,"column":9}},"line":15},"4":{"name":"(anonymous_4)","decl":{"start":{"line":18,"column":1},"end":{"line":18,"column":2}},"loc":{"start":{"line":18,"column":21},"end":{"line":20,"column":9}},"line":18},"5":{"name":"(anonymous_5)","decl":{"start":{"line":21,"column":1},"end":{"line":21,"column":2}},"loc":{"start":{"line":21,"column":22},"end":{"line":23,"column":9}},"line":21}},"branchMap":{"0":{"loc":{"start":{"line":26,"column":0},"end":{"line":26,"column":59}},"type":"if","locations":[{"start":{"line":26,"column":0},"end":{"line":26,"column":59}},{"start":{"line":26,"column":0},"end":{"line":26,"column":59}}],"line":26}},"s":{"0":1,"1":1,"2":1,"3":1,"4":1,"5":1,"6":0,"7":13,"8":24,"9":1,"10":1},"f":{"0":1,"1":1,"2":1,"3":0,"4":13,"5":24},"b":{"0":[1,0]},"_coverageSchema":"1a1c01bbd47fc00a2c39e90264f33305004495a9","hash":"c6e4a576b120645cc352fed76f1da5b1a25371b5"},"/mnt/d/project/trunk/jjj/rmi/src/test/js/testclasses/SelfRef.js":{"path":"/mnt/d/project/trunk/jjj/rmi/src/test/js/testclasses/SelfRef.js","statementMap":{"0":{"start":{"line":4,"column":12},"end":{"line":4,"column":26}},"1":{"start":{"line":7,"column":12},"end":{"line":7,"column":24}},"2":{"start":{"line":11,"column":12},"end":{"line":11,"column":25}},"3":{"start":{"line":14,"column":12},"end":{"line":14,"column":56}},"4":{"start":{"line":17,"column":12},"end":{"line":17,"column":25}},"5":{"start":{"line":20,"column":12},"end":{"line":20,"column":33}},"6":{"start":{"line":24,"column":0},"end":{"line":24,"column":60}},"7":{"start":{"line":24,"column":35},"end":{"line":24,"column":60}}},"fnMap":{"0":{"name":"(anonymous_0)","decl":{"start":{"line":3,"column":1},"end":{"line":3,"column":2}},"loc":{"start":{"line":3,"column":15},"end":{"line":5,"column":9}},"line":3},"1":{"name":"(anonymous_1)","decl":{"start":{"line":6,"column":1},"end":{"line":6,"column":2}},"loc":{"start":{"line":6,"column":24},"end":{"line":8,"column":9}},"line":6},"2":{"name":"(anonymous_2)","decl":{"start":{"line":9,"column":1},"end":{"line":9,"column":2}},"loc":{"start":{"line":9,"column":10},"end":{"line":9,"column":12}},"line":9},"3":{"name":"(anonymous_3)","decl":{"start":{"line":10,"column":1},"end":{"line":10,"column":2}},"loc":{"start":{"line":10,"column":19},"end":{"line":12,"column":9}},"line":10},"4":{"name":"(anonymous_4)","decl":{"start":{"line":13,"column":1},"end":{"line":13,"column":2}},"loc":{"start":{"line":13,"column":21},"end":{"line":15,"column":9}},"line":13},"5":{"name":"(anonymous_5)","decl":{"start":{"line":16,"column":1},"end":{"line":16,"column":2}},"loc":{"start":{"line":16,"column":22},"end":{"line":18,"column":9}},"line":16},"6":{"name":"(anonymous_6)","decl":{"start":{"line":19,"column":1},"end":{"line":19,"column":2}},"loc":{"start":{"line":19,"column":8},"end":{"line":21,"column":9}},"line":19}},"branchMap":{"0":{"loc":{"start":{"line":24,"column":0},"end":{"line":24,"column":60}},"type":"if","locations":[{"start":{"line":24,"column":0},"end":{"line":24,"column":60}},{"start":{"line":24,"column":0},"end":{"line":24,"column":60}
[...]
"end":{"line":5,"column":9}},"line":3},"1":{"name":"(anonymous_1)","decl":{"start":{"line":6,"column":1},"end":{"line":6,"column":2}},"loc":{"start":{"line":6,"column":24},"end":{"line":8,"column":9}},"line":6},"2":{"name":"(anonymous_2)","decl":{"start":{"line":9,"column":1},"end":{"line":9,"column":2}},"loc":{"start":{"line":9,"column":10},"end":{"line":9,"column":12}},"line":9},"3":{"name":"(anonymous_3)","decl":{"start":{"line":10,"column":1},"end":{"line":10,"column":2}},"loc":{"start":{"line":10,"column":19},"end":{"line":12,"column":9}},"line":10},"4":{"name":"(anonymous_4)","decl":{"start":{"line":13,"column":1},"end":{"line":13,"column":2}},"loc":{"start":{"line":13,"column":21},"end":{"line":15,"column":9}},"line":13},"5":{"name":"(anonymous_5)","decl":{"start":{"line":16,"column":1},"end":{"line":16,"column":2}},"loc":{"start":{"line":16,"column":22},"end":{"line":18,"column":9}},"line":16}},"branchMap":{"0":{"loc":{"start":{"line":21,"column":0},"end":{"line":21,"column":69}},"type":"if","locations":[{"start":{"line":21,"column":0},"end":{"line":21,"column":69}},{"start":{"line":21,"column":0},"end":{"line":21,"column":69}}],"line":21}},"s":{"0":0,"1":0,"2":0,"3":12,"4":24,"5":1,"6":1},"f":{"0":0,"1":0,"2":0,"3":0,"4":12,"5":24},"b":{"0":[1,0]},"_coverageSchema":"1a1c01bbd47fc00a2c39e90264f33305004495a9","hash":"ea87818a937c6f46d5ce94859d0bcee110252a6c"},"/mnt/d/project/trunk/jjj/rmi/src/test/js/testclasses/DoNotRetainExtends.js":{"path":"/mnt/d/project/trunk/jjj/rmi/src/test/js/testclasses/DoNotRetainExtends.js","statementMap":{"0":{"start":{"line":4,"column":12},"end":{"line":4,"column":26}},"1":{"start":{"line":7,"column":12},"end":{"line":7,"column":26}},"2":{"start":{"line":10,"column":12},"end":{"line":10,"column":23}},"3":{"start":{"line":13,"column":12},"end":{"line":13,"column":24}},"4":{"start":{"line":16,"column":12},"end":{"line":16,"column":23}},"5":{"start":{"line":19,"column":12},"end":{"line":19,"column":25}},"6":{"start":{"line":22,"column":12},"end":{"line":22,"column":67}},"7":{"start":{"line":25,"column":12},"end":{"line":25,"column":25}},"8":{"start":{"line":29,"column":0},"end":{"line":29,"column":71}},"9":{"start":{"line":29,"column":35},"end":{"line":29,"column":71}}},"fnMap":{"0":{"name":"(anonymous_0)","decl":{"start":{"line":3,"column":1},"end":{"line":3,"column":2}},"loc":{"start":{"line":3,"column":15},"end":{"line":5,"column":9}},"line":3},"1":{"name":"(anonymous_1)","decl":{"start":{"line":6,"column":1},"end":{"line":6,"column":2}},"loc":{"start":{"line":6,"column":8},"end":{"line":8,"column":9}},"line":6},"2":{"name":"(anonymous_2)","decl":{"start":{"line":9,"column":1},"end":{"line":9,"column":2}},"loc":{"start":{"line":9,"column":9},"end":{"line":11,"column":9}},"line":9},"3":{"name":"(anonymous_3)","decl":{"start":{"line":12,"column":1},"end":{"line":12,"column":2}},"loc":{"start":{"line":12,"column":24},"end":{"line":14,"column":9}},"line":12},"4":{"name":"(anonymous_4)","decl":{"start":{"line":15,"column":1},"end":{"line":15,"column":2}},"loc":{"start":{"line":15,"column":10},"end":{"line":17,"column":9}},"line":15},"5":{"name":"(anonymous_5)","decl":{"start":{"line":18,"column":1},"end":{"line":18,"column":2}},"loc":{"start":{"line":18,"column":19},"end":{"line":20,"column":9}},"line":18},"6":{"name":"(anonymous_6)","decl":{"start":{"line":21,"column":1},"end":{"line":21,"column":2}},"loc":{"start":{"line":21,"column":21},"end":{"line":23,"column":9}},"line":21},"7":{"name":"(anonymous_7)","decl":{"start":{"line":24,"column":1},"end":{"line":24,"column":2}},"loc":{"start":{"line":24,"column":22},"end":{"line":26,"column":9}},"line":24}},"branchMap":{"0":{"loc":{"start":{"line":29,"column":0},"end":{"line":29,"column":71}},"type":"if","locations":[{"start":{"line":29,"column":0},"end":{"line":29,"column":71}},{"start":{"line":29,"column":0},"end":{"line":29,"column":71}}],"line":29}},"s":{"0":0,"1":0,"2":0,"3":0,"4":0,"5":0,"6":12,"7":24,"8":1,"9":1},"f":{"0":0,"1":0,"2":0,"3":0,"4":0,"5":0,"6":12,"7":24},"b":{"0":[1,0]},"_coverageSchema":"1a1c01bbd47fc00a2c39e90264f33305004495a9","hash":"3025684190f0262196b82e7dafe2aeb4ca201fe9"},"/mnt/d/project/trunk/jjj/rmi/src/test/js/testclasses/DoNotRetainAnno.js":{"path":"/mnt/d/project/trunk/jjj/rmi/src/test/js/testclasses/DoNotRetainAnno.js","statementMap":{"0":{"start":{"line":4,"column":12},"end":{"line":4,"column":26}},"1":{"start":{"line":7,"column":12},"end":{"line":7,"column":26}},"2":{"start":{"line":10,"column":12},"end":{"line":10,"column":23}},"3":{"start":{"line":13,"column":12},"end":{"line":13,"column":24}},"4":{"start":{"line":16,"column":12},"end":{"line":16,"column":23}},"5":{"start":{"line":19,"column":12},"end":{"line":19,"column":25}},"6":{"start":{"line":22,"column":12},"end":{"line":22,"column":64}},"7":{"start":{"line":25,"column":12},"end":{"line":25,"column":25}},"8":{"start":{"line":29,"column":0},"end":{"line":29,"column":68}},"9":{"start":{"line":29,"column":35},"end":{"line":29,"column":68}}},"fnMap":{"0":{"name":"(anonymous_0)","decl":{"start":{"line":3,"column":1},"end":{"line":3,"column":2}},"loc":{"start":{"line":3,"column":15},"end":{"line":5,"column":9}},"line":3},"1":{"name":"(anonymous_1)","decl":{"start":{"line":6,"column":1},"end":{"line":6,"column":2}},"loc":{"start":{"line":6,"column":8},"end":{"line":8,"column":9}},"line":6},"2":{"name":"(anonymous_2)","decl":{"start":{"line":9,"column":1},"end":{"line":9,"column":2}},"loc":{"start":{"line":9,"column":9},"end":{"line":11,"column":9}},"line":9},"3":{"name":"(anonymous_3)","decl":{"start":{"line":12,"column":1},"end":{"line":12,"column":2}},"loc":{"start":{"line":12,"column":24},"end":{"line":14,"column":9}},"line":12},"4":{"name":"(anonymous_4)","decl":{"start":{"line":15,"column":1},"end":{"line":15,"column":2}},"loc":{"start":{"line":15,"column":10},"end":{"line":17,"column":9}},"line":15},"5":{"name":"(anonymous_5)","decl":{"start":{"line":18,"column":1},"end":{"line":18,"column":2}},"loc":{"start":{"line":18,"column":19},"end":{"line":20,"column":9}},"line":18},"6":{"name":"(anonymous_6)","decl":{"start":{"line":21,"column":1},"end":{"line":21,"column":2}},"loc":{"start":{"line":21,"column":21},"end":{"line":23,"column":9}},"line":21},"7":{"name":"(anonymous_7)","decl":{"start":{"line":24,"column":1},"end":{"line":24,"column":2}},"loc":{"start":{"line":24,"column":22},"end":{"line":26,"column":9}},"line":24}},"branchMap":{"0":{"loc":{"start":{"line":29,"column":0},"end":{"line":29,"column":68}},"type":"if","locations":[{"start":{"line":29,"column":0},"end":{"line":29,"column":68}},{"start":{"line":29,"column":0},"end":{"line":29,"column":68}}],"line":29}},"s":{"0":0,"1":0,"2":0,"3":0,"4":0,"5":0,"6":12,"7":24,"8":1,"9":1},"f":{"0":0,"1":0,"2":0,"3":0,"4":0,"5":0,"6":12,"7":24},"b":{"0":[1,0]},"_coverageSchema":"1a1c01bbd47fc00a2c39e90264f33305004495a9","hash":"8beb415d8b24e781de8d8d2c532085af526342c9"},"/mnt/d/project/trunk/jjj/rmi/src/test/js/testclasses/ConstInit.js":{"path":"/mnt/d/project/trunk/jjj/rmi/src/test/js/testclasses/ConstInit.js","statementMap":{"0":{"start":{"line":2,"column":15},"end":{"line":2,"column":34}},"1":{"start":{"line":5,"column":12},"end":{"line":5,"column":26}},"2":{"start":{"line":8,"column":24},"end":{"line":8,"column":37}},"3":{"start":{"line":11,"column":12},"end":{"line":11,"column":24}},"4":{"start":{"line":14,"column":12},"end":{"line":14,"column":31}},"5":{"start":{"line":15,"column":12},"end":{"line":15,"column":31}},"6":{"start":{"line":16,"column":12},"end":{"line":16,"column":35}},"7":{"start":{"line":19,"column":12},"end":{"line":19,"column":25}},"8":{"start":{"line":22,"column":12},"end":{"line":22,"column":58}},"9":{"start":{"line":25,"column":12},"end":{"line":25,"column":25}},"10":{"start":{"line":29,"column":0},"end":{"line":29,"column":62}},"11":{"start":{"line":29,"column":35},"end":{"line":29,"column":62}}},"fnMap":{"0":{"name":"(anonymous_0)","decl":{"start":{"line":4,"column":1},"end":{"line":4,"column":2}},"loc":{"start":{"line":4,"column":15},"end":{"line":9,"column":9}},"line":4},"1":{"name":"(anonymous_1)","decl":{"start":{"line":10,"column":1},"end":{"line":10,"column":2}},"loc":{"start":{"line":10,"column":24},"end":{"line":12,"column":9}},"line":10},"2":{"name":"(anonymous_2)","decl":{"start":{"line":13,"column":1},"end":{"line":13,"column":2}},"loc":{"start":{"line":13,"column":10},"end":{"line":17,"column":9}},"line":13},"3":{"name":"(anonymous_3)","decl":{"start":{"line":18,"column":1},"end":{"line":18,"column":2}},"loc":{"start":{"line":18,"column":19},"end":{"line":20,"column":9}},"line":18},"4":{"name":"(anonymous_4)","decl":{"start":{"line":21,"column":1},"end":{"line":21,"column":2}},"loc":{"start":{"line":21,"column":21},"end":{"line":23,"column":9}},"line":21},"5":{"name":"(anonymous_5)","decl":{"start":{"line":24,"column":1},"end":{"line":24,"column":2}},"loc":{"start":{"line":24,"column":22},"end":{"line":26,"column":9}},"line":24}},"branchMap":{"0":{"loc":{"start":{"line":29,"column":0},"end":{"line":29,"column":62}},"type":"if","locations":[{"start":{"line":29,"column":0},"end":{"line":29,"column":62}},{"start":{"line":29,"column":0},"end":{"line":29,"column":62}}],"line":29}},"s":{"0":1,"1":0,"2":0,"3":0,"4":0,"5":0,"6":0,"7":0,"8":12,"9":24,"10":1,"11":1},"f":{"0":0,"1":0,"2":0,"3":0,"4":12,"5":24},"b":{"0":[1,0]},"_coverageSchema":"1a1c01bbd47fc00a2c39e90264f33305004495a9","hash":"d7cd04ab646ba2bb126e20b65fd77dbcb916b70a"},"/mnt/d/project/trunk/jjj/rmi/src/test/js/testclasses/CircularRef.js":{"path":"/mnt/d/project/trunk/jjj/rmi/src/test/js/testclasses/CircularRef.js","statementMap":{"0":{"start":{"line":4,"column":12},"end":{"line":4,"column":26}},"1":{"start":{"line":5,"column":12},"end":{"line":5,"column":33}},"2":{"start":{"line":8,"column":12},"end":{"line":8,"column":25}},"3":{"start":{"line":11,"column":12},"end":{"line":11,"column":36}},"4":{"start":{"line":14,"column":12},"end":{"line":14,"column":25}},"5":{"start":{"line":17,"column":12},"end":{"line":17,"column":60}},"6":{"start":{"line":20,"column":12},"end":{"line":20,"column":25}},"7":{"start":{"line":24,"column":0},"end":{"line":24,"column":64}},"8":{"start":{"line":24,"column":35},"end":{"line":24,"column":64}}},"fnMap":{"0":{"name":"(anonymous_0)","decl":{"start":{"line":3,"column":1},"end":{"line":3,"column":2}},"loc":{"start":{"line":3,"column":45},"end":{"line":6,"column":9}},"line":3},"1":{"name":"(anonymous_1)","decl":{"start":{"line":7,"column":1},"end":{"line":7,"column":2}},"loc":{"start":{"line":7,"column":24},"end":{"line":9,"column":9}},"line":7},"2":{"name":"(anonymous_2)","decl":{"start":{"line":10,"column":1},"end":{"line":10,"column":2}},"loc":{"start":{"line":10,"column":10},"end":{"line":12,"column":9}},"line":10},"3":{"name":"(anonymous_3)","decl":{"start":{"line":13,"column":1},"end":{"line":13,"column":2}},"loc":{"start":{"line":13,"column":19},"end":{"line":15,"column":9}},"line":13},"4":{"name":"(anonymous_4)","decl":{"start":{"line":16,"column":1},"end":{"line":16,"column":2}},"loc":{"start":{"line":16,"column":21},"end":{"line":18,"column":9}},"line":16},"5":{"name":"(anonymous_5)","decl":{"start":{"line":19,"column":1},"end":{"line":19,"column":2}},"loc":{"start":{"line":19,"column":22},"end":{"line":21,"column":9}},"line":19}},"branchMap":{"0":{"loc":{"start":{"line":3,"column":13},"end":{"line":3,"column":43}},"type":"default-arg","locations":[{"start":{"line":3,"column":22},"end":{"line":3,"column":43}}],"line":3},"1":{"loc":{"start":{"line":24,"column":0},"end":{"line":24,"column":64}},"type":"if","locations":[{"start":{"line":24,"column":0},"end":{"line":24,"column":64}},{"start":{"line":24,"column":0},"end":{"line":24,"column":64}}],"line":24}},"s":{"0":4,"1":4,"2":2,"3":4,"4":0,"5":13,"6":24,"7":1,"8":1},"f":{"0":4,"1":2,"2":4,"3":0,"4":13,"5":24},"b":{"0":[2],"1":[1,0]},"_coverageSchema":"1a1c01bbd47fc00a2c39e90264f33305004495a9","hash":"ae22935dbc1cd34f659047587d8f01a4d2d16350"},"/mnt/d/project/trunk/jjj/rmi/src/test/js/testclasses/ArrayWrapper.js":{"path":"/mnt/d/project/trunk/jjj/rmi/src/test/js/testclasses/ArrayWrapper.js","statementMap":{"0":{"start":{"line":2,"column":15},"end":{"line":2,"column":34}},"1":{"start":{"line":5,"column":12},"end":{"line":5,"column":26}},"2":{"start":{"line":8,"column":12},"end":{"line":8,"column":25}},"3":{"start":{"line":11,"column":12},"end":{"line":11,"column":47}},"4":{"start":{"line":12,"column":12},"end":{"line":12,"column":44}},"5":{"start":{"line":13,"column":12},"end":{"line":13,"column":94}},"6":{"start":{"line":16,"column":12},"end":{"line":16,"column":25}},"7":{"start":{"line":19,"column":12},"end":{"line":19,"column":61}},"8":{"start":{"line":22,"column":12},"end":{"line":22,"column":25}},"9":{"start":{"line":26,"column":0},"end":{"line":26,"column":65}},"10":{"start":{"line":26,"column":35},"end":{"line":26,"column":65}}},"fnMap":{"0":{"name":"(anonymous_0)","decl":{"start":{"line":4,"column":1},"end":{"line":4,"column":2}},"loc":{"start":{"line":4,"column":15},"end":{"line":6,"column":9}},"line":4},"1":{"name":"(anonymous_1)","decl":{"start":{"line":7,"column":1},"end":{"line":7,"column":2}},"loc":{"start":{"line":7,"column":24},"end":{"line":9,"column":9}},"line":7},"2":{"name":"(anonymous_2)","decl":{"start":{"line":10,"column":1},"end":{"line":10,"column":2}},"loc":{"start":{"line":10,"column":10},"end":{"line":14,"column":9}},"line":10},"3":{"name":"(anonymous_3)","decl":{"start":{"line":15,"column":1},"end":{"line":15,"column":2}},"loc":{"start":{"line":15,"column":19},"end":{"line":17,"column":9}},"line":15},"4":{"name":"(anonymous_4)","decl":{"start":{"line":18,"column":1},"end":{"line":18,"column":2}},"loc":{"start":{"line":18,"column":21},"end":{"line":20,"column":9}},"line":18},"5":{"name":"(anonymous_5)","decl":{"start":{"line":21,"column":1},"end":{"line":21,"column":2}},"loc":{"start":{"line":21,"column":22},"end":{"line":23,"column":9}},"line":21}},"branchMap":{"0":{"loc":{"start":{"line":26,"column":0},"end":{"line":26,"column":65}},"type":"if","locations":[{"start":{"line":26,"column":0},"end":{"line":26,"column":65}},{"start":{"line":26,"column":0},"end":{"line":26,"column":65}}],"line":26}},"s":{"0":1,"1":0,"2":0,"3":0,"4":0,"5":0,"6":0,"7":12,"8":24,"9":1,"10":1},"f":{"0":0,"1":0,"2":0,"3":0,"4":12,"5":24},"b":{"0":[1,0]},"_coverageSchema":"1a1c01bbd47fc00a2c39e90264f33305004495a9","hash":"c54d5084ffcd2ff4b8b1e37db8437bb5a347bee2"},"/mnt/d/project/trunk/jjj/rmi/src/test/js/testclasses/Alphabet.js":{"path":"/mnt/d/project/trunk/jjj/rmi/src/test/js/testclasses/Alphabet.js","statementMap":{"0":{"start":{"line":4,"column":12},"end":{"line":4,"column":33}},"1":{"start":{"line":7,"column":12},"end":{"line":7,"column":24}},"2":{"start":{"line":10,"column":12},"end":{"line":10,"column":24}},"3":{"start":{"line":13,"column":12},"end":{"line":13,"column":32}},"4":{"start":{"line":16,"column":12},"end":{"line":16,"column":57}},"5":{"start":{"line":19,"column":12},"end":{"line":19,"column":25}},"6":{"start":{"line":22,"column":0},"end":{"line":22,"column":25}},"7":{"start":{"line":23,"column":0},"end":{"line":23,"column":65}},"8":{"start":{"line":24,"column":0},"end":{"line":24,"column":63}},"9":{"start":{"line":25,"column":0},"end":{"line":25,"column":69}},"10":{"start":{"line":26,"column":0},"end":{"line":26,"column":65}},"11":{"start":{"line":27,"column":0},"end":{"line":27,"column":58}},"12":{"start":{"line":27,"column":29},"end":{"line":27,"column":56}},"13":{"start":{"line":29,"column":0},"end":{"line":29,"column":61}},"14":{"start":{"line":29,"column":35},"end":{"line":29,"column":61}}},"fnMap":{"0":{"name":"(anonymous_0)","decl":{"start":{"line":3,"column":1},"end":{"line":3,"column":2}},"loc":{"start":{"line":3,"column":20},"end":{"line":5,"column":9}},"line":3},"1":{"name":"(anonymous_1)","decl":{"start":{"line":6,"column":1},"end":{"line":6,"column":2}},"loc":{"start":{"line":6,"column":24},"end":{"line":8,"column":9}},"line":6},"2":{"name":"(anonymous_2)","decl":{"start":{"line":9,"column":1},"end":{"line":9,"column":2}},"loc":{"start":{"line":9,"column":19},"end":{"line":11,"column":9}},"line":9},"3":{"name":"(anonymous_3)","decl":{"start":{"line":12,"column":1},"end":{"line":12,"column":2}},"loc":{"start":{"line":12,"column":12},"end":{"line":14,"column":9}},"line":12},"4":{"name":"(anonymous_4)","decl":{"start":{"line":15,"column":1},"end":{"line":15,"column":2}},"loc":{"start":{"line":15,"column":21},"end":{"line":17,"column":9}},"line":15},"5":{"name":"(anonymous_5)","decl":{"start":{"line":18,"column":1},"end":{"line":18,"column":2}},"loc":{"start":{"line":18,"column":22},"end":{"line":20,"column":9}},"line":18},"6":{"name":"(anonymous_6)","decl":{"start":{"line":27,"column":18},"end":{"line":27,"column":19}},"loc":{"start":{"line":27,"column":28},"end":{"line":27,"column":57}},"line":27}},"branchMap":{"0":{"loc":{"start":{"line":29,"column":0},"end":{"line":29,"column":61}},"type":"if","locations":[{"start":{"line":29,"column":0},"end":{"line":29,"column":61}},{"start":{"line":29,"column":0},"end":{"line":29,"column":61}}],"line":29}},"s":{"0":4,"1":0,"2":0,"3":0,"4":12,"5":24,"6":1,"7":1,"8":1,"9":1,"10":1,"11":1,"12":0,"13":1,"14":1},"f":{"0":4,"1":0,"2":0,"3":0,"4":12,"5":24,"6":0},"b":{"0":[1,0]},"_coverageSchema":"1a1c01bbd47fc00a2c39e90264f33305004495a9","hash":"560f164cb35390c9ceeed1c2894ed070220cb5c5"},"/mnt/d/project/trunk/jjj/rmi/src/test/js/testclasses/InConstructor.js":{"path":"/mnt/d/project/trunk/jjj/rmi/src/test/js/testclasses/InConstructor.js","statementMap":{"0":{"start":{"line":4,"column":12},"end":{"line":4,"column":26}},"1":{"start":{"line":5,"column":12},"end":{"line":5,"column":25}},"2":{"start":{"line":6,"column":12},"end":{"line":6,"column":45}},"3":{"start":{"line":7,"column":12},"end":{"line":7,"column":45}},"4":{"start":{"line":10,"column":12},"end":{"line":10,"column":25}},"5":{"start":{"line":13,"column":12},"end":{"line":13,"column":31}},"6":{"start":{"line":14,"column":12},"end":{"line":14,"column":31}},"7":{"start":{"line":15,"column":12},"end":{"line":15,"column":31}},"8":{"start":{"line":18,"column":12},"end":{"line":18,"column":25}},"9":{"start":{"line":21,"column":12},"end":{"line":21,"column":71}},"10":{"start":{"line":24,"column":12},"end":{"line":24,"column":25}},"11":{"start":{"line":28,"column":0},"end":{"line":28,"column":66}},"12":{"start":{"line":28,"column":35},"end":{"line":28,"column":66}}},"fnMap":{"0":{"name":"(anonymous_0)","decl":{"start":{"line":3,"column":1},"end":{"line":3,"column":2}},"loc":{"start":{"line":3,"column":15},"end":{"line":8,"column":9}},"line":3},"1":{"name":"(anonymous_1)","decl":{"start":{"line":9,"column":1},"end":{"line":9,"column":2}},"loc":{"start":{"line":9,"column":24},"end":{"line":11,"column":9}},"line":9},"2":{"name":"(anonymous_2)","decl":{"start":{"line":12,"column":1},"end":{"line":12,"column":2}},"loc":{"start":{"line":12,"column":10},"end":{"line":16,"column":9}},"line":12},"3":{"name":"(anonymous_3)","decl":{"start":{"line":17,"column":1},"end":{"line":17,"column":2}},"loc":{"start":{"line":17,"column":19},"end":{"line":19,"column":9}},"line":17},"4":{"name":"(anonymous_4)","decl":{"start":{"line":20,"column":1},"end":{"line":20,"column":2}},"loc":{"start":{"line":20,"column":21},"end":{"line":22,"column":9}},"line":20},"5":{"name":"(anonymous_5)","decl":{"start":{"line":23,"column":1},"end":{"line":23,"column":2}},"loc":{"start":{"line":23,"column":22},"end":{"line":25,"column":9}},"line":23}},"branchMap":{"0":{"loc":{"start":{"line":28,"column":0},"end":{"line":28,"column":66}},"type":"if","locations":[{"start":{"line":28,"column":0},"end":{"line":28,"column":66}},{"start":{"line":28,"column":0},"end":{"line":28,"column":66}}],"line":28}},"s":{"0":0,"1":0,"2":0,"3":0,"4":0,"5":0,"6":0,"7":0,"8":0,"9":12,"10":24,"11":1,"12":1},"f":{"0":0,"1":0,"2":0,"3":0,"4":12,"5":24},"b":{"0":[1,0]},"_coverageSchema":"1a1c01bbd47fc00a2c39e90264f33305004495a9","hash":"23d4e69fff1a14525bceba851c95faf15253778a"}}